22:50:03.540 [http-8080-1] ERROR 500.jsp - /WEB-INF/views/account/adminUserForm.jsp(105,5) The function size must be used with a prefix when a default namespace is not specified
org.apache.jasper.JasperException: /WEB-INF/views/account/adminUserForm.jsp(105,5) The function size must be used with a prefix when a default namespace is not specified
	at org.apache.jasper.compiler.DefaultErrorHandler.jspError(DefaultErrorHandler.java:40) ~[jasper-6.0.29.jar:6.0.29]
	at org.apache.jasper.compiler.ErrorDispatcher.dispatch(ErrorDispatcher.java:407) ~[jasper-6.0.29.jar:6.0.29]
	at org.apache.jasper.compiler.ErrorDispatcher.jspError(ErrorDispatcher.java:148) ~[jasper-6.0.29.jar:6.0.29]
	at org.apache.jasper.compiler.Validator$ValidateVisitor$1FVVisitor.visit(Validator.java:1506) ~[jasper-6.0.29.jar:6.0.29]
	at org.apache.jasper.compiler.ELNode$Function.accept(ELNode.java:129) ~[jasper-6.0.29.jar:6.0.29]
	at org.apache.jasper.compiler.ELNode$Nodes.visit(ELNode.java:200) ~[jasper-6.0.29.jar:6.0.29]
	at org.apache.jasper.compiler.ELNode$Visitor.visit(ELNode.java:242) ~[jasper-6.0.29.jar:6.0.29]
	at org.apache.jasper.compiler.ELNode$Root.accept(ELNode.java:56) ~[jasper-6.0.29.jar:6.0.29]
	at org.apache.jasper.compiler.ELNode$Nodes.visit(ELNode.java:200) ~[jasper-6.0.29.jar:6.0.29]
	at org.apache.jasper.compiler.Validator$ValidateVisitor.validateFunctions(Validator.java:1531) ~[jasper-6.0.29.jar:6.0.29]
	at org.apache.jasper.compiler.Validator$ValidateVisitor.checkXmlAttributes(Validator.java:1176) ~[jasper-6.0.29.jar:6.0.29]
	at org.apache.jasper.compiler.Validator$ValidateVisitor.visit(Validator.java:846) ~[jasper-6.0.29.jar:6.0.29]
	at org.apache.jasper.compiler.Node$CustomTag.accept(Node.java:1530) ~[jasper-6.0.29.jar:6.0.29]
	at org.apache.jasper.compiler.Node$Nodes.visit(Node.java:2361) ~[jasper-6.0.29.jar:6.0.29]
	at org.apache.jasper.compiler.Node$Visitor.visitBody(Node.java:2411) ~[jasper-6.0.29.jar:6.0.29]
	at org.apache.jasper.compiler.Validator$ValidateVisitor.visit(Validator.java:865) ~[jasper-6.0.29.jar:6.0.29]
	at org.apache.jasper.compiler.Node$CustomTag.accept(Node.java:1530) ~[jasper-6.0.29.jar:6.0.29]
	at org.apache.jasper.compiler.Node$Nodes.visit(Node.java:2361) ~[jasper-6.0.29.jar:6.0.29]
	at org.apache.jasper.compiler.Node$Visitor.visitBody(Node.java:2411) ~[jasper-6.0.29.jar:6.0.29]
	at org.apache.jasper.compiler.Node$Visitor.visit(Node.java:2417) ~[jasper-6.0.29.jar:6.0.29]
	at org.apache.jasper.compiler.Node$Root.accept(Node.java:495) ~[jasper-6.0.29.jar:6.0.29]
	at org.apache.jasper.compiler.Node$Nodes.visit(Node.java:2361) ~[jasper-6.0.29.jar:6.0.29]
	at org.apache.jasper.compiler.Validator.validateExDirectives(Validator.java:1763) ~[jasper-6.0.29.jar:6.0.29]
	at org.apache.jasper.compiler.Compiler.generateJava(Compiler.java:198) ~[jasper-6.0.29.jar:6.0.29]
	at org.apache.jasper.compiler.Compiler.compile(Compiler.java:347) ~[jasper-6.0.29.jar:6.0.29]
	at org.apache.jasper.compiler.Compiler.compile(Compiler.java:327) ~[jasper-6.0.29.jar:6.0.29]
	at org.apache.jasper.compiler.Compiler.compile(Compiler.java:314) ~[jasper-6.0.29.jar:6.0.29]
	at org.apache.jasper.JspCompilationContext.compile(JspCompilationContext.java:592) ~[jasper-6.0.29.jar:6.0.29]
	at org.apache.jasper.servlet.JspServletWrapper.service(JspServletWrapper.java:317) ~[jasper-6.0.29.jar:6.0.29]
	at org.apache.jasper.servlet.JspServlet.serviceJspFile(JspServlet.java:313) ~[jasper-6.0.29.jar:6.0.29]
	at org.apache.jasper.servlet.JspServlet.service(JspServlet.java:260) ~[jasper-6.0.29.jar:6.0.29]
	at javax.servlet.http.HttpServlet.service(HttpServlet.java:717) ~[servlet-api-6.0.29.jar:na]
	at org.apache.catalina.core.ApplicationFilterChain.internalDoFilter(ApplicationFilterChain.java:290) ~[catalina-6.0.29.jar:6.0.29]
	at org.apache.catalina.core.ApplicationFilterChain.doFilter(ApplicationFilterChain.java:206) ~[catalina-6.0.29.jar:6.0.29]
	at org.apache.catalina.core.ApplicationDispatcher.invoke(ApplicationDispatcher.java:646) ~[catalina-6.0.29.jar:6.0.29]
	at org.apache.catalina.core.ApplicationDispatcher.processRequest(ApplicationDispatcher.java:436) ~[catalina-6.0.29.jar:6.0.29]
	at org.apache.catalina.core.ApplicationDispatcher.doForward(ApplicationDispatcher.java:374) ~[catalina-6.0.29.jar:6.0.29]
	at org.apache.catalina.core.ApplicationDispatcher.forward(ApplicationDispatcher.java:302) ~[catalina-6.0.29.jar:6.0.29]
	at org.springframework.web.servlet.view.InternalResourceView.renderMergedOutputModel(InternalResourceView.java:238) ~[spring-webmvc-3.2.4.RELEASE.jar:3.2.4.RELEASE]
	at org.springframework.web.servlet.view.AbstractView.render(AbstractView.java:263) ~[spring-webmvc-3.2.4.RELEASE.jar:3.2.4.RELEASE]
	at org.springframework.web.servlet.DispatcherServlet.render(DispatcherServlet.java:1208) ~[spring-webmvc-3.2.4.RELEASE.jar:3.2.4.RELEASE]
	at org.springframework.web.servlet.DispatcherServlet.processDispatchResult(DispatcherServlet.java:992) ~[spring-webmvc-3.2.4.RELEASE.jar:3.2.4.RELEASE]
	at org.springframework.web.servlet.DispatcherServlet.doDispatch(DispatcherServlet.java:939) ~[spring-webmvc-3.2.4.RELEASE.jar:3.2.4.RELEASE]
	at org.springframework.web.servlet.DispatcherServlet.doService(DispatcherServlet.java:856) ~[spring-webmvc-3.2.4.RELEASE.jar:3.2.4.RELEASE]
	at org.springframework.web.servlet.FrameworkServlet.processRequest(FrameworkServlet.java:936) ~[spring-webmvc-3.2.4.RELEASE.jar:3.2.4.RELEASE]
	at org.springframework.web.servlet.FrameworkServlet.doGet(FrameworkServlet.java:827) ~[spring-webmvc-3.2.4.RELEASE.jar:3.2.4.RELEASE]
	at javax.servlet.http.HttpServlet.service(HttpServlet.java:617) ~[servlet-api-6.0.29.jar:na]
	at org.springframework.web.servlet.FrameworkServlet.service(FrameworkServlet.java:812) ~[spring-webmvc-3.2.4.RELEASE.jar:3.2.4.RELEASE]
	at javax.servlet.http.HttpServlet.service(HttpServlet.java:717) ~[servlet-api-6.0.29.jar:na]
	at org.apache.catalina.core.ApplicationFilterChain.internalDoFilter(ApplicationFilterChain.java:290) ~[catalina-6.0.29.jar:6.0.29]
	at org.apache.catalina.core.ApplicationFilterChain.doFilter(ApplicationFilterChain.java:206) ~[catalina-6.0.29.jar:6.0.29]
	at com.opensymphony.sitemesh.webapp.SiteMeshFilter.obtainContent(SiteMeshFilter.java:129) ~[sitemesh-2.4.2.jar:na]
	at com.opensymphony.sitemesh.webapp.SiteMeshFilter.doFilter(SiteMeshFilter.java:77) ~[sitemesh-2.4.2.jar:na]
	at org.apache.catalina.core.ApplicationFilterChain.internalDoFilter(ApplicationFilterChain.java:235) ~[catalina-6.0.29.jar:6.0.29]
	at org.apache.catalina.core.ApplicationFilterChain.doFilter(ApplicationFilterChain.java:206) ~[catalina-6.0.29.jar:6.0.29]
	at org.apache.shiro.web.servlet.ProxiedFilterChain.doFilter(ProxiedFilterChain.java:61) ~[shiro-web-1.2.2.jar:1.2.2]
	at org.apache.shiro.web.servlet.AdviceFilter.executeChain(AdviceFilter.java:108) ~[shiro-web-1.2.2.jar:1.2.2]
	at org.apache.shiro.web.servlet.AdviceFilter.doFilterInternal(AdviceFilter.java:137) ~[shiro-web-1.2.2.jar:1.2.2]
	at org.apache.shiro.web.servlet.OncePerRequestFilter.doFilter(OncePerRequestFilter.java:125) ~[shiro-web-1.2.2.jar:1.2.2]
	at org.apache.shiro.web.servlet.ProxiedFilterChain.doFilter(ProxiedFilterChain.java:66) ~[shiro-web-1.2.2.jar:1.2.2]
	at org.apache.shiro.web.servlet.AbstractShiroFilter.executeChain(AbstractShiroFilter.java:449) ~[shiro-web-1.2.2.jar:1.2.2]
	at org.apache.shiro.web.servlet.AbstractShiroFilter$1.call(AbstractShiroFilter.java:365) ~[shiro-web-1.2.2.jar:1.2.2]
	at org.apache.shiro.subject.support.SubjectCallable.doCall(SubjectCallable.java:90) ~[shiro-core-1.2.2.jar:1.2.2]
	at org.apache.shiro.subject.support.SubjectCallable.call(SubjectCallable.java:83) ~[shiro-core-1.2.2.jar:1.2.2]
	at org.apache.shiro.subject.support.DelegatingSubject.execute(DelegatingSubject.java:383) ~[shiro-core-1.2.2.jar:1.2.2]
	at org.apache.shiro.web.servlet.AbstractShiroFilter.doFilterInternal(AbstractShiroFilter.java:362) ~[shiro-web-1.2.2.jar:1.2.2]
	at org.apache.shiro.web.servlet.OncePerRequestFilter.doFilter(OncePerRequestFilter.java:125) ~[shiro-web-1.2.2.jar:1.2.2]
	at org.springframework.web.filter.DelegatingFilterProxy.invokeDelegate(DelegatingFilterProxy.java:343) ~[spring-web-3.2.4.RELEASE.jar:3.2.4.RELEASE]
	at org.springframework.web.filter.DelegatingFilterProxy.doFilter(DelegatingFilterProxy.java:260) ~[spring-web-3.2.4.RELEASE.jar:3.2.4.RELEASE]
	at org.apache.catalina.core.ApplicationFilterChain.internalDoFilter(ApplicationFilterChain.java:235) ~[catalina-6.0.29.jar:6.0.29]
	at org.apache.catalina.core.ApplicationFilterChain.doFilter(ApplicationFilterChain.java:206) ~[catalina-6.0.29.jar:6.0.29]
	at org.springframework.orm.jpa.support.OpenEntityManagerInViewFilter.doFilterInternal(OpenEntityManagerInViewFilter.java:180) ~[spring-orm-3.2.4.RELEASE.jar:3.2.4.RELEASE]
	at org.springframework.web.filter.OncePerRequestFilter.doFilter(OncePerRequestFilter.java:107) ~[spring-web-3.2.4.RELEASE.jar:3.2.4.RELEASE]
	at org.apache.catalina.core.ApplicationFilterChain.internalDoFilter(ApplicationFilterChain.java:235) ~[catalina-6.0.29.jar:6.0.29]
	at org.apache.catalina.core.ApplicationFilterChain.doFilter(ApplicationFilterChain.java:206) ~[catalina-6.0.29.jar:6.0.29]
	at org.springframework.web.filter.CharacterEncodingFilter.doFilterInternal(CharacterEncodingFilter.java:88) ~[spring-web-3.2.4.RELEASE.jar:3.2.4.RELEASE]
	at org.springframework.web.filter.OncePerRequestFilter.doFilter(OncePerRequestFilter.java:107) ~[spring-web-3.2.4.RELEASE.jar:3.2.4.RELEASE]
	at org.apache.catalina.core.ApplicationFilterChain.internalDoFilter(ApplicationFilterChain.java:235) ~[catalina-6.0.29.jar:6.0.29]
	at org.apache.catalina.core.ApplicationFilterChain.doFilter(ApplicationFilterChain.java:206) ~[catalina-6.0.29.jar:6.0.29]
	at org.apache.catalina.core.StandardWrapperValve.invoke(StandardWrapperValve.java:233) ~[catalina-6.0.29.jar:6.0.29]
	at org.apache.catalina.core.StandardContextValve.invoke(StandardContextValve.java:191) ~[catalina-6.0.29.jar:6.0.29]
	at org.apache.catalina.core.StandardHostValve.invoke(StandardHostValve.java:127) ~[catalina-6.0.29.jar:6.0.29]
	at org.apache.catalina.valves.ErrorReportValve.invoke(ErrorReportValve.java:102) [catalina-6.0.29.jar:6.0.29]
	at org.apache.catalina.core.StandardEngineValve.invoke(StandardEngineValve.java:109) [catalina-6.0.29.jar:6.0.29]
	at org.apache.catalina.connector.CoyoteAdapter.service(CoyoteAdapter.java:298) [catalina-6.0.29.jar:6.0.29]
	at org.apache.coyote.http11.Http11Processor.process(Http11Processor.java:857) [coyote-6.0.29.jar:6.0.29]
	at org.apache.coyote.http11.Http11Protocol$Http11ConnectionHandler.process(Http11Protocol.java:588) [coyote-6.0.29.jar:6.0.29]
	at org.apache.tomcat.util.net.JIoEndpoint$Worker.run(JIoEndpoint.java:489) [coyote-6.0.29.jar:6.0.29]
	at java.lang.Thread.run(Thread.java:680) [na:1.6.0_45]
22:59:28.327 [http-8080-1] ERROR 500.jsp - /WEB-INF/views/account/adminUserForm.jsp(105,5) "${step %4==0 || （step+1）== objLen} " contains invalid expression(s): javax.el.ELException: Error Parsing: ${step %4==0 || （step+1）== objLen} 
org.apache.jasper.JasperException: /WEB-INF/views/account/adminUserForm.jsp(105,5) "${step %4==0 || （step+1）== objLen} " contains invalid expression(s): javax.el.ELException: Error Parsing: ${step %4==0 || （step+1）== objLen} 
	at org.apache.jasper.compiler.DefaultErrorHandler.jspError(DefaultErrorHandler.java:40) ~[jasper-6.0.29.jar:6.0.29]
	at org.apache.jasper.compiler.ErrorDispatcher.dispatch(ErrorDispatcher.java:407) ~[jasper-6.0.29.jar:6.0.29]
	at org.apache.jasper.compiler.ErrorDispatcher.jspError(ErrorDispatcher.java:198) ~[jasper-6.0.29.jar:6.0.29]
	at org.apache.jasper.compiler.Validator$ValidateVisitor.checkXmlAttributes(Validator.java:1186) ~[jasper-6.0.29.jar:6.0.29]
	at org.apache.jasper.compiler.Validator$ValidateVisitor.visit(Validator.java:846) ~[jasper-6.0.29.jar:6.0.29]
	at org.apache.jasper.compiler.Node$CustomTag.accept(Node.java:1530) ~[jasper-6.0.29.jar:6.0.29]
	at org.apache.jasper.compiler.Node$Nodes.visit(Node.java:2361) ~[jasper-6.0.29.jar:6.0.29]
	at org.apache.jasper.compiler.Node$Visitor.visitBody(Node.java:2411) ~[jasper-6.0.29.jar:6.0.29]
	at org.apache.jasper.compiler.Validator$ValidateVisitor.visit(Validator.java:865) ~[jasper-6.0.29.jar:6.0.29]
	at org.apache.jasper.compiler.Node$CustomTag.accept(Node.java:1530) ~[jasper-6.0.29.jar:6.0.29]
	at org.apache.jasper.compiler.Node$Nodes.visit(Node.java:2361) ~[jasper-6.0.29.jar:6.0.29]
	at org.apache.jasper.compiler.Node$Visitor.visitBody(Node.java:2411) ~[jasper-6.0.29.jar:6.0.29]
	at org.apache.jasper.compiler.Node$Visitor.visit(Node.java:2417) ~[jasper-6.0.29.jar:6.0.29]
	at org.apache.jasper.compiler.Node$Root.accept(Node.java:495) ~[jasper-6.0.29.jar:6.0.29]
	at org.apache.jasper.compiler.Node$Nodes.visit(Node.java:2361) ~[jasper-6.0.29.jar:6.0.29]
	at org.apache.jasper.compiler.Validator.validateExDirectives(Validator.java:1763) ~[jasper-6.0.29.jar:6.0.29]
	at org.apache.jasper.compiler.Compiler.generateJava(Compiler.java:198) ~[jasper-6.0.29.jar:6.0.29]
	at org.apache.jasper.compiler.Compiler.compile(Compiler.java:347) ~[jasper-6.0.29.jar:6.0.29]
	at org.apache.jasper.compiler.Compiler.compile(Compiler.java:327) ~[jasper-6.0.29.jar:6.0.29]
	at org.apache.jasper.compiler.Compiler.compile(Compiler.java:314) ~[jasper-6.0.29.jar:6.0.29]
	at org.apache.jasper.JspCompilationContext.compile(JspCompilationContext.java:592) ~[jasper-6.0.29.jar:6.0.29]
	at org.apache.jasper.servlet.JspServletWrapper.service(JspServletWrapper.java:317) ~[jasper-6.0.29.jar:6.0.29]
	at org.apache.jasper.servlet.JspServlet.serviceJspFile(JspServlet.java:313) ~[jasper-6.0.29.jar:6.0.29]
	at org.apache.jasper.servlet.JspServlet.service(JspServlet.java:260) ~[jasper-6.0.29.jar:6.0.29]
	at javax.servlet.http.HttpServlet.service(HttpServlet.java:717) ~[servlet-api-6.0.29.jar:na]
	at org.apache.catalina.core.ApplicationFilterChain.internalDoFilter(ApplicationFilterChain.java:290) ~[catalina-6.0.29.jar:6.0.29]
	at org.apache.catalina.core.ApplicationFilterChain.doFilter(ApplicationFilterChain.java:206) ~[catalina-6.0.29.jar:6.0.29]
	at org.apache.catalina.core.ApplicationDispatcher.invoke(ApplicationDispatcher.java:646) ~[catalina-6.0.29.jar:6.0.29]
	at org.apache.catalina.core.ApplicationDispatcher.processRequest(ApplicationDispatcher.java:436) ~[catalina-6.0.29.jar:6.0.29]
	at org.apache.catalina.core.ApplicationDispatcher.doForward(ApplicationDispatcher.java:374) ~[catalina-6.0.29.jar:6.0.29]
	at org.apache.catalina.core.ApplicationDispatcher.forward(ApplicationDispatcher.java:302) ~[catalina-6.0.29.jar:6.0.29]
	at org.springframework.web.servlet.view.InternalResourceView.renderMergedOutputModel(InternalResourceView.java:238) ~[spring-webmvc-3.2.4.RELEASE.jar:3.2.4.RELEASE]
	at org.springframework.web.servlet.view.AbstractView.render(AbstractView.java:263) ~[spring-webmvc-3.2.4.RELEASE.jar:3.2.4.RELEASE]
	at org.springframework.web.servlet.DispatcherServlet.render(DispatcherServlet.java:1208) ~[spring-webmvc-3.2.4.RELEASE.jar:3.2.4.RELEASE]
	at org.springframework.web.servlet.DispatcherServlet.processDispatchResult(DispatcherServlet.java:992) ~[spring-webmvc-3.2.4.RELEASE.jar:3.2.4.RELEASE]
	at org.springframework.web.servlet.DispatcherServlet.doDispatch(DispatcherServlet.java:939) ~[spring-webmvc-3.2.4.RELEASE.jar:3.2.4.RELEASE]
	at org.springframework.web.servlet.DispatcherServlet.doService(DispatcherServlet.java:856) ~[spring-webmvc-3.2.4.RELEASE.jar:3.2.4.RELEASE]
	at org.springframework.web.servlet.FrameworkServlet.processRequest(FrameworkServlet.java:936) ~[spring-webmvc-3.2.4.RELEASE.jar:3.2.4.RELEASE]
	at org.springframework.web.servlet.FrameworkServlet.doGet(FrameworkServlet.java:827) ~[spring-webmvc-3.2.4.RELEASE.jar:3.2.4.RELEASE]
	at javax.servlet.http.HttpServlet.service(HttpServlet.java:617) ~[servlet-api-6.0.29.jar:na]
	at org.springframework.web.servlet.FrameworkServlet.service(FrameworkServlet.java:812) ~[spring-webmvc-3.2.4.RELEASE.jar:3.2.4.RELEASE]
	at javax.servlet.http.HttpServlet.service(HttpServlet.java:717) ~[servlet-api-6.0.29.jar:na]
	at org.apache.catalina.core.ApplicationFilterChain.internalDoFilter(ApplicationFilterChain.java:290) ~[catalina-6.0.29.jar:6.0.29]
	at org.apache.catalina.core.ApplicationFilterChain.doFilter(ApplicationFilterChain.java:206) ~[catalina-6.0.29.jar:6.0.29]
	at com.opensymphony.sitemesh.webapp.SiteMeshFilter.obtainContent(SiteMeshFilter.java:129) ~[sitemesh-2.4.2.jar:na]
	at com.opensymphony.sitemesh.webapp.SiteMeshFilter.doFilter(SiteMeshFilter.java:77) ~[sitemesh-2.4.2.jar:na]
	at org.apache.catalina.core.ApplicationFilterChain.internalDoFilter(ApplicationFilterChain.java:235) ~[catalina-6.0.29.jar:6.0.29]
	at org.apache.catalina.core.ApplicationFilterChain.doFilter(ApplicationFilterChain.java:206) ~[catalina-6.0.29.jar:6.0.29]
	at org.apache.shiro.web.servlet.ProxiedFilterChain.doFilter(ProxiedFilterChain.java:61) ~[shiro-web-1.2.2.jar:1.2.2]
	at org.apache.shiro.web.servlet.AdviceFilter.executeChain(AdviceFilter.java:108) ~[shiro-web-1.2.2.jar:1.2.2]
	at org.apache.shiro.web.servlet.AdviceFilter.doFilterInternal(AdviceFilter.java:137) ~[shiro-web-1.2.2.jar:1.2.2]
	at org.apache.shiro.web.servlet.OncePerRequestFilter.doFilter(OncePerRequestFilter.java:125) ~[shiro-web-1.2.2.jar:1.2.2]
	at org.apache.shiro.web.servlet.ProxiedFilterChain.doFilter(ProxiedFilterChain.java:66) ~[shiro-web-1.2.2.jar:1.2.2]
	at org.apache.shiro.web.servlet.AbstractShiroFilter.executeChain(AbstractShiroFilter.java:449) ~[shiro-web-1.2.2.jar:1.2.2]
	at org.apache.shiro.web.servlet.AbstractShiroFilter$1.call(AbstractShiroFilter.java:365) ~[shiro-web-1.2.2.jar:1.2.2]
	at org.apache.shiro.subject.support.SubjectCallable.doCall(SubjectCallable.java:90) ~[shiro-core-1.2.2.jar:1.2.2]
	at org.apache.shiro.subject.support.SubjectCallable.call(SubjectCallable.java:83) ~[shiro-core-1.2.2.jar:1.2.2]
	at org.apache.shiro.subject.support.DelegatingSubject.execute(DelegatingSubject.java:383) ~[shiro-core-1.2.2.jar:1.2.2]
	at org.apache.shiro.web.servlet.AbstractShiroFilter.doFilterInternal(AbstractShiroFilter.java:362) ~[shiro-web-1.2.2.jar:1.2.2]
	at org.apache.shiro.web.servlet.OncePerRequestFilter.doFilter(OncePerRequestFilter.java:125) ~[shiro-web-1.2.2.jar:1.2.2]
	at org.springframework.web.filter.DelegatingFilterProxy.invokeDelegate(DelegatingFilterProxy.java:343) ~[spring-web-3.2.4.RELEASE.jar:3.2.4.RELEASE]
	at org.springframework.web.filter.DelegatingFilterProxy.doFilter(DelegatingFilterProxy.java:260) ~[spring-web-3.2.4.RELEASE.jar:3.2.4.RELEASE]
	at org.apache.catalina.core.ApplicationFilterChain.internalDoFilter(ApplicationFilterChain.java:235) ~[catalina-6.0.29.jar:6.0.29]
	at org.apache.catalina.core.ApplicationFilterChain.doFilter(ApplicationFilterChain.java:206) ~[catalina-6.0.29.jar:6.0.29]
	at org.springframework.orm.jpa.support.OpenEntityManagerInViewFilter.doFilterInternal(OpenEntityManagerInViewFilter.java:180) ~[spring-orm-3.2.4.RELEASE.jar:3.2.4.RELEASE]
	at org.springframework.web.filter.OncePerRequestFilter.doFilter(OncePerRequestFilter.java:107) ~[spring-web-3.2.4.RELEASE.jar:3.2.4.RELEASE]
	at org.apache.catalina.core.ApplicationFilterChain.internalDoFilter(ApplicationFilterChain.java:235) ~[catalina-6.0.29.jar:6.0.29]
	at org.apache.catalina.core.ApplicationFilterChain.doFilter(ApplicationFilterChain.java:206) ~[catalina-6.0.29.jar:6.0.29]
	at org.springframework.web.filter.CharacterEncodingFilter.doFilterInternal(CharacterEncodingFilter.java:88) ~[spring-web-3.2.4.RELEASE.jar:3.2.4.RELEASE]
	at org.springframework.web.filter.OncePerRequestFilter.doFilter(OncePerRequestFilter.java:107) ~[spring-web-3.2.4.RELEASE.jar:3.2.4.RELEASE]
	at org.apache.catalina.core.ApplicationFilterChain.internalDoFilter(ApplicationFilterChain.java:235) ~[catalina-6.0.29.jar:6.0.29]
	at org.apache.catalina.core.ApplicationFilterChain.doFilter(ApplicationFilterChain.java:206) ~[catalina-6.0.29.jar:6.0.29]
	at org.apache.catalina.core.StandardWrapperValve.invoke(StandardWrapperValve.java:233) ~[catalina-6.0.29.jar:6.0.29]
	at org.apache.catalina.core.StandardContextValve.invoke(StandardContextValve.java:191) ~[catalina-6.0.29.jar:6.0.29]
	at org.apache.catalina.core.StandardHostValve.invoke(StandardHostValve.java:127) ~[catalina-6.0.29.jar:6.0.29]
	at org.apache.catalina.valves.ErrorReportValve.invoke(ErrorReportValve.java:102) [catalina-6.0.29.jar:6.0.29]
	at org.apache.catalina.core.StandardEngineValve.invoke(StandardEngineValve.java:109) [catalina-6.0.29.jar:6.0.29]
	at org.apache.catalina.connector.CoyoteAdapter.service(CoyoteAdapter.java:298) [catalina-6.0.29.jar:6.0.29]
	at org.apache.coyote.http11.Http11Processor.process(Http11Processor.java:857) [coyote-6.0.29.jar:6.0.29]
	at org.apache.coyote.http11.Http11Protocol$Http11ConnectionHandler.process(Http11Protocol.java:588) [coyote-6.0.29.jar:6.0.29]
	at org.apache.tomcat.util.net.JIoEndpoint$Worker.run(JIoEndpoint.java:489) [coyote-6.0.29.jar:6.0.29]
	at java.lang.Thread.run(Thread.java:680) [na:1.6.0_45]
23:00:20.575 [http-8080-2] ERROR 500.jsp - /WEB-INF/views/account/adminUserForm.jsp(105,5) "${step %4==0 || （step+1）== 3} " contains invalid expression(s): javax.el.ELException: Error Parsing: ${step %4==0 || （step+1）== 3} 
org.apache.jasper.JasperException: /WEB-INF/views/account/adminUserForm.jsp(105,5) "${step %4==0 || （step+1）== 3} " contains invalid expression(s): javax.el.ELException: Error Parsing: ${step %4==0 || （step+1）== 3} 
	at org.apache.jasper.compiler.DefaultErrorHandler.jspError(DefaultErrorHandler.java:40) ~[jasper-6.0.29.jar:6.0.29]
	at org.apache.jasper.compiler.ErrorDispatcher.dispatch(ErrorDispatcher.java:407) ~[jasper-6.0.29.jar:6.0.29]
	at org.apache.jasper.compiler.ErrorDispatcher.jspError(ErrorDispatcher.java:198) ~[jasper-6.0.29.jar:6.0.29]
	at org.apache.jasper.compiler.Validator$ValidateVisitor.checkXmlAttributes(Validator.java:1186) ~[jasper-6.0.29.jar:6.0.29]
	at org.apache.jasper.compiler.Validator$ValidateVisitor.visit(Validator.java:846) ~[jasper-6.0.29.jar:6.0.29]
	at org.apache.jasper.compiler.Node$CustomTag.accept(Node.java:1530) ~[jasper-6.0.29.jar:6.0.29]
	at org.apache.jasper.compiler.Node$Nodes.visit(Node.java:2361) ~[jasper-6.0.29.jar:6.0.29]
	at org.apache.jasper.compiler.Node$Visitor.visitBody(Node.java:2411) ~[jasper-6.0.29.jar:6.0.29]
	at org.apache.jasper.compiler.Validator$ValidateVisitor.visit(Validator.java:865) ~[jasper-6.0.29.jar:6.0.29]
	at org.apache.jasper.compiler.Node$CustomTag.accept(Node.java:1530) ~[jasper-6.0.29.jar:6.0.29]
	at org.apache.jasper.compiler.Node$Nodes.visit(Node.java:2361) ~[jasper-6.0.29.jar:6.0.29]
	at org.apache.jasper.compiler.Node$Visitor.visitBody(Node.java:2411) ~[jasper-6.0.29.jar:6.0.29]
	at org.apache.jasper.compiler.Node$Visitor.visit(Node.java:2417) ~[jasper-6.0.29.jar:6.0.29]
	at org.apache.jasper.compiler.Node$Root.accept(Node.java:495) ~[jasper-6.0.29.jar:6.0.29]
	at org.apache.jasper.compiler.Node$Nodes.visit(Node.java:2361) ~[jasper-6.0.29.jar:6.0.29]
	at org.apache.jasper.compiler.Validator.validateExDirectives(Validator.java:1763) ~[jasper-6.0.29.jar:6.0.29]
	at org.apache.jasper.compiler.Compiler.generateJava(Compiler.java:198) ~[jasper-6.0.29.jar:6.0.29]
	at org.apache.jasper.compiler.Compiler.compile(Compiler.java:347) ~[jasper-6.0.29.jar:6.0.29]
	at org.apache.jasper.compiler.Compiler.compile(Compiler.java:327) ~[jasper-6.0.29.jar:6.0.29]
	at org.apache.jasper.compiler.Compiler.compile(Compiler.java:314) ~[jasper-6.0.29.jar:6.0.29]
	at org.apache.jasper.JspCompilationContext.compile(JspCompilationContext.java:592) ~[jasper-6.0.29.jar:6.0.29]
	at org.apache.jasper.servlet.JspServletWrapper.service(JspServletWrapper.java:317) ~[jasper-6.0.29.jar:6.0.29]
	at org.apache.jasper.servlet.JspServlet.serviceJspFile(JspServlet.java:313) ~[jasper-6.0.29.jar:6.0.29]
	at org.apache.jasper.servlet.JspServlet.service(JspServlet.java:260) ~[jasper-6.0.29.jar:6.0.29]
	at javax.servlet.http.HttpServlet.service(HttpServlet.java:717) ~[servlet-api-6.0.29.jar:na]
	at org.apache.catalina.core.ApplicationFilterChain.internalDoFilter(ApplicationFilterChain.java:290) ~[catalina-6.0.29.jar:6.0.29]
	at org.apache.catalina.core.ApplicationFilterChain.doFilter(ApplicationFilterChain.java:206) ~[catalina-6.0.29.jar:6.0.29]
	at org.apache.catalina.core.ApplicationDispatcher.invoke(ApplicationDispatcher.java:646) ~[catalina-6.0.29.jar:6.0.29]
	at org.apache.catalina.core.ApplicationDispatcher.processRequest(ApplicationDispatcher.java:436) ~[catalina-6.0.29.jar:6.0.29]
	at org.apache.catalina.core.ApplicationDispatcher.doForward(ApplicationDispatcher.java:374) ~[catalina-6.0.29.jar:6.0.29]
	at org.apache.catalina.core.ApplicationDispatcher.forward(ApplicationDispatcher.java:302) ~[catalina-6.0.29.jar:6.0.29]
	at org.springframework.web.servlet.view.InternalResourceView.renderMergedOutputModel(InternalResourceView.java:238) ~[spring-webmvc-3.2.4.RELEASE.jar:3.2.4.RELEASE]
	at org.springframework.web.servlet.view.AbstractView.render(AbstractView.java:263) ~[spring-webmvc-3.2.4.RELEASE.jar:3.2.4.RELEASE]
	at org.springframework.web.servlet.DispatcherServlet.render(DispatcherServlet.java:1208) ~[spring-webmvc-3.2.4.RELEASE.jar:3.2.4.RELEASE]
	at org.springframework.web.servlet.DispatcherServlet.processDispatchResult(DispatcherServlet.java:992) ~[spring-webmvc-3.2.4.RELEASE.jar:3.2.4.RELEASE]
	at org.springframework.web.servlet.DispatcherServlet.doDispatch(DispatcherServlet.java:939) ~[spring-webmvc-3.2.4.RELEASE.jar:3.2.4.RELEASE]
	at org.springframework.web.servlet.DispatcherServlet.doService(DispatcherServlet.java:856) ~[spring-webmvc-3.2.4.RELEASE.jar:3.2.4.RELEASE]
	at org.springframework.web.servlet.FrameworkServlet.processRequest(FrameworkServlet.java:936) ~[spring-webmvc-3.2.4.RELEASE.jar:3.2.4.RELEASE]
	at org.springframework.web.servlet.FrameworkServlet.doGet(FrameworkServlet.java:827) ~[spring-webmvc-3.2.4.RELEASE.jar:3.2.4.RELEASE]
	at javax.servlet.http.HttpServlet.service(HttpServlet.java:617) ~[servlet-api-6.0.29.jar:na]
	at org.springframework.web.servlet.FrameworkServlet.service(FrameworkServlet.java:812) ~[spring-webmvc-3.2.4.RELEASE.jar:3.2.4.RELEASE]
	at javax.servlet.http.HttpServlet.service(HttpServlet.java:717) ~[servlet-api-6.0.29.jar:na]
	at org.apache.catalina.core.ApplicationFilterChain.internalDoFilter(ApplicationFilterChain.java:290) ~[catalina-6.0.29.jar:6.0.29]
	at org.apache.catalina.core.ApplicationFilterChain.doFilter(ApplicationFilterChain.java:206) ~[catalina-6.0.29.jar:6.0.29]
	at com.opensymphony.sitemesh.webapp.SiteMeshFilter.obtainContent(SiteMeshFilter.java:129) ~[sitemesh-2.4.2.jar:na]
	at com.opensymphony.sitemesh.webapp.SiteMeshFilter.doFilter(SiteMeshFilter.java:77) ~[sitemesh-2.4.2.jar:na]
	at org.apache.catalina.core.ApplicationFilterChain.internalDoFilter(ApplicationFilterChain.java:235) ~[catalina-6.0.29.jar:6.0.29]
	at org.apache.catalina.core.ApplicationFilterChain.doFilter(ApplicationFilterChain.java:206) ~[catalina-6.0.29.jar:6.0.29]
	at org.apache.shiro.web.servlet.ProxiedFilterChain.doFilter(ProxiedFilterChain.java:61) ~[shiro-web-1.2.2.jar:1.2.2]
	at org.apache.shiro.web.servlet.AdviceFilter.executeChain(AdviceFilter.java:108) ~[shiro-web-1.2.2.jar:1.2.2]
	at org.apache.shiro.web.servlet.AdviceFilter.doFilterInternal(AdviceFilter.java:137) ~[shiro-web-1.2.2.jar:1.2.2]
	at org.apache.shiro.web.servlet.OncePerRequestFilter.doFilter(OncePerRequestFilter.java:125) ~[shiro-web-1.2.2.jar:1.2.2]
	at org.apache.shiro.web.servlet.ProxiedFilterChain.doFilter(ProxiedFilterChain.java:66) ~[shiro-web-1.2.2.jar:1.2.2]
	at org.apache.shiro.web.servlet.AbstractShiroFilter.executeChain(AbstractShiroFilter.java:449) ~[shiro-web-1.2.2.jar:1.2.2]
	at org.apache.shiro.web.servlet.AbstractShiroFilter$1.call(AbstractShiroFilter.java:365) ~[shiro-web-1.2.2.jar:1.2.2]
	at org.apache.shiro.subject.support.SubjectCallable.doCall(SubjectCallable.java:90) ~[shiro-core-1.2.2.jar:1.2.2]
	at org.apache.shiro.subject.support.SubjectCallable.call(SubjectCallable.java:83) ~[shiro-core-1.2.2.jar:1.2.2]
	at org.apache.shiro.subject.support.DelegatingSubject.execute(DelegatingSubject.java:383) ~[shiro-core-1.2.2.jar:1.2.2]
	at org.apache.shiro.web.servlet.AbstractShiroFilter.doFilterInternal(AbstractShiroFilter.java:362) ~[shiro-web-1.2.2.jar:1.2.2]
	at org.apache.shiro.web.servlet.OncePerRequestFilter.doFilter(OncePerRequestFilter.java:125) ~[shiro-web-1.2.2.jar:1.2.2]
	at org.springframework.web.filter.DelegatingFilterProxy.invokeDelegate(DelegatingFilterProxy.java:343) ~[spring-web-3.2.4.RELEASE.jar:3.2.4.RELEASE]
	at org.springframework.web.filter.DelegatingFilterProxy.doFilter(DelegatingFilterProxy.java:260) ~[spring-web-3.2.4.RELEASE.jar:3.2.4.RELEASE]
	at org.apache.catalina.core.ApplicationFilterChain.internalDoFilter(ApplicationFilterChain.java:235) ~[catalina-6.0.29.jar:6.0.29]
	at org.apache.catalina.core.ApplicationFilterChain.doFilter(ApplicationFilterChain.java:206) ~[catalina-6.0.29.jar:6.0.29]
	at org.springframework.orm.jpa.support.OpenEntityManagerInViewFilter.doFilterInternal(OpenEntityManagerInViewFilter.java:180) ~[spring-orm-3.2.4.RELEASE.jar:3.2.4.RELEASE]
	at org.springframework.web.filter.OncePerRequestFilter.doFilter(OncePerRequestFilter.java:107) ~[spring-web-3.2.4.RELEASE.jar:3.2.4.RELEASE]
	at org.apache.catalina.core.ApplicationFilterChain.internalDoFilter(ApplicationFilterChain.java:235) ~[catalina-6.0.29.jar:6.0.29]
	at org.apache.catalina.core.ApplicationFilterChain.doFilter(ApplicationFilterChain.java:206) ~[catalina-6.0.29.jar:6.0.29]
	at org.springframework.web.filter.CharacterEncodingFilter.doFilterInternal(CharacterEncodingFilter.java:88) ~[spring-web-3.2.4.RELEASE.jar:3.2.4.RELEASE]
	at org.springframework.web.filter.OncePerRequestFilter.doFilter(OncePerRequestFilter.java:107) ~[spring-web-3.2.4.RELEASE.jar:3.2.4.RELEASE]
	at org.apache.catalina.core.ApplicationFilterChain.internalDoFilter(ApplicationFilterChain.java:235) ~[catalina-6.0.29.jar:6.0.29]
	at org.apache.catalina.core.ApplicationFilterChain.doFilter(ApplicationFilterChain.java:206) ~[catalina-6.0.29.jar:6.0.29]
	at org.apache.catalina.core.StandardWrapperValve.invoke(StandardWrapperValve.java:233) ~[catalina-6.0.29.jar:6.0.29]
	at org.apache.catalina.core.StandardContextValve.invoke(StandardContextValve.java:191) ~[catalina-6.0.29.jar:6.0.29]
	at org.apache.catalina.core.StandardHostValve.invoke(StandardHostValve.java:127) ~[catalina-6.0.29.jar:6.0.29]
	at org.apache.catalina.valves.ErrorReportValve.invoke(ErrorReportValve.java:102) [catalina-6.0.29.jar:6.0.29]
	at org.apache.catalina.core.StandardEngineValve.invoke(StandardEngineValve.java:109) [catalina-6.0.29.jar:6.0.29]
	at org.apache.catalina.connector.CoyoteAdapter.service(CoyoteAdapter.java:298) [catalina-6.0.29.jar:6.0.29]
	at org.apache.coyote.http11.Http11Processor.process(Http11Processor.java:857) [coyote-6.0.29.jar:6.0.29]
	at org.apache.coyote.http11.Http11Protocol$Http11ConnectionHandler.process(Http11Protocol.java:588) [coyote-6.0.29.jar:6.0.29]
	at org.apache.tomcat.util.net.JIoEndpoint$Worker.run(JIoEndpoint.java:489) [coyote-6.0.29.jar:6.0.29]
	at java.lang.Thread.run(Thread.java:680) [na:1.6.0_45]
23:01:12.406 [http-8080-1] ERROR 500.jsp - /WEB-INF/views/account/adminUserForm.jsp(105,5) "${step %4==0 || （step+1）== 3} " contains invalid expression(s): javax.el.ELException: Error Parsing: ${step %4==0 || （step+1）== 3} 
org.apache.jasper.JasperException: /WEB-INF/views/account/adminUserForm.jsp(105,5) "${step %4==0 || （step+1）== 3} " contains invalid expression(s): javax.el.ELException: Error Parsing: ${step %4==0 || （step+1）== 3} 
	at org.apache.jasper.compiler.DefaultErrorHandler.jspError(DefaultErrorHandler.java:40) ~[jasper-6.0.29.jar:6.0.29]
	at org.apache.jasper.compiler.ErrorDispatcher.dispatch(ErrorDispatcher.java:407) ~[jasper-6.0.29.jar:6.0.29]
	at org.apache.jasper.compiler.ErrorDispatcher.jspError(ErrorDispatcher.java:198) ~[jasper-6.0.29.jar:6.0.29]
	at org.apache.jasper.compiler.Validator$ValidateVisitor.checkXmlAttributes(Validator.java:1186) ~[jasper-6.0.29.jar:6.0.29]
	at org.apache.jasper.compiler.Validator$ValidateVisitor.visit(Validator.java:846) ~[jasper-6.0.29.jar:6.0.29]
	at org.apache.jasper.compiler.Node$CustomTag.accept(Node.java:1530) ~[jasper-6.0.29.jar:6.0.29]
	at org.apache.jasper.compiler.Node$Nodes.visit(Node.java:2361) ~[jasper-6.0.29.jar:6.0.29]
	at org.apache.jasper.compiler.Node$Visitor.visitBody(Node.java:2411) ~[jasper-6.0.29.jar:6.0.29]
	at org.apache.jasper.compiler.Validator$ValidateVisitor.visit(Validator.java:865) ~[jasper-6.0.29.jar:6.0.29]
	at org.apache.jasper.compiler.Node$CustomTag.accept(Node.java:1530) ~[jasper-6.0.29.jar:6.0.29]
	at org.apache.jasper.compiler.Node$Nodes.visit(Node.java:2361) ~[jasper-6.0.29.jar:6.0.29]
	at org.apache.jasper.compiler.Node$Visitor.visitBody(Node.java:2411) ~[jasper-6.0.29.jar:6.0.29]
	at org.apache.jasper.compiler.Node$Visitor.visit(Node.java:2417) ~[jasper-6.0.29.jar:6.0.29]
	at org.apache.jasper.compiler.Node$Root.accept(Node.java:495) ~[jasper-6.0.29.jar:6.0.29]
	at org.apache.jasper.compiler.Node$Nodes.visit(Node.java:2361) ~[jasper-6.0.29.jar:6.0.29]
	at org.apache.jasper.compiler.Validator.validateExDirectives(Validator.java:1763) ~[jasper-6.0.29.jar:6.0.29]
	at org.apache.jasper.compiler.Compiler.generateJava(Compiler.java:198) ~[jasper-6.0.29.jar:6.0.29]
	at org.apache.jasper.compiler.Compiler.compile(Compiler.java:347) ~[jasper-6.0.29.jar:6.0.29]
	at org.apache.jasper.compiler.Compiler.compile(Compiler.java:327) ~[jasper-6.0.29.jar:6.0.29]
	at org.apache.jasper.compiler.Compiler.compile(Compiler.java:314) ~[jasper-6.0.29.jar:6.0.29]
	at org.apache.jasper.JspCompilationContext.compile(JspCompilationContext.java:592) ~[jasper-6.0.29.jar:6.0.29]
	at org.apache.jasper.servlet.JspServletWrapper.service(JspServletWrapper.java:317) ~[jasper-6.0.29.jar:6.0.29]
	at org.apache.jasper.servlet.JspServlet.serviceJspFile(JspServlet.java:313) ~[jasper-6.0.29.jar:6.0.29]
	at org.apache.jasper.servlet.JspServlet.service(JspServlet.java:260) ~[jasper-6.0.29.jar:6.0.29]
	at javax.servlet.http.HttpServlet.service(HttpServlet.java:717) ~[servlet-api-6.0.29.jar:na]
	at org.apache.catalina.core.ApplicationFilterChain.internalDoFilter(ApplicationFilterChain.java:290) ~[catalina-6.0.29.jar:6.0.29]
	at org.apache.catalina.core.ApplicationFilterChain.doFilter(ApplicationFilterChain.java:206) ~[catalina-6.0.29.jar:6.0.29]
	at org.apache.catalina.core.ApplicationDispatcher.invoke(ApplicationDispatcher.java:646) ~[catalina-6.0.29.jar:6.0.29]
	at org.apache.catalina.core.ApplicationDispatcher.processRequest(ApplicationDispatcher.java:436) ~[catalina-6.0.29.jar:6.0.29]
	at org.apache.catalina.core.ApplicationDispatcher.doForward(ApplicationDispatcher.java:374) ~[catalina-6.0.29.jar:6.0.29]
	at org.apache.catalina.core.ApplicationDispatcher.forward(ApplicationDispatcher.java:302) ~[catalina-6.0.29.jar:6.0.29]
	at org.springframework.web.servlet.view.InternalResourceView.renderMergedOutputModel(InternalResourceView.java:238) ~[spring-webmvc-3.2.4.RELEASE.jar:3.2.4.RELEASE]
	at org.springframework.web.servlet.view.AbstractView.render(AbstractView.java:263) ~[spring-webmvc-3.2.4.RELEASE.jar:3.2.4.RELEASE]
	at org.springframework.web.servlet.DispatcherServlet.render(DispatcherServlet.java:1208) ~[spring-webmvc-3.2.4.RELEASE.jar:3.2.4.RELEASE]
	at org.springframework.web.servlet.DispatcherServlet.processDispatchResult(DispatcherServlet.java:992) ~[spring-webmvc-3.2.4.RELEASE.jar:3.2.4.RELEASE]
	at org.springframework.web.servlet.DispatcherServlet.doDispatch(DispatcherServlet.java:939) ~[spring-webmvc-3.2.4.RELEASE.jar:3.2.4.RELEASE]
	at org.springframework.web.servlet.DispatcherServlet.doService(DispatcherServlet.java:856) ~[spring-webmvc-3.2.4.RELEASE.jar:3.2.4.RELEASE]
	at org.springframework.web.servlet.FrameworkServlet.processRequest(FrameworkServlet.java:936) ~[spring-webmvc-3.2.4.RELEASE.jar:3.2.4.RELEASE]
	at org.springframework.web.servlet.FrameworkServlet.doGet(FrameworkServlet.java:827) ~[spring-webmvc-3.2.4.RELEASE.jar:3.2.4.RELEASE]
	at javax.servlet.http.HttpServlet.service(HttpServlet.java:617) ~[servlet-api-6.0.29.jar:na]
	at org.springframework.web.servlet.FrameworkServlet.service(FrameworkServlet.java:812) ~[spring-webmvc-3.2.4.RELEASE.jar:3.2.4.RELEASE]
	at javax.servlet.http.HttpServlet.service(HttpServlet.java:717) ~[servlet-api-6.0.29.jar:na]
	at org.apache.catalina.core.ApplicationFilterChain.internalDoFilter(ApplicationFilterChain.java:290) ~[catalina-6.0.29.jar:6.0.29]
	at org.apache.catalina.core.ApplicationFilterChain.doFilter(ApplicationFilterChain.java:206) ~[catalina-6.0.29.jar:6.0.29]
	at com.opensymphony.sitemesh.webapp.SiteMeshFilter.obtainContent(SiteMeshFilter.java:129) ~[sitemesh-2.4.2.jar:na]
	at com.opensymphony.sitemesh.webapp.SiteMeshFilter.doFilter(SiteMeshFilter.java:77) ~[sitemesh-2.4.2.jar:na]
	at org.apache.catalina.core.ApplicationFilterChain.internalDoFilter(ApplicationFilterChain.java:235) ~[catalina-6.0.29.jar:6.0.29]
	at org.apache.catalina.core.ApplicationFilterChain.doFilter(ApplicationFilterChain.java:206) ~[catalina-6.0.29.jar:6.0.29]
	at org.apache.shiro.web.servlet.ProxiedFilterChain.doFilter(ProxiedFilterChain.java:61) ~[shiro-web-1.2.2.jar:1.2.2]
	at org.apache.shiro.web.servlet.AdviceFilter.executeChain(AdviceFilter.java:108) ~[shiro-web-1.2.2.jar:1.2.2]
	at org.apache.shiro.web.servlet.AdviceFilter.doFilterInternal(AdviceFilter.java:137) ~[shiro-web-1.2.2.jar:1.2.2]
	at org.apache.shiro.web.servlet.OncePerRequestFilter.doFilter(OncePerRequestFilter.java:125) ~[shiro-web-1.2.2.jar:1.2.2]
	at org.apache.shiro.web.servlet.ProxiedFilterChain.doFilter(ProxiedFilterChain.java:66) ~[shiro-web-1.2.2.jar:1.2.2]
	at org.apache.shiro.web.servlet.AbstractShiroFilter.executeChain(AbstractShiroFilter.java:449) ~[shiro-web-1.2.2.jar:1.2.2]
	at org.apache.shiro.web.servlet.AbstractShiroFilter$1.call(AbstractShiroFilter.java:365) ~[shiro-web-1.2.2.jar:1.2.2]
	at org.apache.shiro.subject.support.SubjectCallable.doCall(SubjectCallable.java:90) ~[shiro-core-1.2.2.jar:1.2.2]
	at org.apache.shiro.subject.support.SubjectCallable.call(SubjectCallable.java:83) ~[shiro-core-1.2.2.jar:1.2.2]
	at org.apache.shiro.subject.support.DelegatingSubject.execute(DelegatingSubject.java:383) ~[shiro-core-1.2.2.jar:1.2.2]
	at org.apache.shiro.web.servlet.AbstractShiroFilter.doFilterInternal(AbstractShiroFilter.java:362) ~[shiro-web-1.2.2.jar:1.2.2]
	at org.apache.shiro.web.servlet.OncePerRequestFilter.doFilter(OncePerRequestFilter.java:125) ~[shiro-web-1.2.2.jar:1.2.2]
	at org.springframework.web.filter.DelegatingFilterProxy.invokeDelegate(DelegatingFilterProxy.java:343) ~[spring-web-3.2.4.RELEASE.jar:3.2.4.RELEASE]
	at org.springframework.web.filter.DelegatingFilterProxy.doFilter(DelegatingFilterProxy.java:260) ~[spring-web-3.2.4.RELEASE.jar:3.2.4.RELEASE]
	at org.apache.catalina.core.ApplicationFilterChain.internalDoFilter(ApplicationFilterChain.java:235) ~[catalina-6.0.29.jar:6.0.29]
	at org.apache.catalina.core.ApplicationFilterChain.doFilter(ApplicationFilterChain.java:206) ~[catalina-6.0.29.jar:6.0.29]
	at org.springframework.orm.jpa.support.OpenEntityManagerInViewFilter.doFilterInternal(OpenEntityManagerInViewFilter.java:180) ~[spring-orm-3.2.4.RELEASE.jar:3.2.4.RELEASE]
	at org.springframework.web.filter.OncePerRequestFilter.doFilter(OncePerRequestFilter.java:107) ~[spring-web-3.2.4.RELEASE.jar:3.2.4.RELEASE]
	at org.apache.catalina.core.ApplicationFilterChain.internalDoFilter(ApplicationFilterChain.java:235) ~[catalina-6.0.29.jar:6.0.29]
	at org.apache.catalina.core.ApplicationFilterChain.doFilter(ApplicationFilterChain.java:206) ~[catalina-6.0.29.jar:6.0.29]
	at org.springframework.web.filter.CharacterEncodingFilter.doFilterInternal(CharacterEncodingFilter.java:88) ~[spring-web-3.2.4.RELEASE.jar:3.2.4.RELEASE]
	at org.springframework.web.filter.OncePerRequestFilter.doFilter(OncePerRequestFilter.java:107) ~[spring-web-3.2.4.RELEASE.jar:3.2.4.RELEASE]
	at org.apache.catalina.core.ApplicationFilterChain.internalDoFilter(ApplicationFilterChain.java:235) ~[catalina-6.0.29.jar:6.0.29]
	at org.apache.catalina.core.ApplicationFilterChain.doFilter(ApplicationFilterChain.java:206) ~[catalina-6.0.29.jar:6.0.29]
	at org.apache.catalina.core.StandardWrapperValve.invoke(StandardWrapperValve.java:233) ~[catalina-6.0.29.jar:6.0.29]
	at org.apache.catalina.core.StandardContextValve.invoke(StandardContextValve.java:191) ~[catalina-6.0.29.jar:6.0.29]
	at org.apache.catalina.core.StandardHostValve.invoke(StandardHostValve.java:127) ~[catalina-6.0.29.jar:6.0.29]
	at org.apache.catalina.valves.ErrorReportValve.invoke(ErrorReportValve.java:102) [catalina-6.0.29.jar:6.0.29]
	at org.apache.catalina.core.StandardEngineValve.invoke(StandardEngineValve.java:109) [catalina-6.0.29.jar:6.0.29]
	at org.apache.catalina.connector.CoyoteAdapter.service(CoyoteAdapter.java:298) [catalina-6.0.29.jar:6.0.29]
	at org.apache.coyote.http11.Http11Processor.process(Http11Processor.java:857) [coyote-6.0.29.jar:6.0.29]
	at org.apache.coyote.http11.Http11Protocol$Http11ConnectionHandler.process(Http11Protocol.java:588) [coyote-6.0.29.jar:6.0.29]
	at org.apache.tomcat.util.net.JIoEndpoint$Worker.run(JIoEndpoint.java:489) [coyote-6.0.29.jar:6.0.29]
	at java.lang.Thread.run(Thread.java:680) [na:1.6.0_45]
23:06:05.861 [http-8080-1] ERROR 500.jsp - For input string: "step"
java.lang.NumberFormatException: For input string: "step"
	at java.lang.NumberFormatException.forInputString(NumberFormatException.java:48) ~[na:1.6.0_45]
	at java.lang.Integer.parseInt(Integer.java:449) ~[na:1.6.0_45]
	at java.lang.Integer.valueOf(Integer.java:554) ~[na:1.6.0_45]
	at org.apache.jasper.compiler.JspUtil.coerceToInt(JspUtil.java:765) ~[jasper-6.0.29.jar:6.0.29]
	at org.apache.jasper.compiler.Generator$GenerateVisitor.convertString(Generator.java:3112) ~[jasper-6.0.29.jar:6.0.29]
	at org.apache.jasper.compiler.Generator$GenerateVisitor.evaluateAttribute(Generator.java:2927) ~[jasper-6.0.29.jar:6.0.29]
	at org.apache.jasper.compiler.Generator$GenerateVisitor.generateSetters(Generator.java:3032) ~[jasper-6.0.29.jar:6.0.29]
	at org.apache.jasper.compiler.Generator$GenerateVisitor.generateCustomStart(Generator.java:2212) ~[jasper-6.0.29.jar:6.0.29]
	at org.apache.jasper.compiler.Generator$GenerateVisitor.visit(Generator.java:1742) ~[jasper-6.0.29.jar:6.0.29]
	at org.apache.jasper.compiler.Node$CustomTag.accept(Node.java:1530) ~[jasper-6.0.29.jar:6.0.29]
	at org.apache.jasper.compiler.Node$Nodes.visit(Node.java:2361) ~[jasper-6.0.29.jar:6.0.29]
	at org.apache.jasper.compiler.Node$Visitor.visitBody(Node.java:2411) ~[jasper-6.0.29.jar:6.0.29]
	at org.apache.jasper.compiler.Node$Visitor.visit(Node.java:2417) ~[jasper-6.0.29.jar:6.0.29]
	at org.apache.jasper.compiler.Node$Root.accept(Node.java:495) ~[jasper-6.0.29.jar:6.0.29]
	at org.apache.jasper.compiler.Node$Nodes.visit(Node.java:2361) ~[jasper-6.0.29.jar:6.0.29]
	at org.apache.jasper.compiler.Generator.generate(Generator.java:3440) ~[jasper-6.0.29.jar:6.0.29]
	at org.apache.jasper.compiler.Compiler.generateJava(Compiler.java:231) ~[jasper-6.0.29.jar:6.0.29]
	at org.apache.jasper.compiler.Compiler.compile(Compiler.java:347) ~[jasper-6.0.29.jar:6.0.29]
	at org.apache.jasper.compiler.Compiler.compile(Compiler.java:327) ~[jasper-6.0.29.jar:6.0.29]
	at org.apache.jasper.compiler.Compiler.compile(Compiler.java:314) ~[jasper-6.0.29.jar:6.0.29]
	at org.apache.jasper.JspCompilationContext.compile(JspCompilationContext.java:592) ~[jasper-6.0.29.jar:6.0.29]
	at org.apache.jasper.servlet.JspServletWrapper.service(JspServletWrapper.java:317) ~[jasper-6.0.29.jar:6.0.29]
	at org.apache.jasper.servlet.JspServlet.serviceJspFile(JspServlet.java:313) ~[jasper-6.0.29.jar:6.0.29]
	at org.apache.jasper.servlet.JspServlet.service(JspServlet.java:260) ~[jasper-6.0.29.jar:6.0.29]
	at javax.servlet.http.HttpServlet.service(HttpServlet.java:717) ~[servlet-api-6.0.29.jar:na]
	at org.apache.catalina.core.ApplicationFilterChain.internalDoFilter(ApplicationFilterChain.java:290) ~[catalina-6.0.29.jar:6.0.29]
	at org.apache.catalina.core.ApplicationFilterChain.doFilter(ApplicationFilterChain.java:206) ~[catalina-6.0.29.jar:6.0.29]
	at org.apache.catalina.core.ApplicationDispatcher.invoke(ApplicationDispatcher.java:646) ~[catalina-6.0.29.jar:6.0.29]
	at org.apache.catalina.core.ApplicationDispatcher.processRequest(ApplicationDispatcher.java:436) ~[catalina-6.0.29.jar:6.0.29]
	at org.apache.catalina.core.ApplicationDispatcher.doForward(ApplicationDispatcher.java:374) ~[catalina-6.0.29.jar:6.0.29]
	at org.apache.catalina.core.ApplicationDispatcher.forward(ApplicationDispatcher.java:302) ~[catalina-6.0.29.jar:6.0.29]
	at org.springframework.web.servlet.view.InternalResourceView.renderMergedOutputModel(InternalResourceView.java:238) ~[spring-webmvc-3.2.4.RELEASE.jar:3.2.4.RELEASE]
	at org.springframework.web.servlet.view.AbstractView.render(AbstractView.java:263) ~[spring-webmvc-3.2.4.RELEASE.jar:3.2.4.RELEASE]
	at org.springframework.web.servlet.DispatcherServlet.render(DispatcherServlet.java:1208) ~[spring-webmvc-3.2.4.RELEASE.jar:3.2.4.RELEASE]
	at org.springframework.web.servlet.DispatcherServlet.processDispatchResult(DispatcherServlet.java:992) ~[spring-webmvc-3.2.4.RELEASE.jar:3.2.4.RELEASE]
	at org.springframework.web.servlet.DispatcherServlet.doDispatch(DispatcherServlet.java:939) ~[spring-webmvc-3.2.4.RELEASE.jar:3.2.4.RELEASE]
	at org.springframework.web.servlet.DispatcherServlet.doService(DispatcherServlet.java:856) ~[spring-webmvc-3.2.4.RELEASE.jar:3.2.4.RELEASE]
	at org.springframework.web.servlet.FrameworkServlet.processRequest(FrameworkServlet.java:936) ~[spring-webmvc-3.2.4.RELEASE.jar:3.2.4.RELEASE]
	at org.springframework.web.servlet.FrameworkServlet.doGet(FrameworkServlet.java:827) ~[spring-webmvc-3.2.4.RELEASE.jar:3.2.4.RELEASE]
	at javax.servlet.http.HttpServlet.service(HttpServlet.java:617) ~[servlet-api-6.0.29.jar:na]
	at org.springframework.web.servlet.FrameworkServlet.service(FrameworkServlet.java:812) ~[spring-webmvc-3.2.4.RELEASE.jar:3.2.4.RELEASE]
	at javax.servlet.http.HttpServlet.service(HttpServlet.java:717) ~[servlet-api-6.0.29.jar:na]
	at org.apache.catalina.core.ApplicationFilterChain.internalDoFilter(ApplicationFilterChain.java:290) ~[catalina-6.0.29.jar:6.0.29]
	at org.apache.catalina.core.ApplicationFilterChain.doFilter(ApplicationFilterChain.java:206) ~[catalina-6.0.29.jar:6.0.29]
	at com.opensymphony.sitemesh.webapp.SiteMeshFilter.obtainContent(SiteMeshFilter.java:129) ~[sitemesh-2.4.2.jar:na]
	at com.opensymphony.sitemesh.webapp.SiteMeshFilter.doFilter(SiteMeshFilter.java:77) ~[sitemesh-2.4.2.jar:na]
	at org.apache.catalina.core.ApplicationFilterChain.internalDoFilter(ApplicationFilterChain.java:235) ~[catalina-6.0.29.jar:6.0.29]
	at org.apache.catalina.core.ApplicationFilterChain.doFilter(ApplicationFilterChain.java:206) ~[catalina-6.0.29.jar:6.0.29]
	at org.apache.shiro.web.servlet.ProxiedFilterChain.doFilter(ProxiedFilterChain.java:61) ~[shiro-web-1.2.2.jar:1.2.2]
	at org.apache.shiro.web.servlet.AdviceFilter.executeChain(AdviceFilter.java:108) ~[shiro-web-1.2.2.jar:1.2.2]
	at org.apache.shiro.web.servlet.AdviceFilter.doFilterInternal(AdviceFilter.java:137) ~[shiro-web-1.2.2.jar:1.2.2]
	at org.apache.shiro.web.servlet.OncePerRequestFilter.doFilter(OncePerRequestFilter.java:125) ~[shiro-web-1.2.2.jar:1.2.2]
	at org.apache.shiro.web.servlet.ProxiedFilterChain.doFilter(ProxiedFilterChain.java:66) ~[shiro-web-1.2.2.jar:1.2.2]
	at org.apache.shiro.web.servlet.AbstractShiroFilter.executeChain(AbstractShiroFilter.java:449) ~[shiro-web-1.2.2.jar:1.2.2]
	at org.apache.shiro.web.servlet.AbstractShiroFilter$1.call(AbstractShiroFilter.java:365) ~[shiro-web-1.2.2.jar:1.2.2]
	at org.apache.shiro.subject.support.SubjectCallable.doCall(SubjectCallable.java:90) ~[shiro-core-1.2.2.jar:1.2.2]
	at org.apache.shiro.subject.support.SubjectCallable.call(SubjectCallable.java:83) ~[shiro-core-1.2.2.jar:1.2.2]
	at org.apache.shiro.subject.support.DelegatingSubject.execute(DelegatingSubject.java:383) ~[shiro-core-1.2.2.jar:1.2.2]
	at org.apache.shiro.web.servlet.AbstractShiroFilter.doFilterInternal(AbstractShiroFilter.java:362) ~[shiro-web-1.2.2.jar:1.2.2]
	at org.apache.shiro.web.servlet.OncePerRequestFilter.doFilter(OncePerRequestFilter.java:125) ~[shiro-web-1.2.2.jar:1.2.2]
	at org.springframework.web.filter.DelegatingFilterProxy.invokeDelegate(DelegatingFilterProxy.java:343) ~[spring-web-3.2.4.RELEASE.jar:3.2.4.RELEASE]
	at org.springframework.web.filter.DelegatingFilterProxy.doFilter(DelegatingFilterProxy.java:260) ~[spring-web-3.2.4.RELEASE.jar:3.2.4.RELEASE]
	at org.apache.catalina.core.ApplicationFilterChain.internalDoFilter(ApplicationFilterChain.java:235) ~[catalina-6.0.29.jar:6.0.29]
	at org.apache.catalina.core.ApplicationFilterChain.doFilter(ApplicationFilterChain.java:206) ~[catalina-6.0.29.jar:6.0.29]
	at org.springframework.orm.jpa.support.OpenEntityManagerInViewFilter.doFilterInternal(OpenEntityManagerInViewFilter.java:180) ~[spring-orm-3.2.4.RELEASE.jar:3.2.4.RELEASE]
	at org.springframework.web.filter.OncePerRequestFilter.doFilter(OncePerRequestFilter.java:107) ~[spring-web-3.2.4.RELEASE.jar:3.2.4.RELEASE]
	at org.apache.catalina.core.ApplicationFilterChain.internalDoFilter(ApplicationFilterChain.java:235) ~[catalina-6.0.29.jar:6.0.29]
	at org.apache.catalina.core.ApplicationFilterChain.doFilter(ApplicationFilterChain.java:206) ~[catalina-6.0.29.jar:6.0.29]
	at org.springframework.web.filter.CharacterEncodingFilter.doFilterInternal(CharacterEncodingFilter.java:88) ~[spring-web-3.2.4.RELEASE.jar:3.2.4.RELEASE]
	at org.springframework.web.filter.OncePerRequestFilter.doFilter(OncePerRequestFilter.java:107) ~[spring-web-3.2.4.RELEASE.jar:3.2.4.RELEASE]
	at org.apache.catalina.core.ApplicationFilterChain.internalDoFilter(ApplicationFilterChain.java:235) ~[catalina-6.0.29.jar:6.0.29]
	at org.apache.catalina.core.ApplicationFilterChain.doFilter(ApplicationFilterChain.java:206) ~[catalina-6.0.29.jar:6.0.29]
	at org.apache.catalina.core.StandardWrapperValve.invoke(StandardWrapperValve.java:233) ~[catalina-6.0.29.jar:6.0.29]
	at org.apache.catalina.core.StandardContextValve.invoke(StandardContextValve.java:191) ~[catalina-6.0.29.jar:6.0.29]
	at org.apache.catalina.core.StandardHostValve.invoke(StandardHostValve.java:127) ~[catalina-6.0.29.jar:6.0.29]
	at org.apache.catalina.valves.ErrorReportValve.invoke(ErrorReportValve.java:102) [catalina-6.0.29.jar:6.0.29]
	at org.apache.catalina.core.StandardEngineValve.invoke(StandardEngineValve.java:109) [catalina-6.0.29.jar:6.0.29]
	at org.apache.catalina.connector.CoyoteAdapter.service(CoyoteAdapter.java:298) [catalina-6.0.29.jar:6.0.29]
	at org.apache.coyote.http11.Http11Processor.process(Http11Processor.java:857) [coyote-6.0.29.jar:6.0.29]
	at org.apache.coyote.http11.Http11Protocol$Http11ConnectionHandler.process(Http11Protocol.java:588) [coyote-6.0.29.jar:6.0.29]
	at org.apache.tomcat.util.net.JIoEndpoint$Worker.run(JIoEndpoint.java:489) [coyote-6.0.29.jar:6.0.29]
	at java.lang.Thread.run(Thread.java:680) [na:1.6.0_45]
23:07:42.792 [http-8080-1] ERROR 500.jsp - For input string: "step"
java.lang.NumberFormatException: For input string: "step"
	at java.lang.NumberFormatException.forInputString(NumberFormatException.java:48) ~[na:1.6.0_45]
	at java.lang.Integer.parseInt(Integer.java:449) ~[na:1.6.0_45]
	at java.lang.Integer.valueOf(Integer.java:554) ~[na:1.6.0_45]
	at org.apache.jasper.compiler.JspUtil.coerceToInt(JspUtil.java:765) ~[jasper-6.0.29.jar:6.0.29]
	at org.apache.jasper.compiler.Generator$GenerateVisitor.convertString(Generator.java:3112) ~[jasper-6.0.29.jar:6.0.29]
	at org.apache.jasper.compiler.Generator$GenerateVisitor.evaluateAttribute(Generator.java:2927) ~[jasper-6.0.29.jar:6.0.29]
	at org.apache.jasper.compiler.Generator$GenerateVisitor.generateSetters(Generator.java:3032) ~[jasper-6.0.29.jar:6.0.29]
	at org.apache.jasper.compiler.Generator$GenerateVisitor.generateCustomStart(Generator.java:2212) ~[jasper-6.0.29.jar:6.0.29]
	at org.apache.jasper.compiler.Generator$GenerateVisitor.visit(Generator.java:1742) ~[jasper-6.0.29.jar:6.0.29]
	at org.apache.jasper.compiler.Node$CustomTag.accept(Node.java:1530) ~[jasper-6.0.29.jar:6.0.29]
	at org.apache.jasper.compiler.Node$Nodes.visit(Node.java:2361) ~[jasper-6.0.29.jar:6.0.29]
	at org.apache.jasper.compiler.Node$Visitor.visitBody(Node.java:2411) ~[jasper-6.0.29.jar:6.0.29]
	at org.apache.jasper.compiler.Node$Visitor.visit(Node.java:2417) ~[jasper-6.0.29.jar:6.0.29]
	at org.apache.jasper.compiler.Node$Root.accept(Node.java:495) ~[jasper-6.0.29.jar:6.0.29]
	at org.apache.jasper.compiler.Node$Nodes.visit(Node.java:2361) ~[jasper-6.0.29.jar:6.0.29]
	at org.apache.jasper.compiler.Generator.generate(Generator.java:3440) ~[jasper-6.0.29.jar:6.0.29]
	at org.apache.jasper.compiler.Compiler.generateJava(Compiler.java:231) ~[jasper-6.0.29.jar:6.0.29]
	at org.apache.jasper.compiler.Compiler.compile(Compiler.java:347) ~[jasper-6.0.29.jar:6.0.29]
	at org.apache.jasper.compiler.Compiler.compile(Compiler.java:327) ~[jasper-6.0.29.jar:6.0.29]
	at org.apache.jasper.compiler.Compiler.compile(Compiler.java:314) ~[jasper-6.0.29.jar:6.0.29]
	at org.apache.jasper.JspCompilationContext.compile(JspCompilationContext.java:592) ~[jasper-6.0.29.jar:6.0.29]
	at org.apache.jasper.servlet.JspServletWrapper.service(JspServletWrapper.java:317) ~[jasper-6.0.29.jar:6.0.29]
	at org.apache.jasper.servlet.JspServlet.serviceJspFile(JspServlet.java:313) ~[jasper-6.0.29.jar:6.0.29]
	at org.apache.jasper.servlet.JspServlet.service(JspServlet.java:260) ~[jasper-6.0.29.jar:6.0.29]
	at javax.servlet.http.HttpServlet.service(HttpServlet.java:717) ~[servlet-api-6.0.29.jar:na]
	at org.apache.catalina.core.ApplicationFilterChain.internalDoFilter(ApplicationFilterChain.java:290) ~[catalina-6.0.29.jar:6.0.29]
	at org.apache.catalina.core.ApplicationFilterChain.doFilter(ApplicationFilterChain.java:206) ~[catalina-6.0.29.jar:6.0.29]
	at org.apache.catalina.core.ApplicationDispatcher.invoke(ApplicationDispatcher.java:646) ~[catalina-6.0.29.jar:6.0.29]
	at org.apache.catalina.core.ApplicationDispatcher.processRequest(ApplicationDispatcher.java:436) ~[catalina-6.0.29.jar:6.0.29]
	at org.apache.catalina.core.ApplicationDispatcher.doForward(ApplicationDispatcher.java:374) ~[catalina-6.0.29.jar:6.0.29]
	at org.apache.catalina.core.ApplicationDispatcher.forward(ApplicationDispatcher.java:302) ~[catalina-6.0.29.jar:6.0.29]
	at org.springframework.web.servlet.view.InternalResourceView.renderMergedOutputModel(InternalResourceView.java:238) ~[spring-webmvc-3.2.4.RELEASE.jar:3.2.4.RELEASE]
	at org.springframework.web.servlet.view.AbstractView.render(AbstractView.java:263) ~[spring-webmvc-3.2.4.RELEASE.jar:3.2.4.RELEASE]
	at org.springframework.web.servlet.DispatcherServlet.render(DispatcherServlet.java:1208) ~[spring-webmvc-3.2.4.RELEASE.jar:3.2.4.RELEASE]
	at org.springframework.web.servlet.DispatcherServlet.processDispatchResult(DispatcherServlet.java:992) ~[spring-webmvc-3.2.4.RELEASE.jar:3.2.4.RELEASE]
	at org.springframework.web.servlet.DispatcherServlet.doDispatch(DispatcherServlet.java:939) ~[spring-webmvc-3.2.4.RELEASE.jar:3.2.4.RELEASE]
	at org.springframework.web.servlet.DispatcherServlet.doService(DispatcherServlet.java:856) ~[spring-webmvc-3.2.4.RELEASE.jar:3.2.4.RELEASE]
	at org.springframework.web.servlet.FrameworkServlet.processRequest(FrameworkServlet.java:936) ~[spring-webmvc-3.2.4.RELEASE.jar:3.2.4.RELEASE]
	at org.springframework.web.servlet.FrameworkServlet.doGet(FrameworkServlet.java:827) ~[spring-webmvc-3.2.4.RELEASE.jar:3.2.4.RELEASE]
	at javax.servlet.http.HttpServlet.service(HttpServlet.java:617) ~[servlet-api-6.0.29.jar:na]
	at org.springframework.web.servlet.FrameworkServlet.service(FrameworkServlet.java:812) ~[spring-webmvc-3.2.4.RELEASE.jar:3.2.4.RELEASE]
	at javax.servlet.http.HttpServlet.service(HttpServlet.java:717) ~[servlet-api-6.0.29.jar:na]
	at org.apache.catalina.core.ApplicationFilterChain.internalDoFilter(ApplicationFilterChain.java:290) ~[catalina-6.0.29.jar:6.0.29]
	at org.apache.catalina.core.ApplicationFilterChain.doFilter(ApplicationFilterChain.java:206) ~[catalina-6.0.29.jar:6.0.29]
	at com.opensymphony.sitemesh.webapp.SiteMeshFilter.obtainContent(SiteMeshFilter.java:129) ~[sitemesh-2.4.2.jar:na]
	at com.opensymphony.sitemesh.webapp.SiteMeshFilter.doFilter(SiteMeshFilter.java:77) ~[sitemesh-2.4.2.jar:na]
	at org.apache.catalina.core.ApplicationFilterChain.internalDoFilter(ApplicationFilterChain.java:235) ~[catalina-6.0.29.jar:6.0.29]
	at org.apache.catalina.core.ApplicationFilterChain.doFilter(ApplicationFilterChain.java:206) ~[catalina-6.0.29.jar:6.0.29]
	at org.apache.shiro.web.servlet.ProxiedFilterChain.doFilter(ProxiedFilterChain.java:61) ~[shiro-web-1.2.2.jar:1.2.2]
	at org.apache.shiro.web.servlet.AdviceFilter.executeChain(AdviceFilter.java:108) ~[shiro-web-1.2.2.jar:1.2.2]
	at org.apache.shiro.web.servlet.AdviceFilter.doFilterInternal(AdviceFilter.java:137) ~[shiro-web-1.2.2.jar:1.2.2]
	at org.apache.shiro.web.servlet.OncePerRequestFilter.doFilter(OncePerRequestFilter.java:125) ~[shiro-web-1.2.2.jar:1.2.2]
	at org.apache.shiro.web.servlet.ProxiedFilterChain.doFilter(ProxiedFilterChain.java:66) ~[shiro-web-1.2.2.jar:1.2.2]
	at org.apache.shiro.web.servlet.AbstractShiroFilter.executeChain(AbstractShiroFilter.java:449) ~[shiro-web-1.2.2.jar:1.2.2]
	at org.apache.shiro.web.servlet.AbstractShiroFilter$1.call(AbstractShiroFilter.java:365) ~[shiro-web-1.2.2.jar:1.2.2]
	at org.apache.shiro.subject.support.SubjectCallable.doCall(SubjectCallable.java:90) ~[shiro-core-1.2.2.jar:1.2.2]
	at org.apache.shiro.subject.support.SubjectCallable.call(SubjectCallable.java:83) ~[shiro-core-1.2.2.jar:1.2.2]
	at org.apache.shiro.subject.support.DelegatingSubject.execute(DelegatingSubject.java:383) ~[shiro-core-1.2.2.jar:1.2.2]
	at org.apache.shiro.web.servlet.AbstractShiroFilter.doFilterInternal(AbstractShiroFilter.java:362) ~[shiro-web-1.2.2.jar:1.2.2]
	at org.apache.shiro.web.servlet.OncePerRequestFilter.doFilter(OncePerRequestFilter.java:125) ~[shiro-web-1.2.2.jar:1.2.2]
	at org.springframework.web.filter.DelegatingFilterProxy.invokeDelegate(DelegatingFilterProxy.java:343) ~[spring-web-3.2.4.RELEASE.jar:3.2.4.RELEASE]
	at org.springframework.web.filter.DelegatingFilterProxy.doFilter(DelegatingFilterProxy.java:260) ~[spring-web-3.2.4.RELEASE.jar:3.2.4.RELEASE]
	at org.apache.catalina.core.ApplicationFilterChain.internalDoFilter(ApplicationFilterChain.java:235) ~[catalina-6.0.29.jar:6.0.29]
	at org.apache.catalina.core.ApplicationFilterChain.doFilter(ApplicationFilterChain.java:206) ~[catalina-6.0.29.jar:6.0.29]
	at org.springframework.orm.jpa.support.OpenEntityManagerInViewFilter.doFilterInternal(OpenEntityManagerInViewFilter.java:180) ~[spring-orm-3.2.4.RELEASE.jar:3.2.4.RELEASE]
	at org.springframework.web.filter.OncePerRequestFilter.doFilter(OncePerRequestFilter.java:107) ~[spring-web-3.2.4.RELEASE.jar:3.2.4.RELEASE]
	at org.apache.catalina.core.ApplicationFilterChain.internalDoFilter(ApplicationFilterChain.java:235) ~[catalina-6.0.29.jar:6.0.29]
	at org.apache.catalina.core.ApplicationFilterChain.doFilter(ApplicationFilterChain.java:206) ~[catalina-6.0.29.jar:6.0.29]
	at org.springframework.web.filter.CharacterEncodingFilter.doFilterInternal(CharacterEncodingFilter.java:88) ~[spring-web-3.2.4.RELEASE.jar:3.2.4.RELEASE]
	at org.springframework.web.filter.OncePerRequestFilter.doFilter(OncePerRequestFilter.java:107) ~[spring-web-3.2.4.RELEASE.jar:3.2.4.RELEASE]
	at org.apache.catalina.core.ApplicationFilterChain.internalDoFilter(ApplicationFilterChain.java:235) ~[catalina-6.0.29.jar:6.0.29]
	at org.apache.catalina.core.ApplicationFilterChain.doFilter(ApplicationFilterChain.java:206) ~[catalina-6.0.29.jar:6.0.29]
	at org.apache.catalina.core.StandardWrapperValve.invoke(StandardWrapperValve.java:233) ~[catalina-6.0.29.jar:6.0.29]
	at org.apache.catalina.core.StandardContextValve.invoke(StandardContextValve.java:191) ~[catalina-6.0.29.jar:6.0.29]
	at org.apache.catalina.core.StandardHostValve.invoke(StandardHostValve.java:127) ~[catalina-6.0.29.jar:6.0.29]
	at org.apache.catalina.valves.ErrorReportValve.invoke(ErrorReportValve.java:102) [catalina-6.0.29.jar:6.0.29]
	at org.apache.catalina.core.StandardEngineValve.invoke(StandardEngineValve.java:109) [catalina-6.0.29.jar:6.0.29]
	at org.apache.catalina.connector.CoyoteAdapter.service(CoyoteAdapter.java:298) [catalina-6.0.29.jar:6.0.29]
	at org.apache.coyote.http11.Http11Processor.process(Http11Processor.java:857) [coyote-6.0.29.jar:6.0.29]
	at org.apache.coyote.http11.Http11Protocol$Http11ConnectionHandler.process(Http11Protocol.java:588) [coyote-6.0.29.jar:6.0.29]
	at org.apache.tomcat.util.net.JIoEndpoint$Worker.run(JIoEndpoint.java:489) [coyote-6.0.29.jar:6.0.29]
	at java.lang.Thread.run(Thread.java:680) [na:1.6.0_45]
23:07:44.985 [http-8080-1] ERROR 500.jsp - Unable to load class for JSP
org.apache.jasper.JasperException: Unable to load class for JSP
	at org.apache.jasper.JspCompilationContext.load(JspCompilationContext.java:630) ~[jasper-6.0.29.jar:6.0.29]
	at org.apache.jasper.servlet.JspServletWrapper.getServlet(JspServletWrapper.java:144) ~[jasper-6.0.29.jar:6.0.29]
	at org.apache.jasper.servlet.JspServletWrapper.service(JspServletWrapper.java:329) ~[jasper-6.0.29.jar:6.0.29]
	at org.apache.jasper.servlet.JspServlet.serviceJspFile(JspServlet.java:313) ~[jasper-6.0.29.jar:6.0.29]
	at org.apache.jasper.servlet.JspServlet.service(JspServlet.java:260) ~[jasper-6.0.29.jar:6.0.29]
	at javax.servlet.http.HttpServlet.service(HttpServlet.java:717) ~[servlet-api-6.0.29.jar:na]
	at org.apache.catalina.core.ApplicationFilterChain.internalDoFilter(ApplicationFilterChain.java:290) ~[catalina-6.0.29.jar:6.0.29]
	at org.apache.catalina.core.ApplicationFilterChain.doFilter(ApplicationFilterChain.java:206) ~[catalina-6.0.29.jar:6.0.29]
	at org.apache.catalina.core.ApplicationDispatcher.invoke(ApplicationDispatcher.java:646) ~[catalina-6.0.29.jar:6.0.29]
	at org.apache.catalina.core.ApplicationDispatcher.processRequest(ApplicationDispatcher.java:436) ~[catalina-6.0.29.jar:6.0.29]
	at org.apache.catalina.core.ApplicationDispatcher.doForward(ApplicationDispatcher.java:374) ~[catalina-6.0.29.jar:6.0.29]
	at org.apache.catalina.core.ApplicationDispatcher.forward(ApplicationDispatcher.java:302) ~[catalina-6.0.29.jar:6.0.29]
	at org.springframework.web.servlet.view.InternalResourceView.renderMergedOutputModel(InternalResourceView.java:238) ~[spring-webmvc-3.2.4.RELEASE.jar:3.2.4.RELEASE]
	at org.springframework.web.servlet.view.AbstractView.render(AbstractView.java:263) ~[spring-webmvc-3.2.4.RELEASE.jar:3.2.4.RELEASE]
	at org.springframework.web.servlet.DispatcherServlet.render(DispatcherServlet.java:1208) ~[spring-webmvc-3.2.4.RELEASE.jar:3.2.4.RELEASE]
	at org.springframework.web.servlet.DispatcherServlet.processDispatchResult(DispatcherServlet.java:992) ~[spring-webmvc-3.2.4.RELEASE.jar:3.2.4.RELEASE]
	at org.springframework.web.servlet.DispatcherServlet.doDispatch(DispatcherServlet.java:939) ~[spring-webmvc-3.2.4.RELEASE.jar:3.2.4.RELEASE]
	at org.springframework.web.servlet.DispatcherServlet.doService(DispatcherServlet.java:856) ~[spring-webmvc-3.2.4.RELEASE.jar:3.2.4.RELEASE]
	at org.springframework.web.servlet.FrameworkServlet.processRequest(FrameworkServlet.java:936) ~[spring-webmvc-3.2.4.RELEASE.jar:3.2.4.RELEASE]
	at org.springframework.web.servlet.FrameworkServlet.doGet(FrameworkServlet.java:827) ~[spring-webmvc-3.2.4.RELEASE.jar:3.2.4.RELEASE]
	at javax.servlet.http.HttpServlet.service(HttpServlet.java:617) ~[servlet-api-6.0.29.jar:na]
	at org.springframework.web.servlet.FrameworkServlet.service(FrameworkServlet.java:812) ~[spring-webmvc-3.2.4.RELEASE.jar:3.2.4.RELEASE]
	at javax.servlet.http.HttpServlet.service(HttpServlet.java:717) ~[servlet-api-6.0.29.jar:na]
	at org.apache.catalina.core.ApplicationFilterChain.internalDoFilter(ApplicationFilterChain.java:290) ~[catalina-6.0.29.jar:6.0.29]
	at org.apache.catalina.core.ApplicationFilterChain.doFilter(ApplicationFilterChain.java:206) ~[catalina-6.0.29.jar:6.0.29]
	at com.opensymphony.sitemesh.webapp.SiteMeshFilter.obtainContent(SiteMeshFilter.java:129) ~[sitemesh-2.4.2.jar:na]
	at com.opensymphony.sitemesh.webapp.SiteMeshFilter.doFilter(SiteMeshFilter.java:77) ~[sitemesh-2.4.2.jar:na]
	at org.apache.catalina.core.ApplicationFilterChain.internalDoFilter(ApplicationFilterChain.java:235) ~[catalina-6.0.29.jar:6.0.29]
	at org.apache.catalina.core.ApplicationFilterChain.doFilter(ApplicationFilterChain.java:206) ~[catalina-6.0.29.jar:6.0.29]
	at org.apache.shiro.web.servlet.ProxiedFilterChain.doFilter(ProxiedFilterChain.java:61) ~[shiro-web-1.2.2.jar:1.2.2]
	at org.apache.shiro.web.servlet.AdviceFilter.executeChain(AdviceFilter.java:108) ~[shiro-web-1.2.2.jar:1.2.2]
	at org.apache.shiro.web.servlet.AdviceFilter.doFilterInternal(AdviceFilter.java:137) ~[shiro-web-1.2.2.jar:1.2.2]
	at org.apache.shiro.web.servlet.OncePerRequestFilter.doFilter(OncePerRequestFilter.java:125) ~[shiro-web-1.2.2.jar:1.2.2]
	at org.apache.shiro.web.servlet.ProxiedFilterChain.doFilter(ProxiedFilterChain.java:66) ~[shiro-web-1.2.2.jar:1.2.2]
	at org.apache.shiro.web.servlet.AbstractShiroFilter.executeChain(AbstractShiroFilter.java:449) ~[shiro-web-1.2.2.jar:1.2.2]
	at org.apache.shiro.web.servlet.AbstractShiroFilter$1.call(AbstractShiroFilter.java:365) ~[shiro-web-1.2.2.jar:1.2.2]
	at org.apache.shiro.subject.support.SubjectCallable.doCall(SubjectCallable.java:90) ~[shiro-core-1.2.2.jar:1.2.2]
	at org.apache.shiro.subject.support.SubjectCallable.call(SubjectCallable.java:83) ~[shiro-core-1.2.2.jar:1.2.2]
	at org.apache.shiro.subject.support.DelegatingSubject.execute(DelegatingSubject.java:383) ~[shiro-core-1.2.2.jar:1.2.2]
	at org.apache.shiro.web.servlet.AbstractShiroFilter.doFilterInternal(AbstractShiroFilter.java:362) ~[shiro-web-1.2.2.jar:1.2.2]
	at org.apache.shiro.web.servlet.OncePerRequestFilter.doFilter(OncePerRequestFilter.java:125) ~[shiro-web-1.2.2.jar:1.2.2]
	at org.springframework.web.filter.DelegatingFilterProxy.invokeDelegate(DelegatingFilterProxy.java:343) ~[spring-web-3.2.4.RELEASE.jar:3.2.4.RELEASE]
	at org.springframework.web.filter.DelegatingFilterProxy.doFilter(DelegatingFilterProxy.java:260) ~[spring-web-3.2.4.RELEASE.jar:3.2.4.RELEASE]
	at org.apache.catalina.core.ApplicationFilterChain.internalDoFilter(ApplicationFilterChain.java:235) ~[catalina-6.0.29.jar:6.0.29]
	at org.apache.catalina.core.ApplicationFilterChain.doFilter(ApplicationFilterChain.java:206) ~[catalina-6.0.29.jar:6.0.29]
	at org.springframework.orm.jpa.support.OpenEntityManagerInViewFilter.doFilterInternal(OpenEntityManagerInViewFilter.java:180) ~[spring-orm-3.2.4.RELEASE.jar:3.2.4.RELEASE]
	at org.springframework.web.filter.OncePerRequestFilter.doFilter(OncePerRequestFilter.java:107) ~[spring-web-3.2.4.RELEASE.jar:3.2.4.RELEASE]
	at org.apache.catalina.core.ApplicationFilterChain.internalDoFilter(ApplicationFilterChain.java:235) ~[catalina-6.0.29.jar:6.0.29]
	at org.apache.catalina.core.ApplicationFilterChain.doFilter(ApplicationFilterChain.java:206) ~[catalina-6.0.29.jar:6.0.29]
	at org.springframework.web.filter.CharacterEncodingFilter.doFilterInternal(CharacterEncodingFilter.java:88) ~[spring-web-3.2.4.RELEASE.jar:3.2.4.RELEASE]
	at org.springframework.web.filter.OncePerRequestFilter.doFilter(OncePerRequestFilter.java:107) ~[spring-web-3.2.4.RELEASE.jar:3.2.4.RELEASE]
	at org.apache.catalina.core.ApplicationFilterChain.internalDoFilter(ApplicationFilterChain.java:235) ~[catalina-6.0.29.jar:6.0.29]
	at org.apache.catalina.core.ApplicationFilterChain.doFilter(ApplicationFilterChain.java:206) ~[catalina-6.0.29.jar:6.0.29]
	at org.apache.catalina.core.StandardWrapperValve.invoke(StandardWrapperValve.java:233) ~[catalina-6.0.29.jar:6.0.29]
	at org.apache.catalina.core.StandardContextValve.invoke(StandardContextValve.java:191) ~[catalina-6.0.29.jar:6.0.29]
	at org.apache.catalina.core.StandardHostValve.invoke(StandardHostValve.java:127) ~[catalina-6.0.29.jar:6.0.29]
	at org.apache.catalina.valves.ErrorReportValve.invoke(ErrorReportValve.java:102) [catalina-6.0.29.jar:6.0.29]
	at org.apache.catalina.core.StandardEngineValve.invoke(StandardEngineValve.java:109) [catalina-6.0.29.jar:6.0.29]
	at org.apache.catalina.connector.CoyoteAdapter.service(CoyoteAdapter.java:298) [catalina-6.0.29.jar:6.0.29]
	at org.apache.coyote.http11.Http11Processor.process(Http11Processor.java:857) [coyote-6.0.29.jar:6.0.29]
	at org.apache.coyote.http11.Http11Protocol$Http11ConnectionHandler.process(Http11Protocol.java:588) [coyote-6.0.29.jar:6.0.29]
	at org.apache.tomcat.util.net.JIoEndpoint$Worker.run(JIoEndpoint.java:489) [coyote-6.0.29.jar:6.0.29]
	at java.lang.Thread.run(Thread.java:680) [na:1.6.0_45]
Caused by: java.lang.ClassNotFoundException: org.apache.jsp.WEB_002dINF.views.account.adminUserForm_jsp
	at java.net.URLClassLoader$1.run(URLClassLoader.java:202) ~[na:1.6.0_45]
	at java.security.AccessController.doPrivileged(Native Method) ~[na:1.6.0_45]
	at java.net.URLClassLoader.findClass(URLClassLoader.java:190) ~[na:1.6.0_45]
	at org.apache.jasper.servlet.JasperLoader.loadClass(JasperLoader.java:134) ~[jasper-6.0.29.jar:6.0.29]
	at org.apache.jasper.servlet.JasperLoader.loadClass(JasperLoader.java:66) ~[jasper-6.0.29.jar:6.0.29]
	at org.apache.jasper.JspCompilationContext.load(JspCompilationContext.java:628) ~[jasper-6.0.29.jar:6.0.29]
	... 62 common frames omitted
23:16:32.313 [http-8080-1] ERROR 500.jsp - Property 'name' not found on type java.lang.String
javax.el.PropertyNotFoundException: Property 'name' not found on type java.lang.String
	at javax.el.BeanELResolver$BeanProperties.get(BeanELResolver.java:193) ~[el-api-6.0.29.jar:2.1.FR]
	at javax.el.BeanELResolver$BeanProperties.access$400(BeanELResolver.java:170) ~[el-api-6.0.29.jar:2.1.FR]
	at javax.el.BeanELResolver.property(BeanELResolver.java:279) ~[el-api-6.0.29.jar:2.1.FR]
	at javax.el.BeanELResolver.getValue(BeanELResolver.java:60) ~[el-api-6.0.29.jar:2.1.FR]
	at javax.el.CompositeELResolver.getValue(CompositeELResolver.java:54) ~[el-api-6.0.29.jar:2.1.FR]
	at org.apache.el.parser.AstValue.getValue(AstValue.java:123) ~[jasper-el-6.0.29.jar:6.0.29]
	at org.apache.el.ValueExpressionImpl.getValue(ValueExpressionImpl.java:186) ~[jasper-el-6.0.29.jar:6.0.29]
	at org.apache.jasper.runtime.PageContextImpl.proprietaryEvaluate(PageContextImpl.java:935) ~[jasper-6.0.29.jar:6.0.29]
	at org.apache.jsp.WEB_002dINF.views.account.adminUserForm_jsp._jspx_meth_c_005fforEach_005f0(adminUserForm_jsp.java:234) ~[na:na]
	at org.apache.jsp.WEB_002dINF.views.account.adminUserForm_jsp._jspService(adminUserForm_jsp.java:163) ~[na:na]
	at org.apache.jasper.runtime.HttpJspBase.service(HttpJspBase.java:70) ~[jasper-6.0.29.jar:6.0.29]
	at javax.servlet.http.HttpServlet.service(HttpServlet.java:717) ~[servlet-api-6.0.29.jar:na]
	at org.apache.jasper.servlet.JspServletWrapper.service(JspServletWrapper.java:377) ~[jasper-6.0.29.jar:6.0.29]
	at org.apache.jasper.servlet.JspServlet.serviceJspFile(JspServlet.java:313) ~[jasper-6.0.29.jar:6.0.29]
	at org.apache.jasper.servlet.JspServlet.service(JspServlet.java:260) ~[jasper-6.0.29.jar:6.0.29]
	at javax.servlet.http.HttpServlet.service(HttpServlet.java:717) ~[servlet-api-6.0.29.jar:na]
	at org.apache.catalina.core.ApplicationFilterChain.internalDoFilter(ApplicationFilterChain.java:290) ~[catalina-6.0.29.jar:6.0.29]
	at org.apache.catalina.core.ApplicationFilterChain.doFilter(ApplicationFilterChain.java:206) ~[catalina-6.0.29.jar:6.0.29]
	at org.apache.catalina.core.ApplicationDispatcher.invoke(ApplicationDispatcher.java:646) ~[catalina-6.0.29.jar:6.0.29]
	at org.apache.catalina.core.ApplicationDispatcher.processRequest(ApplicationDispatcher.java:436) ~[catalina-6.0.29.jar:6.0.29]
	at org.apache.catalina.core.ApplicationDispatcher.doForward(ApplicationDispatcher.java:374) ~[catalina-6.0.29.jar:6.0.29]
	at org.apache.catalina.core.ApplicationDispatcher.forward(ApplicationDispatcher.java:302) ~[catalina-6.0.29.jar:6.0.29]
	at org.springframework.web.servlet.view.InternalResourceView.renderMergedOutputModel(InternalResourceView.java:238) ~[spring-webmvc-3.2.4.RELEASE.jar:3.2.4.RELEASE]
	at org.springframework.web.servlet.view.AbstractView.render(AbstractView.java:263) ~[spring-webmvc-3.2.4.RELEASE.jar:3.2.4.RELEASE]
	at org.springframework.web.servlet.DispatcherServlet.render(DispatcherServlet.java:1208) ~[spring-webmvc-3.2.4.RELEASE.jar:3.2.4.RELEASE]
	at org.springframework.web.servlet.DispatcherServlet.processDispatchResult(DispatcherServlet.java:992) ~[spring-webmvc-3.2.4.RELEASE.jar:3.2.4.RELEASE]
	at org.springframework.web.servlet.DispatcherServlet.doDispatch(DispatcherServlet.java:939) ~[spring-webmvc-3.2.4.RELEASE.jar:3.2.4.RELEASE]
	at org.springframework.web.servlet.DispatcherServlet.doService(DispatcherServlet.java:856) ~[spring-webmvc-3.2.4.RELEASE.jar:3.2.4.RELEASE]
	at org.springframework.web.servlet.FrameworkServlet.processRequest(FrameworkServlet.java:936) ~[spring-webmvc-3.2.4.RELEASE.jar:3.2.4.RELEASE]
	at org.springframework.web.servlet.FrameworkServlet.doGet(FrameworkServlet.java:827) ~[spring-webmvc-3.2.4.RELEASE.jar:3.2.4.RELEASE]
	at javax.servlet.http.HttpServlet.service(HttpServlet.java:617) ~[servlet-api-6.0.29.jar:na]
	at org.springframework.web.servlet.FrameworkServlet.service(FrameworkServlet.java:812) ~[spring-webmvc-3.2.4.RELEASE.jar:3.2.4.RELEASE]
	at javax.servlet.http.HttpServlet.service(HttpServlet.java:717) ~[servlet-api-6.0.29.jar:na]
	at org.apache.catalina.core.ApplicationFilterChain.internalDoFilter(ApplicationFilterChain.java:290) ~[catalina-6.0.29.jar:6.0.29]
	at org.apache.catalina.core.ApplicationFilterChain.doFilter(ApplicationFilterChain.java:206) ~[catalina-6.0.29.jar:6.0.29]
	at com.opensymphony.sitemesh.webapp.SiteMeshFilter.obtainContent(SiteMeshFilter.java:129) ~[sitemesh-2.4.2.jar:na]
	at com.opensymphony.sitemesh.webapp.SiteMeshFilter.doFilter(SiteMeshFilter.java:77) ~[sitemesh-2.4.2.jar:na]
	at org.apache.catalina.core.ApplicationFilterChain.internalDoFilter(ApplicationFilterChain.java:235) ~[catalina-6.0.29.jar:6.0.29]
	at org.apache.catalina.core.ApplicationFilterChain.doFilter(ApplicationFilterChain.java:206) ~[catalina-6.0.29.jar:6.0.29]
	at org.apache.shiro.web.servlet.ProxiedFilterChain.doFilter(ProxiedFilterChain.java:61) ~[shiro-web-1.2.2.jar:1.2.2]
	at org.apache.shiro.web.servlet.AdviceFilter.executeChain(AdviceFilter.java:108) ~[shiro-web-1.2.2.jar:1.2.2]
	at org.apache.shiro.web.servlet.AdviceFilter.doFilterInternal(AdviceFilter.java:137) ~[shiro-web-1.2.2.jar:1.2.2]
	at org.apache.shiro.web.servlet.OncePerRequestFilter.doFilter(OncePerRequestFilter.java:125) ~[shiro-web-1.2.2.jar:1.2.2]
	at org.apache.shiro.web.servlet.ProxiedFilterChain.doFilter(ProxiedFilterChain.java:66) ~[shiro-web-1.2.2.jar:1.2.2]
	at org.apache.shiro.web.servlet.AbstractShiroFilter.executeChain(AbstractShiroFilter.java:449) ~[shiro-web-1.2.2.jar:1.2.2]
	at org.apache.shiro.web.servlet.AbstractShiroFilter$1.call(AbstractShiroFilter.java:365) ~[shiro-web-1.2.2.jar:1.2.2]
	at org.apache.shiro.subject.support.SubjectCallable.doCall(SubjectCallable.java:90) ~[shiro-core-1.2.2.jar:1.2.2]
	at org.apache.shiro.subject.support.SubjectCallable.call(SubjectCallable.java:83) ~[shiro-core-1.2.2.jar:1.2.2]
	at org.apache.shiro.subject.support.DelegatingSubject.execute(DelegatingSubject.java:383) ~[shiro-core-1.2.2.jar:1.2.2]
	at org.apache.shiro.web.servlet.AbstractShiroFilter.doFilterInternal(AbstractShiroFilter.java:362) ~[shiro-web-1.2.2.jar:1.2.2]
	at org.apache.shiro.web.servlet.OncePerRequestFilter.doFilter(OncePerRequestFilter.java:125) ~[shiro-web-1.2.2.jar:1.2.2]
	at org.springframework.web.filter.DelegatingFilterProxy.invokeDelegate(DelegatingFilterProxy.java:343) ~[spring-web-3.2.4.RELEASE.jar:3.2.4.RELEASE]
	at org.springframework.web.filter.DelegatingFilterProxy.doFilter(DelegatingFilterProxy.java:260) ~[spring-web-3.2.4.RELEASE.jar:3.2.4.RELEASE]
	at org.apache.catalina.core.ApplicationFilterChain.internalDoFilter(ApplicationFilterChain.java:235) ~[catalina-6.0.29.jar:6.0.29]
	at org.apache.catalina.core.ApplicationFilterChain.doFilter(ApplicationFilterChain.java:206) ~[catalina-6.0.29.jar:6.0.29]
	at org.springframework.orm.jpa.support.OpenEntityManagerInViewFilter.doFilterInternal(OpenEntityManagerInViewFilter.java:180) ~[spring-orm-3.2.4.RELEASE.jar:3.2.4.RELEASE]
	at org.springframework.web.filter.OncePerRequestFilter.doFilter(OncePerRequestFilter.java:107) ~[spring-web-3.2.4.RELEASE.jar:3.2.4.RELEASE]
	at org.apache.catalina.core.ApplicationFilterChain.internalDoFilter(ApplicationFilterChain.java:235) ~[catalina-6.0.29.jar:6.0.29]
	at org.apache.catalina.core.ApplicationFilterChain.doFilter(ApplicationFilterChain.java:206) ~[catalina-6.0.29.jar:6.0.29]
	at org.springframework.web.filter.CharacterEncodingFilter.doFilterInternal(CharacterEncodingFilter.java:88) ~[spring-web-3.2.4.RELEASE.jar:3.2.4.RELEASE]
	at org.springframework.web.filter.OncePerRequestFilter.doFilter(OncePerRequestFilter.java:107) ~[spring-web-3.2.4.RELEASE.jar:3.2.4.RELEASE]
	at org.apache.catalina.core.ApplicationFilterChain.internalDoFilter(ApplicationFilterChain.java:235) ~[catalina-6.0.29.jar:6.0.29]
	at org.apache.catalina.core.ApplicationFilterChain.doFilter(ApplicationFilterChain.java:206) ~[catalina-6.0.29.jar:6.0.29]
	at org.apache.catalina.core.StandardWrapperValve.invoke(StandardWrapperValve.java:233) ~[catalina-6.0.29.jar:6.0.29]
	at org.apache.catalina.core.StandardContextValve.invoke(StandardContextValve.java:191) ~[catalina-6.0.29.jar:6.0.29]
	at org.apache.catalina.core.StandardHostValve.invoke(StandardHostValve.java:127) ~[catalina-6.0.29.jar:6.0.29]
	at org.apache.catalina.valves.ErrorReportValve.invoke(ErrorReportValve.java:102) [catalina-6.0.29.jar:6.0.29]
	at org.apache.catalina.core.StandardEngineValve.invoke(StandardEngineValve.java:109) [catalina-6.0.29.jar:6.0.29]
	at org.apache.catalina.connector.CoyoteAdapter.service(CoyoteAdapter.java:298) [catalina-6.0.29.jar:6.0.29]
	at org.apache.coyote.http11.Http11Processor.process(Http11Processor.java:857) [coyote-6.0.29.jar:6.0.29]
	at org.apache.coyote.http11.Http11Protocol$Http11ConnectionHandler.process(Http11Protocol.java:588) [coyote-6.0.29.jar:6.0.29]
	at org.apache.tomcat.util.net.JIoEndpoint$Worker.run(JIoEndpoint.java:489) [coyote-6.0.29.jar:6.0.29]
	at java.lang.Thread.run(Thread.java:680) [na:1.6.0_45]
