01:14:14.514 [main] ERROR o.s.web.context.ContextLoader - Context initialization failed
org.springframework.beans.factory.BeanCreationException: Error creating bean with name 'shiroFilter' defined in URL [file:/Users/wangshaohu/workspace/Dajin-web-app/target/classes/applicationContext-shiro.xml]: Initialization of bean failed; nested exception is org.springframework.beans.ConversionNotSupportedException: Failed to convert property value of type 'java.util.LinkedHashMap' to required type 'java.util.Map' for property 'filters'; nested exception is java.lang.IllegalStateException: Cannot convert value of type [java.lang.String] to required type [javax.servlet.Filter] for property 'filters[authc]': no matching editors or conversion strategy found
	at org.springframework.beans.factory.support.AbstractAutowireCapableBeanFactory.doCreateBean(AbstractAutowireCapableBeanFactory.java:529) ~[spring-beans-3.2.4.RELEASE.jar:3.2.4.RELEASE]
	at org.springframework.beans.factory.support.AbstractAutowireCapableBeanFactory.createBean(AbstractAutowireCapableBeanFactory.java:458) ~[spring-beans-3.2.4.RELEASE.jar:3.2.4.RELEASE]
	at org.springframework.beans.factory.support.AbstractBeanFactory$1.getObject(AbstractBeanFactory.java:295) ~[spring-beans-3.2.4.RELEASE.jar:3.2.4.RELEASE]
	at org.springframework.beans.factory.support.DefaultSingletonBeanRegistry.getSingleton(DefaultSingletonBeanRegistry.java:223) ~[spring-beans-3.2.4.RELEASE.jar:3.2.4.RELEASE]
	at org.springframework.beans.factory.support.AbstractBeanFactory.doGetBean(AbstractBeanFactory.java:292) ~[spring-beans-3.2.4.RELEASE.jar:3.2.4.RELEASE]
	at org.springframework.beans.factory.support.AbstractBeanFactory.getBean(AbstractBeanFactory.java:198) ~[spring-beans-3.2.4.RELEASE.jar:3.2.4.RELEASE]
	at org.springframework.context.support.AbstractApplicationContext.registerBeanPostProcessors(AbstractApplicationContext.java:753) ~[spring-context-3.2.4.RELEASE.jar:3.2.4.RELEASE]
	at org.springframework.context.support.AbstractApplicationContext.refresh(AbstractApplicationContext.java:464) ~[spring-context-3.2.4.RELEASE.jar:3.2.4.RELEASE]
	at org.springframework.web.context.ContextLoader.configureAndRefreshWebApplicationContext(ContextLoader.java:389) ~[spring-web-3.2.4.RELEASE.jar:3.2.4.RELEASE]
	at org.springframework.web.context.ContextLoader.initWebApplicationContext(ContextLoader.java:294) ~[spring-web-3.2.4.RELEASE.jar:3.2.4.RELEASE]
	at org.springframework.web.context.ContextLoaderListener.contextInitialized(ContextLoaderListener.java:112) [spring-web-3.2.4.RELEASE.jar:3.2.4.RELEASE]
	at org.apache.catalina.core.StandardContext.listenerStart(StandardContext.java:4135) [catalina-6.0.29.jar:6.0.29]
	at org.apache.catalina.core.StandardContext.start(StandardContext.java:4630) [catalina-6.0.29.jar:6.0.29]
	at org.apache.catalina.core.ContainerBase.start(ContainerBase.java:1045) [catalina-6.0.29.jar:6.0.29]
	at org.apache.catalina.core.StandardHost.start(StandardHost.java:785) [catalina-6.0.29.jar:6.0.29]
	at org.apache.catalina.core.ContainerBase.start(ContainerBase.java:1045) [catalina-6.0.29.jar:6.0.29]
	at org.apache.catalina.core.StandardEngine.start(StandardEngine.java:445) [catalina-6.0.29.jar:6.0.29]
	at org.apache.catalina.startup.Embedded.start(Embedded.java:825) [catalina-6.0.29.jar:6.0.29]
	at org.codehaus.mojo.tomcat.AbstractRunMojo.startContainer(AbstractRunMojo.java:558) [tomcat-maven-plugin-1.1.jar:na]
	at org.codehaus.mojo.tomcat.AbstractRunMojo.execute(AbstractRunMojo.java:255) [tomcat-maven-plugin-1.1.jar:na]
	at org.apache.maven.plugin.DefaultBuildPluginManager.executeMojo(DefaultBuildPluginManager.java:101) [maven-core-3.0.4.jar:3.0.4]
	at org.apache.maven.lifecycle.internal.MojoExecutor.execute(MojoExecutor.java:209) [maven-core-3.0.4.jar:3.0.4]
	at org.apache.maven.lifecycle.internal.MojoExecutor.execute(MojoExecutor.java:153) [maven-core-3.0.4.jar:3.0.4]
	at org.apache.maven.lifecycle.internal.MojoExecutor.execute(MojoExecutor.java:145) [maven-core-3.0.4.jar:3.0.4]
	at org.apache.maven.lifecycle.internal.LifecycleModuleBuilder.buildProject(LifecycleModuleBuilder.java:84) [maven-core-3.0.4.jar:3.0.4]
	at org.apache.maven.lifecycle.internal.LifecycleModuleBuilder.buildProject(LifecycleModuleBuilder.java:59) [maven-core-3.0.4.jar:3.0.4]
	at org.apache.maven.lifecycle.internal.LifecycleStarter.singleThreadedBuild(LifecycleStarter.java:183) [maven-core-3.0.4.jar:3.0.4]
	at org.apache.maven.lifecycle.internal.LifecycleStarter.execute(LifecycleStarter.java:161) [maven-core-3.0.4.jar:3.0.4]
	at org.apache.maven.DefaultMaven.doExecute(DefaultMaven.java:320) [maven-core-3.0.4.jar:3.0.4]
	at org.apache.maven.DefaultMaven.execute(DefaultMaven.java:156) [maven-core-3.0.4.jar:3.0.4]
	at org.apache.maven.cli.MavenCli.execute(MavenCli.java:537) [maven-embedder-3.0.4.jar:3.0.4]
	at org.apache.maven.cli.MavenCli.doMain(MavenCli.java:196) [maven-embedder-3.0.4.jar:3.0.4]
	at org.apache.maven.cli.MavenCli.main(MavenCli.java:141) [maven-embedder-3.0.4.jar:3.0.4]
	at sun.reflect.NativeMethodAccessorImpl.invoke0(Native Method) ~[na:1.6.0_45]
	at sun.reflect.NativeMethodAccessorImpl.invoke(NativeMethodAccessorImpl.java:39) ~[na:1.6.0_45]
	at sun.reflect.DelegatingMethodAccessorImpl.invoke(DelegatingMethodAccessorImpl.java:25) ~[na:1.6.0_45]
	at java.lang.reflect.Method.invoke(Method.java:597) ~[na:1.6.0_45]
	at org.codehaus.plexus.classworlds.launcher.Launcher.launchEnhanced(Launcher.java:290) [plexus-classworlds-2.4.jar:na]
	at org.codehaus.plexus.classworlds.launcher.Launcher.launch(Launcher.java:230) [plexus-classworlds-2.4.jar:na]
	at org.codehaus.plexus.classworlds.launcher.Launcher.mainWithExitCode(Launcher.java:409) [plexus-classworlds-2.4.jar:na]
	at org.codehaus.plexus.classworlds.launcher.Launcher.main(Launcher.java:352) [plexus-classworlds-2.4.jar:na]
Caused by: org.springframework.beans.ConversionNotSupportedException: Failed to convert property value of type 'java.util.LinkedHashMap' to required type 'java.util.Map' for property 'filters'; nested exception is java.lang.IllegalStateException: Cannot convert value of type [java.lang.String] to required type [javax.servlet.Filter] for property 'filters[authc]': no matching editors or conversion strategy found
	at org.springframework.beans.BeanWrapperImpl.convertIfNecessary(BeanWrapperImpl.java:463) ~[spring-beans-3.2.4.RELEASE.jar:3.2.4.RELEASE]
	at org.springframework.beans.BeanWrapperImpl.convertForProperty(BeanWrapperImpl.java:494) ~[spring-beans-3.2.4.RELEASE.jar:3.2.4.RELEASE]
	at org.springframework.beans.BeanWrapperImpl.convertForProperty(BeanWrapperImpl.java:488) ~[spring-beans-3.2.4.RELEASE.jar:3.2.4.RELEASE]
	at org.springframework.beans.factory.support.AbstractAutowireCapableBeanFactory.convertForProperty(AbstractAutowireCapableBeanFactory.java:1433) ~[spring-beans-3.2.4.RELEASE.jar:3.2.4.RELEASE]
	at org.springframework.beans.factory.support.AbstractAutowireCapableBeanFactory.applyPropertyValues(AbstractAutowireCapableBeanFactory.java:1392) ~[spring-beans-3.2.4.RELEASE.jar:3.2.4.RELEASE]
	at org.springframework.beans.factory.support.AbstractAutowireCapableBeanFactory.populateBean(AbstractAutowireCapableBeanFactory.java:1128) ~[spring-beans-3.2.4.RELEASE.jar:3.2.4.RELEASE]
	at org.springframework.beans.factory.support.AbstractAutowireCapableBeanFactory.doCreateBean(AbstractAutowireCapableBeanFactory.java:519) ~[spring-beans-3.2.4.RELEASE.jar:3.2.4.RELEASE]
	... 40 common frames omitted
Caused by: java.lang.IllegalStateException: Cannot convert value of type [java.lang.String] to required type [javax.servlet.Filter] for property 'filters[authc]': no matching editors or conversion strategy found
	at org.springframework.beans.TypeConverterDelegate.convertIfNecessary(TypeConverterDelegate.java:264) ~[spring-beans-3.2.4.RELEASE.jar:3.2.4.RELEASE]
	at org.springframework.beans.TypeConverterDelegate.convertToTypedMap(TypeConverterDelegate.java:645) ~[spring-beans-3.2.4.RELEASE.jar:3.2.4.RELEASE]
	at org.springframework.beans.TypeConverterDelegate.convertIfNecessary(TypeConverterDelegate.java:205) ~[spring-beans-3.2.4.RELEASE.jar:3.2.4.RELEASE]
	at org.springframework.beans.BeanWrapperImpl.convertIfNecessary(BeanWrapperImpl.java:448) ~[spring-beans-3.2.4.RELEASE.jar:3.2.4.RELEASE]
	... 46 common frames omitted
01:25:12.574 [http-8080-1] WARN  o.s.web.servlet.PageNotFound - Request method 'POST' not supported
16:33:06.056 [http-8080-2] ERROR 500.jsp - org.apache.jasper.JasperException: /WEB-INF/layouts/default.jsp(171,36) File "/WEB-INF/layouts/${ctx}/static/js/charisma.js" not found
java.lang.RuntimeException: org.apache.jasper.JasperException: /WEB-INF/layouts/default.jsp(171,36) File "/WEB-INF/layouts/${ctx}/static/js/charisma.js" not found
	at com.opensymphony.sitemesh.webapp.decorator.BaseWebAppDecorator.render(BaseWebAppDecorator.java:39) ~[sitemesh-2.4.2.jar:na]
	at com.opensymphony.sitemesh.webapp.SiteMeshFilter.doFilter(SiteMeshFilter.java:84) ~[sitemesh-2.4.2.jar:na]
	at org.apache.catalina.core.ApplicationFilterChain.internalDoFilter(ApplicationFilterChain.java:235) ~[catalina-6.0.29.jar:6.0.29]
	at org.apache.catalina.core.ApplicationFilterChain.doFilter(ApplicationFilterChain.java:206) ~[catalina-6.0.29.jar:6.0.29]
	at org.apache.shiro.web.servlet.ProxiedFilterChain.doFilter(ProxiedFilterChain.java:61) ~[shiro-web-1.2.2.jar:1.2.2]
	at org.apache.shiro.web.servlet.AdviceFilter.executeChain(AdviceFilter.java:108) ~[shiro-web-1.2.2.jar:1.2.2]
	at org.apache.shiro.web.servlet.AdviceFilter.doFilterInternal(AdviceFilter.java:137) ~[shiro-web-1.2.2.jar:1.2.2]
	at org.apache.shiro.web.servlet.OncePerRequestFilter.doFilter(OncePerRequestFilter.java:125) ~[shiro-web-1.2.2.jar:1.2.2]
	at org.apache.shiro.web.servlet.ProxiedFilterChain.doFilter(ProxiedFilterChain.java:66) ~[shiro-web-1.2.2.jar:1.2.2]
	at org.apache.shiro.web.servlet.AbstractShiroFilter.executeChain(AbstractShiroFilter.java:449) ~[shiro-web-1.2.2.jar:1.2.2]
	at org.apache.shiro.web.servlet.AbstractShiroFilter$1.call(AbstractShiroFilter.java:365) ~[shiro-web-1.2.2.jar:1.2.2]
	at org.apache.shiro.subject.support.SubjectCallable.doCall(SubjectCallable.java:90) ~[shiro-core-1.2.2.jar:1.2.2]
	at org.apache.shiro.subject.support.SubjectCallable.call(SubjectCallable.java:83) ~[shiro-core-1.2.2.jar:1.2.2]
	at org.apache.shiro.subject.support.DelegatingSubject.execute(DelegatingSubject.java:383) ~[shiro-core-1.2.2.jar:1.2.2]
	at org.apache.shiro.web.servlet.AbstractShiroFilter.doFilterInternal(AbstractShiroFilter.java:362) ~[shiro-web-1.2.2.jar:1.2.2]
	at org.apache.shiro.web.servlet.OncePerRequestFilter.doFilter(OncePerRequestFilter.java:125) ~[shiro-web-1.2.2.jar:1.2.2]
	at org.springframework.web.filter.DelegatingFilterProxy.invokeDelegate(DelegatingFilterProxy.java:343) ~[spring-web-3.2.4.RELEASE.jar:3.2.4.RELEASE]
	at org.springframework.web.filter.DelegatingFilterProxy.doFilter(DelegatingFilterProxy.java:260) ~[spring-web-3.2.4.RELEASE.jar:3.2.4.RELEASE]
	at org.apache.catalina.core.ApplicationFilterChain.internalDoFilter(ApplicationFilterChain.java:235) ~[catalina-6.0.29.jar:6.0.29]
	at org.apache.catalina.core.ApplicationFilterChain.doFilter(ApplicationFilterChain.java:206) ~[catalina-6.0.29.jar:6.0.29]
	at org.springframework.orm.jpa.support.OpenEntityManagerInViewFilter.doFilterInternal(OpenEntityManagerInViewFilter.java:180) ~[spring-orm-3.2.4.RELEASE.jar:3.2.4.RELEASE]
	at org.springframework.web.filter.OncePerRequestFilter.doFilter(OncePerRequestFilter.java:107) ~[spring-web-3.2.4.RELEASE.jar:3.2.4.RELEASE]
	at org.apache.catalina.core.ApplicationFilterChain.internalDoFilter(ApplicationFilterChain.java:235) ~[catalina-6.0.29.jar:6.0.29]
	at org.apache.catalina.core.ApplicationFilterChain.doFilter(ApplicationFilterChain.java:206) ~[catalina-6.0.29.jar:6.0.29]
	at org.springframework.web.filter.CharacterEncodingFilter.doFilterInternal(CharacterEncodingFilter.java:88) ~[spring-web-3.2.4.RELEASE.jar:3.2.4.RELEASE]
	at org.springframework.web.filter.OncePerRequestFilter.doFilter(OncePerRequestFilter.java:107) ~[spring-web-3.2.4.RELEASE.jar:3.2.4.RELEASE]
	at org.apache.catalina.core.ApplicationFilterChain.internalDoFilter(ApplicationFilterChain.java:235) ~[catalina-6.0.29.jar:6.0.29]
	at org.apache.catalina.core.ApplicationFilterChain.doFilter(ApplicationFilterChain.java:206) ~[catalina-6.0.29.jar:6.0.29]
	at org.apache.catalina.core.StandardWrapperValve.invoke(StandardWrapperValve.java:233) ~[catalina-6.0.29.jar:6.0.29]
	at org.apache.catalina.core.StandardContextValve.invoke(StandardContextValve.java:191) ~[catalina-6.0.29.jar:6.0.29]
	at org.apache.catalina.core.StandardHostValve.invoke(StandardHostValve.java:127) ~[catalina-6.0.29.jar:6.0.29]
	at org.apache.catalina.valves.ErrorReportValve.invoke(ErrorReportValve.java:102) [catalina-6.0.29.jar:6.0.29]
	at org.apache.catalina.core.StandardEngineValve.invoke(StandardEngineValve.java:109) [catalina-6.0.29.jar:6.0.29]
	at org.apache.catalina.connector.CoyoteAdapter.service(CoyoteAdapter.java:298) [catalina-6.0.29.jar:6.0.29]
	at org.apache.coyote.http11.Http11Processor.process(Http11Processor.java:857) [coyote-6.0.29.jar:6.0.29]
	at org.apache.coyote.http11.Http11Protocol$Http11ConnectionHandler.process(Http11Protocol.java:588) [coyote-6.0.29.jar:6.0.29]
	at org.apache.tomcat.util.net.JIoEndpoint$Worker.run(JIoEndpoint.java:489) [coyote-6.0.29.jar:6.0.29]
	at java.lang.Thread.run(Thread.java:680) [na:1.6.0_45]
17:52:14.107 [main] ERROR o.s.web.context.ContextLoader - Context initialization failed
org.springframework.beans.factory.BeanCreationException: Error creating bean with name 'shiroFilter' defined in URL [file:/Users/wangshaohu/workspace/Dajin-web-app/target/classes/applicationContext-shiro.xml]: Cannot resolve reference to bean 'securityManager' while setting bean property 'securityManager'; nested exception is org.springframework.beans.factory.BeanCreationException: Error creating bean with name 'securityManager' defined in URL [file:/Users/wangshaohu/workspace/Dajin-web-app/target/classes/applicationContext-shiro.xml]: Cannot resolve reference to bean 'shiroDbRealm' while setting bean property 'realm'; nested exception is org.springframework.beans.factory.BeanCreationException: Error creating bean with name 'shiroDbRealm' defined in URL [file:/Users/wangshaohu/workspace/Dajin-web-app/target/classes/applicationContext-shiro.xml]: Cannot resolve reference to bean 'accountService' while setting bean property 'accountService'; nested exception is org.springframework.beans.factory.BeanCreationException: Error creating bean with name 'accountService': Injection of autowired dependencies failed; nested exception is org.springframework.beans.factory.BeanCreationException: Could not autowire method: public void com.brother.basic.service.account.AccountService.setUserDao(com.brother.basic.repository.UserDao); nested exception is org.springframework.beans.factory.BeanCreationException: Error creating bean with name 'userDao': Cannot create inner bean '(inner bean)' of type [org.springframework.orm.jpa.SharedEntityManagerCreator] while setting bean property 'entityManager'; nested exception is org.springframework.beans.factory.BeanCreationException: Error creating bean with name '(inner bean)#1': Cannot resolve reference to bean 'entityManagerFactory' while setting constructor argument; nested exception is org.springframework.beans.factory.BeanCreationException: Error creating bean with name 'entityManagerFactory' defined in URL [file:/Users/wangshaohu/workspace/Dajin-web-app/target/classes/applicationContext.xml]: Cannot resolve reference to bean 'hibernateJpaVendorAdapter' while setting bean property 'jpaVendorAdapter'; nested exception is org.springframework.beans.factory.BeanCreationException: Error creating bean with name 'hibernateJpaVendorAdapter' defined in URL [file:/Users/wangshaohu/workspace/Dajin-web-app/target/classes/applicationContext.xml]: Cannot create inner bean 'org.springside.modules.persistence.Hibernates#77fef1a0' of type [org.springside.modules.persistence.Hibernates] while setting bean property 'databasePlatform'; nested exception is org.springframework.beans.factory.BeanCreationException: Error creating bean with name 'org.springside.modules.persistence.Hibernates#77fef1a0' defined in URL [file:/Users/wangshaohu/workspace/Dajin-web-app/target/classes/applicationContext.xml]: Instantiation of bean failed; nested exception is org.springframework.beans.factory.BeanDefinitionStoreException: Factory method [public static java.lang.String org.springside.modules.persistence.Hibernates.getDialect(javax.sql.DataSource)] threw exception; nested exception is java.lang.RuntimeException: Could not get database url
	at org.springframework.beans.factory.support.BeanDefinitionValueResolver.resolveReference(BeanDefinitionValueResolver.java:329) ~[spring-beans-3.2.4.RELEASE.jar:3.2.4.RELEASE]
	at org.springframework.beans.factory.support.BeanDefinitionValueResolver.resolveValueIfNecessary(BeanDefinitionValueResolver.java:107) ~[spring-beans-3.2.4.RELEASE.jar:3.2.4.RELEASE]
	at org.springframework.beans.factory.support.AbstractAutowireCapableBeanFactory.applyPropertyValues(AbstractAutowireCapableBeanFactory.java:1387) ~[spring-beans-3.2.4.RELEASE.jar:3.2.4.RELEASE]
	at org.springframework.beans.factory.support.AbstractAutowireCapableBeanFactory.populateBean(AbstractAutowireCapableBeanFactory.java:1128) ~[spring-beans-3.2.4.RELEASE.jar:3.2.4.RELEASE]
	at org.springframework.beans.factory.support.AbstractAutowireCapableBeanFactory.doCreateBean(AbstractAutowireCapableBeanFactory.java:519) ~[spring-beans-3.2.4.RELEASE.jar:3.2.4.RELEASE]
	at org.springframework.beans.factory.support.AbstractAutowireCapableBeanFactory.createBean(AbstractAutowireCapableBeanFactory.java:458) ~[spring-beans-3.2.4.RELEASE.jar:3.2.4.RELEASE]
	at org.springframework.beans.factory.support.AbstractBeanFactory$1.getObject(AbstractBeanFactory.java:295) ~[spring-beans-3.2.4.RELEASE.jar:3.2.4.RELEASE]
	at org.springframework.beans.factory.support.DefaultSingletonBeanRegistry.getSingleton(DefaultSingletonBeanRegistry.java:223) ~[spring-beans-3.2.4.RELEASE.jar:3.2.4.RELEASE]
	at org.springframework.beans.factory.support.AbstractBeanFactory.doGetBean(AbstractBeanFactory.java:292) ~[spring-beans-3.2.4.RELEASE.jar:3.2.4.RELEASE]
	at org.springframework.beans.factory.support.AbstractBeanFactory.getBean(AbstractBeanFactory.java:198) ~[spring-beans-3.2.4.RELEASE.jar:3.2.4.RELEASE]
	at org.springframework.context.support.AbstractApplicationContext.registerBeanPostProcessors(AbstractApplicationContext.java:753) ~[spring-context-3.2.4.RELEASE.jar:3.2.4.RELEASE]
	at org.springframework.context.support.AbstractApplicationContext.refresh(AbstractApplicationContext.java:464) ~[spring-context-3.2.4.RELEASE.jar:3.2.4.RELEASE]
	at org.springframework.web.context.ContextLoader.configureAndRefreshWebApplicationContext(ContextLoader.java:389) ~[spring-web-3.2.4.RELEASE.jar:3.2.4.RELEASE]
	at org.springframework.web.context.ContextLoader.initWebApplicationContext(ContextLoader.java:294) ~[spring-web-3.2.4.RELEASE.jar:3.2.4.RELEASE]
	at org.springframework.web.context.ContextLoaderListener.contextInitialized(ContextLoaderListener.java:112) [spring-web-3.2.4.RELEASE.jar:3.2.4.RELEASE]
	at org.apache.catalina.core.StandardContext.listenerStart(StandardContext.java:4135) [catalina-6.0.29.jar:6.0.29]
	at org.apache.catalina.core.StandardContext.start(StandardContext.java:4630) [catalina-6.0.29.jar:6.0.29]
	at org.apache.catalina.core.ContainerBase.start(ContainerBase.java:1045) [catalina-6.0.29.jar:6.0.29]
	at org.apache.catalina.core.StandardHost.start(StandardHost.java:785) [catalina-6.0.29.jar:6.0.29]
	at org.apache.catalina.core.ContainerBase.start(ContainerBase.java:1045) [catalina-6.0.29.jar:6.0.29]
	at org.apache.catalina.core.StandardEngine.start(StandardEngine.java:445) [catalina-6.0.29.jar:6.0.29]
	at org.apache.catalina.startup.Embedded.start(Embedded.java:825) [catalina-6.0.29.jar:6.0.29]
	at org.codehaus.mojo.tomcat.AbstractRunMojo.startContainer(AbstractRunMojo.java:558) [tomcat-maven-plugin-1.1.jar:na]
	at org.codehaus.mojo.tomcat.AbstractRunMojo.execute(AbstractRunMojo.java:255) [tomcat-maven-plugin-1.1.jar:na]
	at org.apache.maven.plugin.DefaultBuildPluginManager.executeMojo(DefaultBuildPluginManager.java:101) [maven-core-3.0.4.jar:3.0.4]
	at org.apache.maven.lifecycle.internal.MojoExecutor.execute(MojoExecutor.java:209) [maven-core-3.0.4.jar:3.0.4]
	at org.apache.maven.lifecycle.internal.MojoExecutor.execute(MojoExecutor.java:153) [maven-core-3.0.4.jar:3.0.4]
	at org.apache.maven.lifecycle.internal.MojoExecutor.execute(MojoExecutor.java:145) [maven-core-3.0.4.jar:3.0.4]
	at org.apache.maven.lifecycle.internal.LifecycleModuleBuilder.buildProject(LifecycleModuleBuilder.java:84) [maven-core-3.0.4.jar:3.0.4]
	at org.apache.maven.lifecycle.internal.LifecycleModuleBuilder.buildProject(LifecycleModuleBuilder.java:59) [maven-core-3.0.4.jar:3.0.4]
	at org.apache.maven.lifecycle.internal.LifecycleStarter.singleThreadedBuild(LifecycleStarter.java:183) [maven-core-3.0.4.jar:3.0.4]
	at org.apache.maven.lifecycle.internal.LifecycleStarter.execute(LifecycleStarter.java:161) [maven-core-3.0.4.jar:3.0.4]
	at org.apache.maven.DefaultMaven.doExecute(DefaultMaven.java:320) [maven-core-3.0.4.jar:3.0.4]
	at org.apache.maven.DefaultMaven.execute(DefaultMaven.java:156) [maven-core-3.0.4.jar:3.0.4]
	at org.apache.maven.cli.MavenCli.execute(MavenCli.java:537) [maven-embedder-3.0.4.jar:3.0.4]
	at org.apache.maven.cli.MavenCli.doMain(MavenCli.java:196) [maven-embedder-3.0.4.jar:3.0.4]
	at org.apache.maven.cli.MavenCli.main(MavenCli.java:141) [maven-embedder-3.0.4.jar:3.0.4]
	at sun.reflect.NativeMethodAccessorImpl.invoke0(Native Method) ~[na:1.6.0_45]
	at sun.reflect.NativeMethodAccessorImpl.invoke(NativeMethodAccessorImpl.java:39) ~[na:1.6.0_45]
	at sun.reflect.DelegatingMethodAccessorImpl.invoke(DelegatingMethodAccessorImpl.java:25) ~[na:1.6.0_45]
	at java.lang.reflect.Method.invoke(Method.java:597) ~[na:1.6.0_45]
	at org.codehaus.plexus.classworlds.launcher.Launcher.launchEnhanced(Launcher.java:290) [plexus-classworlds-2.4.jar:na]
	at org.codehaus.plexus.classworlds.launcher.Launcher.launch(Launcher.java:230) [plexus-classworlds-2.4.jar:na]
	at org.codehaus.plexus.classworlds.launcher.Launcher.mainWithExitCode(Launcher.java:409) [plexus-classworlds-2.4.jar:na]
	at org.codehaus.plexus.classworlds.launcher.Launcher.main(Launcher.java:352) [plexus-classworlds-2.4.jar:na]
Caused by: org.springframework.beans.factory.BeanCreationException: Error creating bean with name 'securityManager' defined in URL [file:/Users/wangshaohu/workspace/Dajin-web-app/target/classes/applicationContext-shiro.xml]: Cannot resolve reference to bean 'shiroDbRealm' while setting bean property 'realm'; nested exception is org.springframework.beans.factory.BeanCreationException: Error creating bean with name 'shiroDbRealm' defined in URL [file:/Users/wangshaohu/workspace/Dajin-web-app/target/classes/applicationContext-shiro.xml]: Cannot resolve reference to bean 'accountService' while setting bean property 'accountService'; nested exception is org.springframework.beans.factory.BeanCreationException: Error creating bean with name 'accountService': Injection of autowired dependencies failed; nested exception is org.springframework.beans.factory.BeanCreationException: Could not autowire method: public void com.brother.basic.service.account.AccountService.setUserDao(com.brother.basic.repository.UserDao); nested exception is org.springframework.beans.factory.BeanCreationException: Error creating bean with name 'userDao': Cannot create inner bean '(inner bean)' of type [org.springframework.orm.jpa.SharedEntityManagerCreator] while setting bean property 'entityManager'; nested exception is org.springframework.beans.factory.BeanCreationException: Error creating bean with name '(inner bean)#1': Cannot resolve reference to bean 'entityManagerFactory' while setting constructor argument; nested exception is org.springframework.beans.factory.BeanCreationException: Error creating bean with name 'entityManagerFactory' defined in URL [file:/Users/wangshaohu/workspace/Dajin-web-app/target/classes/applicationContext.xml]: Cannot resolve reference to bean 'hibernateJpaVendorAdapter' while setting bean property 'jpaVendorAdapter'; nested exception is org.springframework.beans.factory.BeanCreationException: Error creating bean with name 'hibernateJpaVendorAdapter' defined in URL [file:/Users/wangshaohu/workspace/Dajin-web-app/target/classes/applicationContext.xml]: Cannot create inner bean 'org.springside.modules.persistence.Hibernates#77fef1a0' of type [org.springside.modules.persistence.Hibernates] while setting bean property 'databasePlatform'; nested exception is org.springframework.beans.factory.BeanCreationException: Error creating bean with name 'org.springside.modules.persistence.Hibernates#77fef1a0' defined in URL [file:/Users/wangshaohu/workspace/Dajin-web-app/target/classes/applicationContext.xml]: Instantiation of bean failed; nested exception is org.springframework.beans.factory.BeanDefinitionStoreException: Factory method [public static java.lang.String org.springside.modules.persistence.Hibernates.getDialect(javax.sql.DataSource)] threw exception; nested exception is java.lang.RuntimeException: Could not get database url
	at org.springframework.beans.factory.support.BeanDefinitionValueResolver.resolveReference(BeanDefinitionValueResolver.java:329) ~[spring-beans-3.2.4.RELEASE.jar:3.2.4.RELEASE]
	at org.springframework.beans.factory.support.BeanDefinitionValueResolver.resolveValueIfNecessary(BeanDefinitionValueResolver.java:107) ~[spring-beans-3.2.4.RELEASE.jar:3.2.4.RELEASE]
	at org.springframework.beans.factory.support.AbstractAutowireCapableBeanFactory.applyPropertyValues(AbstractAutowireCapableBeanFactory.java:1387) ~[spring-beans-3.2.4.RELEASE.jar:3.2.4.RELEASE]
	at org.springframework.beans.factory.support.AbstractAutowireCapableBeanFactory.populateBean(AbstractAutowireCapableBeanFactory.java:1128) ~[spring-beans-3.2.4.RELEASE.jar:3.2.4.RELEASE]
	at org.springframework.beans.factory.support.AbstractAutowireCapableBeanFactory.doCreateBean(AbstractAutowireCapableBeanFactory.java:519) ~[spring-beans-3.2.4.RELEASE.jar:3.2.4.RELEASE]
	at org.springframework.beans.factory.support.AbstractAutowireCapableBeanFactory.createBean(AbstractAutowireCapableBeanFactory.java:458) ~[spring-beans-3.2.4.RELEASE.jar:3.2.4.RELEASE]
	at org.springframework.beans.factory.support.AbstractBeanFactory$1.getObject(AbstractBeanFactory.java:295) ~[spring-beans-3.2.4.RELEASE.jar:3.2.4.RELEASE]
	at org.springframework.beans.factory.support.DefaultSingletonBeanRegistry.getSingleton(DefaultSingletonBeanRegistry.java:223) ~[spring-beans-3.2.4.RELEASE.jar:3.2.4.RELEASE]
	at org.springframework.beans.factory.support.AbstractBeanFactory.doGetBean(AbstractBeanFactory.java:292) ~[spring-beans-3.2.4.RELEASE.jar:3.2.4.RELEASE]
	at org.springframework.beans.factory.support.AbstractBeanFactory.getBean(AbstractBeanFactory.java:194) ~[spring-beans-3.2.4.RELEASE.jar:3.2.4.RELEASE]
	at org.springframework.beans.factory.support.BeanDefinitionValueResolver.resolveReference(BeanDefinitionValueResolver.java:323) ~[spring-beans-3.2.4.RELEASE.jar:3.2.4.RELEASE]
	... 44 common frames omitted
Caused by: org.springframework.beans.factory.BeanCreationException: Error creating bean with name 'shiroDbRealm' defined in URL [file:/Users/wangshaohu/workspace/Dajin-web-app/target/classes/applicationContext-shiro.xml]: Cannot resolve reference to bean 'accountService' while setting bean property 'accountService'; nested exception is org.springframework.beans.factory.BeanCreationException: Error creating bean with name 'accountService': Injection of autowired dependencies failed; nested exception is org.springframework.beans.factory.BeanCreationException: Could not autowire method: public void com.brother.basic.service.account.AccountService.setUserDao(com.brother.basic.repository.UserDao); nested exception is org.springframework.beans.factory.BeanCreationException: Error creating bean with name 'userDao': Cannot create inner bean '(inner bean)' of type [org.springframework.orm.jpa.SharedEntityManagerCreator] while setting bean property 'entityManager'; nested exception is org.springframework.beans.factory.BeanCreationException: Error creating bean with name '(inner bean)#1': Cannot resolve reference to bean 'entityManagerFactory' while setting constructor argument; nested exception is org.springframework.beans.factory.BeanCreationException: Error creating bean with name 'entityManagerFactory' defined in URL [file:/Users/wangshaohu/workspace/Dajin-web-app/target/classes/applicationContext.xml]: Cannot resolve reference to bean 'hibernateJpaVendorAdapter' while setting bean property 'jpaVendorAdapter'; nested exception is org.springframework.beans.factory.BeanCreationException: Error creating bean with name 'hibernateJpaVendorAdapter' defined in URL [file:/Users/wangshaohu/workspace/Dajin-web-app/target/classes/applicationContext.xml]: Cannot create inner bean 'org.springside.modules.persistence.Hibernates#77fef1a0' of type [org.springside.modules.persistence.Hibernates] while setting bean property 'databasePlatform'; nested exception is org.springframework.beans.factory.BeanCreationException: Error creating bean with name 'org.springside.modules.persistence.Hibernates#77fef1a0' defined in URL [file:/Users/wangshaohu/workspace/Dajin-web-app/target/classes/applicationContext.xml]: Instantiation of bean failed; nested exception is org.springframework.beans.factory.BeanDefinitionStoreException: Factory method [public static java.lang.String org.springside.modules.persistence.Hibernates.getDialect(javax.sql.DataSource)] threw exception; nested exception is java.lang.RuntimeException: Could not get database url
	at org.springframework.beans.factory.support.BeanDefinitionValueResolver.resolveReference(BeanDefinitionValueResolver.java:329) ~[spring-beans-3.2.4.RELEASE.jar:3.2.4.RELEASE]
	at org.springframework.beans.factory.support.BeanDefinitionValueResolver.resolveValueIfNecessary(BeanDefinitionValueResolver.java:107) ~[spring-beans-3.2.4.RELEASE.jar:3.2.4.RELEASE]
	at org.springframework.beans.factory.support.AbstractAutowireCapableBeanFactory.applyPropertyValues(AbstractAutowireCapableBeanFactory.java:1387) ~[spring-beans-3.2.4.RELEASE.jar:3.2.4.RELEASE]
	at org.springframework.beans.factory.support.AbstractAutowireCapableBeanFactory.populateBean(AbstractAutowireCapableBeanFactory.java:1128) ~[spring-beans-3.2.4.RELEASE.jar:3.2.4.RELEASE]
	at org.springframework.beans.factory.support.AbstractAutowireCapableBeanFactory.doCreateBean(AbstractAutowireCapableBeanFactory.java:519) ~[spring-beans-3.2.4.RELEASE.jar:3.2.4.RELEASE]
	at org.springframework.beans.factory.support.AbstractAutowireCapableBeanFactory.createBean(AbstractAutowireCapableBeanFactory.java:458) ~[spring-beans-3.2.4.RELEASE.jar:3.2.4.RELEASE]
	at org.springframework.beans.factory.support.AbstractBeanFactory$1.getObject(AbstractBeanFactory.java:295) ~[spring-beans-3.2.4.RELEASE.jar:3.2.4.RELEASE]
	at org.springframework.beans.factory.support.DefaultSingletonBeanRegistry.getSingleton(DefaultSingletonBeanRegistry.java:223) ~[spring-beans-3.2.4.RELEASE.jar:3.2.4.RELEASE]
	at org.springframework.beans.factory.support.AbstractBeanFactory.doGetBean(AbstractBeanFactory.java:292) ~[spring-beans-3.2.4.RELEASE.jar:3.2.4.RELEASE]
	at org.springframework.beans.factory.support.AbstractBeanFactory.getBean(AbstractBeanFactory.java:194) ~[spring-beans-3.2.4.RELEASE.jar:3.2.4.RELEASE]
	at org.springframework.beans.factory.support.BeanDefinitionValueResolver.resolveReference(BeanDefinitionValueResolver.java:323) ~[spring-beans-3.2.4.RELEASE.jar:3.2.4.RELEASE]
	... 54 common frames omitted
Caused by: org.springframework.beans.factory.BeanCreationException: Error creating bean with name 'accountService': Injection of autowired dependencies failed; nested exception is org.springframework.beans.factory.BeanCreationException: Could not autowire method: public void com.brother.basic.service.account.AccountService.setUserDao(com.brother.basic.repository.UserDao); nested exception is org.springframework.beans.factory.BeanCreationException: Error creating bean with name 'userDao': Cannot create inner bean '(inner bean)' of type [org.springframework.orm.jpa.SharedEntityManagerCreator] while setting bean property 'entityManager'; nested exception is org.springframework.beans.factory.BeanCreationException: Error creating bean with name '(inner bean)#1': Cannot resolve reference to bean 'entityManagerFactory' while setting constructor argument; nested exception is org.springframework.beans.factory.BeanCreationException: Error creating bean with name 'entityManagerFactory' defined in URL [file:/Users/wangshaohu/workspace/Dajin-web-app/target/classes/applicationContext.xml]: Cannot resolve reference to bean 'hibernateJpaVendorAdapter' while setting bean property 'jpaVendorAdapter'; nested exception is org.springframework.beans.factory.BeanCreationException: Error creating bean with name 'hibernateJpaVendorAdapter' defined in URL [file:/Users/wangshaohu/workspace/Dajin-web-app/target/classes/applicationContext.xml]: Cannot create inner bean 'org.springside.modules.persistence.Hibernates#77fef1a0' of type [org.springside.modules.persistence.Hibernates] while setting bean property 'databasePlatform'; nested exception is org.springframework.beans.factory.BeanCreationException: Error creating bean with name 'org.springside.modules.persistence.Hibernates#77fef1a0' defined in URL [file:/Users/wangshaohu/workspace/Dajin-web-app/target/classes/applicationContext.xml]: Instantiation of bean failed; nested exception is org.springframework.beans.factory.BeanDefinitionStoreException: Factory method [public static java.lang.String org.springside.modules.persistence.Hibernates.getDialect(javax.sql.DataSource)] threw exception; nested exception is java.lang.RuntimeException: Could not get database url
	at org.springframework.beans.factory.annotation.AutowiredAnnotationBeanPostProcessor.postProcessPropertyValues(AutowiredAnnotationBeanPostProcessor.java:288) ~[spring-beans-3.2.4.RELEASE.jar:3.2.4.RELEASE]
	at org.springframework.beans.factory.support.AbstractAutowireCapableBeanFactory.populateBean(AbstractAutowireCapableBeanFactory.java:1116) ~[spring-beans-3.2.4.RELEASE.jar:3.2.4.RELEASE]
	at org.springframework.beans.factory.support.AbstractAutowireCapableBeanFactory.doCreateBean(AbstractAutowireCapableBeanFactory.java:519) ~[spring-beans-3.2.4.RELEASE.jar:3.2.4.RELEASE]
	at org.springframework.beans.factory.support.AbstractAutowireCapableBeanFactory.createBean(AbstractAutowireCapableBeanFactory.java:458) ~[spring-beans-3.2.4.RELEASE.jar:3.2.4.RELEASE]
	at org.springframework.beans.factory.support.AbstractBeanFactory$1.getObject(AbstractBeanFactory.java:295) ~[spring-beans-3.2.4.RELEASE.jar:3.2.4.RELEASE]
	at org.springframework.beans.factory.support.DefaultSingletonBeanRegistry.getSingleton(DefaultSingletonBeanRegistry.java:223) ~[spring-beans-3.2.4.RELEASE.jar:3.2.4.RELEASE]
	at org.springframework.beans.factory.support.AbstractBeanFactory.doGetBean(AbstractBeanFactory.java:292) ~[spring-beans-3.2.4.RELEASE.jar:3.2.4.RELEASE]
	at org.springframework.beans.factory.support.AbstractBeanFactory.getBean(AbstractBeanFactory.java:194) ~[spring-beans-3.2.4.RELEASE.jar:3.2.4.RELEASE]
	at org.springframework.beans.factory.support.BeanDefinitionValueResolver.resolveReference(BeanDefinitionValueResolver.java:323) ~[spring-beans-3.2.4.RELEASE.jar:3.2.4.RELEASE]
	... 64 common frames omitted
Caused by: org.springframework.beans.factory.BeanCreationException: Could not autowire method: public void com.brother.basic.service.account.AccountService.setUserDao(com.brother.basic.repository.UserDao); nested exception is org.springframework.beans.factory.BeanCreationException: Error creating bean with name 'userDao': Cannot create inner bean '(inner bean)' of type [org.springframework.orm.jpa.SharedEntityManagerCreator] while setting bean property 'entityManager'; nested exception is org.springframework.beans.factory.BeanCreationException: Error creating bean with name '(inner bean)#1': Cannot resolve reference to bean 'entityManagerFactory' while setting constructor argument; nested exception is org.springframework.beans.factory.BeanCreationException: Error creating bean with name 'entityManagerFactory' defined in URL [file:/Users/wangshaohu/workspace/Dajin-web-app/target/classes/applicationContext.xml]: Cannot resolve reference to bean 'hibernateJpaVendorAdapter' while setting bean property 'jpaVendorAdapter'; nested exception is org.springframework.beans.factory.BeanCreationException: Error creating bean with name 'hibernateJpaVendorAdapter' defined in URL [file:/Users/wangshaohu/workspace/Dajin-web-app/target/classes/applicationContext.xml]: Cannot create inner bean 'org.springside.modules.persistence.Hibernates#77fef1a0' of type [org.springside.modules.persistence.Hibernates] while setting bean property 'databasePlatform'; nested exception is org.springframework.beans.factory.BeanCreationException: Error creating bean with name 'org.springside.modules.persistence.Hibernates#77fef1a0' defined in URL [file:/Users/wangshaohu/workspace/Dajin-web-app/target/classes/applicationContext.xml]: Instantiation of bean failed; nested exception is org.springframework.beans.factory.BeanDefinitionStoreException: Factory method [public static java.lang.String org.springside.modules.persistence.Hibernates.getDialect(javax.sql.DataSource)] threw exception; nested exception is java.lang.RuntimeException: Could not get database url
	at org.springframework.beans.factory.annotation.AutowiredAnnotationBeanPostProcessor$AutowiredMethodElement.inject(AutowiredAnnotationBeanPostProcessor.java:601) ~[spring-beans-3.2.4.RELEASE.jar:3.2.4.RELEASE]
	at org.springframework.beans.factory.annotation.InjectionMetadata.inject(InjectionMetadata.java:87) ~[spring-beans-3.2.4.RELEASE.jar:3.2.4.RELEASE]
	at org.springframework.beans.factory.annotation.AutowiredAnnotationBeanPostProcessor.postProcessPropertyValues(AutowiredAnnotationBeanPostProcessor.java:285) ~[spring-beans-3.2.4.RELEASE.jar:3.2.4.RELEASE]
	... 72 common frames omitted
Caused by: org.springframework.beans.factory.BeanCreationException: Error creating bean with name 'userDao': Cannot create inner bean '(inner bean)' of type [org.springframework.orm.jpa.SharedEntityManagerCreator] while setting bean property 'entityManager'; nested exception is org.springframework.beans.factory.BeanCreationException: Error creating bean with name '(inner bean)#1': Cannot resolve reference to bean 'entityManagerFactory' while setting constructor argument; nested exception is org.springframework.beans.factory.BeanCreationException: Error creating bean with name 'entityManagerFactory' defined in URL [file:/Users/wangshaohu/workspace/Dajin-web-app/target/classes/applicationContext.xml]: Cannot resolve reference to bean 'hibernateJpaVendorAdapter' while setting bean property 'jpaVendorAdapter'; nested exception is org.springframework.beans.factory.BeanCreationException: Error creating bean with name 'hibernateJpaVendorAdapter' defined in URL [file:/Users/wangshaohu/workspace/Dajin-web-app/target/classes/applicationContext.xml]: Cannot create inner bean 'org.springside.modules.persistence.Hibernates#77fef1a0' of type [org.springside.modules.persistence.Hibernates] while setting bean property 'databasePlatform'; nested exception is org.springframework.beans.factory.BeanCreationException: Error creating bean with name 'org.springside.modules.persistence.Hibernates#77fef1a0' defined in URL [file:/Users/wangshaohu/workspace/Dajin-web-app/target/classes/applicationContext.xml]: Instantiation of bean failed; nested exception is org.springframework.beans.factory.BeanDefinitionStoreException: Factory method [public static java.lang.String org.springside.modules.persistence.Hibernates.getDialect(javax.sql.DataSource)] threw exception; nested exception is java.lang.RuntimeException: Could not get database url
	at org.springframework.beans.factory.support.BeanDefinitionValueResolver.resolveInnerBean(BeanDefinitionValueResolver.java:282) ~[spring-beans-3.2.4.RELEASE.jar:3.2.4.RELEASE]
	at org.springframework.beans.factory.support.BeanDefinitionValueResolver.resolveValueIfNecessary(BeanDefinitionValueResolver.java:126) ~[spring-beans-3.2.4.RELEASE.jar:3.2.4.RELEASE]
	at org.springframework.beans.factory.support.AbstractAutowireCapableBeanFactory.applyPropertyValues(AbstractAutowireCapableBeanFactory.java:1387) ~[spring-beans-3.2.4.RELEASE.jar:3.2.4.RELEASE]
	at org.springframework.beans.factory.support.AbstractAutowireCapableBeanFactory.populateBean(AbstractAutowireCapableBeanFactory.java:1128) ~[spring-beans-3.2.4.RELEASE.jar:3.2.4.RELEASE]
	at org.springframework.beans.factory.support.AbstractAutowireCapableBeanFactory.doCreateBean(AbstractAutowireCapableBeanFactory.java:519) ~[spring-beans-3.2.4.RELEASE.jar:3.2.4.RELEASE]
	at org.springframework.beans.factory.support.AbstractAutowireCapableBeanFactory.createBean(AbstractAutowireCapableBeanFactory.java:458) ~[spring-beans-3.2.4.RELEASE.jar:3.2.4.RELEASE]
	at org.springframework.beans.factory.support.AbstractBeanFactory$1.getObject(AbstractBeanFactory.java:295) ~[spring-beans-3.2.4.RELEASE.jar:3.2.4.RELEASE]
	at org.springframework.beans.factory.support.DefaultSingletonBeanRegistry.getSingleton(DefaultSingletonBeanRegistry.java:223) ~[spring-beans-3.2.4.RELEASE.jar:3.2.4.RELEASE]
	at org.springframework.beans.factory.support.AbstractBeanFactory.doGetBean(AbstractBeanFactory.java:292) ~[spring-beans-3.2.4.RELEASE.jar:3.2.4.RELEASE]
	at org.springframework.beans.factory.support.AbstractBeanFactory.getBean(AbstractBeanFactory.java:194) ~[spring-beans-3.2.4.RELEASE.jar:3.2.4.RELEASE]
	at org.springframework.beans.factory.support.DefaultListableBeanFactory.findAutowireCandidates(DefaultListableBeanFactory.java:912) ~[spring-beans-3.2.4.RELEASE.jar:3.2.4.RELEASE]
	at org.springframework.beans.factory.support.DefaultListableBeanFactory.doResolveDependency(DefaultListableBeanFactory.java:855) ~[spring-beans-3.2.4.RELEASE.jar:3.2.4.RELEASE]
	at org.springframework.beans.factory.support.DefaultListableBeanFactory.resolveDependency(DefaultListableBeanFactory.java:770) ~[spring-beans-3.2.4.RELEASE.jar:3.2.4.RELEASE]
	at org.springframework.beans.factory.annotation.AutowiredAnnotationBeanPostProcessor$AutowiredMethodElement.inject(AutowiredAnnotationBeanPostProcessor.java:558) ~[spring-beans-3.2.4.RELEASE.jar:3.2.4.RELEASE]
	... 74 common frames omitted
Caused by: org.springframework.beans.factory.BeanCreationException: Error creating bean with name '(inner bean)#1': Cannot resolve reference to bean 'entityManagerFactory' while setting constructor argument; nested exception is org.springframework.beans.factory.BeanCreationException: Error creating bean with name 'entityManagerFactory' defined in URL [file:/Users/wangshaohu/workspace/Dajin-web-app/target/classes/applicationContext.xml]: Cannot resolve reference to bean 'hibernateJpaVendorAdapter' while setting bean property 'jpaVendorAdapter'; nested exception is org.springframework.beans.factory.BeanCreationException: Error creating bean with name 'hibernateJpaVendorAdapter' defined in URL [file:/Users/wangshaohu/workspace/Dajin-web-app/target/classes/applicationContext.xml]: Cannot create inner bean 'org.springside.modules.persistence.Hibernates#77fef1a0' of type [org.springside.modules.persistence.Hibernates] while setting bean property 'databasePlatform'; nested exception is org.springframework.beans.factory.BeanCreationException: Error creating bean with name 'org.springside.modules.persistence.Hibernates#77fef1a0' defined in URL [file:/Users/wangshaohu/workspace/Dajin-web-app/target/classes/applicationContext.xml]: Instantiation of bean failed; nested exception is org.springframework.beans.factory.BeanDefinitionStoreException: Factory method [public static java.lang.String org.springside.modules.persistence.Hibernates.getDialect(javax.sql.DataSource)] threw exception; nested exception is java.lang.RuntimeException: Could not get database url
	at org.springframework.beans.factory.support.BeanDefinitionValueResolver.resolveReference(BeanDefinitionValueResolver.java:329) ~[spring-beans-3.2.4.RELEASE.jar:3.2.4.RELEASE]
	at org.springframework.beans.factory.support.BeanDefinitionValueResolver.resolveValueIfNecessary(BeanDefinitionValueResolver.java:107) ~[spring-beans-3.2.4.RELEASE.jar:3.2.4.RELEASE]
	at org.springframework.beans.factory.support.ConstructorResolver.resolveConstructorArguments(ConstructorResolver.java:615) ~[spring-beans-3.2.4.RELEASE.jar:3.2.4.RELEASE]
	at org.springframework.beans.factory.support.ConstructorResolver.instantiateUsingFactoryMethod(ConstructorResolver.java:441) ~[spring-beans-3.2.4.RELEASE.jar:3.2.4.RELEASE]
	at org.springframework.beans.factory.support.AbstractAutowireCapableBeanFactory.instantiateUsingFactoryMethod(AbstractAutowireCapableBeanFactory.java:1025) ~[spring-beans-3.2.4.RELEASE.jar:3.2.4.RELEASE]
	at org.springframework.beans.factory.support.AbstractAutowireCapableBeanFactory.createBeanInstance(AbstractAutowireCapableBeanFactory.java:921) ~[spring-beans-3.2.4.RELEASE.jar:3.2.4.RELEASE]
	at org.springframework.beans.factory.support.AbstractAutowireCapableBeanFactory.doCreateBean(AbstractAutowireCapableBeanFactory.java:487) ~[spring-beans-3.2.4.RELEASE.jar:3.2.4.RELEASE]
	at org.springframework.beans.factory.support.AbstractAutowireCapableBeanFactory.createBean(AbstractAutowireCapableBeanFactory.java:458) ~[spring-beans-3.2.4.RELEASE.jar:3.2.4.RELEASE]
	at org.springframework.beans.factory.support.BeanDefinitionValueResolver.resolveInnerBean(BeanDefinitionValueResolver.java:271) ~[spring-beans-3.2.4.RELEASE.jar:3.2.4.RELEASE]
	... 87 common frames omitted
Caused by: org.springframework.beans.factory.BeanCreationException: Error creating bean with name 'entityManagerFactory' defined in URL [file:/Users/wangshaohu/workspace/Dajin-web-app/target/classes/applicationContext.xml]: Cannot resolve reference to bean 'hibernateJpaVendorAdapter' while setting bean property 'jpaVendorAdapter'; nested exception is org.springframework.beans.factory.BeanCreationException: Error creating bean with name 'hibernateJpaVendorAdapter' defined in URL [file:/Users/wangshaohu/workspace/Dajin-web-app/target/classes/applicationContext.xml]: Cannot create inner bean 'org.springside.modules.persistence.Hibernates#77fef1a0' of type [org.springside.modules.persistence.Hibernates] while setting bean property 'databasePlatform'; nested exception is org.springframework.beans.factory.BeanCreationException: Error creating bean with name 'org.springside.modules.persistence.Hibernates#77fef1a0' defined in URL [file:/Users/wangshaohu/workspace/Dajin-web-app/target/classes/applicationContext.xml]: Instantiation of bean failed; nested exception is org.springframework.beans.factory.BeanDefinitionStoreException: Factory method [public static java.lang.String org.springside.modules.persistence.Hibernates.getDialect(javax.sql.DataSource)] threw exception; nested exception is java.lang.RuntimeException: Could not get database url
	at org.springframework.beans.factory.support.BeanDefinitionValueResolver.resolveReference(BeanDefinitionValueResolver.java:329) ~[spring-beans-3.2.4.RELEASE.jar:3.2.4.RELEASE]
	at org.springframework.beans.factory.support.BeanDefinitionValueResolver.resolveValueIfNecessary(BeanDefinitionValueResolver.java:107) ~[spring-beans-3.2.4.RELEASE.jar:3.2.4.RELEASE]
	at org.springframework.beans.factory.support.AbstractAutowireCapableBeanFactory.applyPropertyValues(AbstractAutowireCapableBeanFactory.java:1387) ~[spring-beans-3.2.4.RELEASE.jar:3.2.4.RELEASE]
	at org.springframework.beans.factory.support.AbstractAutowireCapableBeanFactory.populateBean(AbstractAutowireCapableBeanFactory.java:1128) ~[spring-beans-3.2.4.RELEASE.jar:3.2.4.RELEASE]
	at org.springframework.beans.factory.support.AbstractAutowireCapableBeanFactory.doCreateBean(AbstractAutowireCapableBeanFactory.java:519) ~[spring-beans-3.2.4.RELEASE.jar:3.2.4.RELEASE]
	at org.springframework.beans.factory.support.AbstractAutowireCapableBeanFactory.createBean(AbstractAutowireCapableBeanFactory.java:458) ~[spring-beans-3.2.4.RELEASE.jar:3.2.4.RELEASE]
	at org.springframework.beans.factory.support.AbstractBeanFactory$1.getObject(AbstractBeanFactory.java:295) ~[spring-beans-3.2.4.RELEASE.jar:3.2.4.RELEASE]
	at org.springframework.beans.factory.support.DefaultSingletonBeanRegistry.getSingleton(DefaultSingletonBeanRegistry.java:223) ~[spring-beans-3.2.4.RELEASE.jar:3.2.4.RELEASE]
	at org.springframework.beans.factory.support.AbstractBeanFactory.doGetBean(AbstractBeanFactory.java:292) ~[spring-beans-3.2.4.RELEASE.jar:3.2.4.RELEASE]
	at org.springframework.beans.factory.support.AbstractBeanFactory.getBean(AbstractBeanFactory.java:194) ~[spring-beans-3.2.4.RELEASE.jar:3.2.4.RELEASE]
	at org.springframework.beans.factory.support.BeanDefinitionValueResolver.resolveReference(BeanDefinitionValueResolver.java:323) ~[spring-beans-3.2.4.RELEASE.jar:3.2.4.RELEASE]
	... 95 common frames omitted
Caused by: org.springframework.beans.factory.BeanCreationException: Error creating bean with name 'hibernateJpaVendorAdapter' defined in URL [file:/Users/wangshaohu/workspace/Dajin-web-app/target/classes/applicationContext.xml]: Cannot create inner bean 'org.springside.modules.persistence.Hibernates#77fef1a0' of type [org.springside.modules.persistence.Hibernates] while setting bean property 'databasePlatform'; nested exception is org.springframework.beans.factory.BeanCreationException: Error creating bean with name 'org.springside.modules.persistence.Hibernates#77fef1a0' defined in URL [file:/Users/wangshaohu/workspace/Dajin-web-app/target/classes/applicationContext.xml]: Instantiation of bean failed; nested exception is org.springframework.beans.factory.BeanDefinitionStoreException: Factory method [public static java.lang.String org.springside.modules.persistence.Hibernates.getDialect(javax.sql.DataSource)] threw exception; nested exception is java.lang.RuntimeException: Could not get database url
	at org.springframework.beans.factory.support.BeanDefinitionValueResolver.resolveInnerBean(BeanDefinitionValueResolver.java:282) ~[spring-beans-3.2.4.RELEASE.jar:3.2.4.RELEASE]
	at org.springframework.beans.factory.support.BeanDefinitionValueResolver.resolveValueIfNecessary(BeanDefinitionValueResolver.java:121) ~[spring-beans-3.2.4.RELEASE.jar:3.2.4.RELEASE]
	at org.springframework.beans.factory.support.AbstractAutowireCapableBeanFactory.applyPropertyValues(AbstractAutowireCapableBeanFactory.java:1387) ~[spring-beans-3.2.4.RELEASE.jar:3.2.4.RELEASE]
	at org.springframework.beans.factory.support.AbstractAutowireCapableBeanFactory.populateBean(AbstractAutowireCapableBeanFactory.java:1128) ~[spring-beans-3.2.4.RELEASE.jar:3.2.4.RELEASE]
	at org.springframework.beans.factory.support.AbstractAutowireCapableBeanFactory.doCreateBean(AbstractAutowireCapableBeanFactory.java:519) ~[spring-beans-3.2.4.RELEASE.jar:3.2.4.RELEASE]
	at org.springframework.beans.factory.support.AbstractAutowireCapableBeanFactory.createBean(AbstractAutowireCapableBeanFactory.java:458) ~[spring-beans-3.2.4.RELEASE.jar:3.2.4.RELEASE]
	at org.springframework.beans.factory.support.AbstractBeanFactory$1.getObject(AbstractBeanFactory.java:295) ~[spring-beans-3.2.4.RELEASE.jar:3.2.4.RELEASE]
	at org.springframework.beans.factory.support.DefaultSingletonBeanRegistry.getSingleton(DefaultSingletonBeanRegistry.java:223) ~[spring-beans-3.2.4.RELEASE.jar:3.2.4.RELEASE]
	at org.springframework.beans.factory.support.AbstractBeanFactory.doGetBean(AbstractBeanFactory.java:292) ~[spring-beans-3.2.4.RELEASE.jar:3.2.4.RELEASE]
	at org.springframework.beans.factory.support.AbstractBeanFactory.getBean(AbstractBeanFactory.java:194) ~[spring-beans-3.2.4.RELEASE.jar:3.2.4.RELEASE]
	at org.springframework.beans.factory.support.BeanDefinitionValueResolver.resolveReference(BeanDefinitionValueResolver.java:323) ~[spring-beans-3.2.4.RELEASE.jar:3.2.4.RELEASE]
	... 105 common frames omitted
Caused by: org.springframework.beans.factory.BeanCreationException: Error creating bean with name 'org.springside.modules.persistence.Hibernates#77fef1a0' defined in URL [file:/Users/wangshaohu/workspace/Dajin-web-app/target/classes/applicationContext.xml]: Instantiation of bean failed; nested exception is org.springframework.beans.factory.BeanDefinitionStoreException: Factory method [public static java.lang.String org.springside.modules.persistence.Hibernates.getDialect(javax.sql.DataSource)] threw exception; nested exception is java.lang.RuntimeException: Could not get database url
	at org.springframework.beans.factory.support.ConstructorResolver.instantiateUsingFactoryMethod(ConstructorResolver.java:581) ~[spring-beans-3.2.4.RELEASE.jar:3.2.4.RELEASE]
	at org.springframework.beans.factory.support.AbstractAutowireCapableBeanFactory.instantiateUsingFactoryMethod(AbstractAutowireCapableBeanFactory.java:1025) ~[spring-beans-3.2.4.RELEASE.jar:3.2.4.RELEASE]
	at org.springframework.beans.factory.support.AbstractAutowireCapableBeanFactory.createBeanInstance(AbstractAutowireCapableBeanFactory.java:921) ~[spring-beans-3.2.4.RELEASE.jar:3.2.4.RELEASE]
	at org.springframework.beans.factory.support.AbstractAutowireCapableBeanFactory.doCreateBean(AbstractAutowireCapableBeanFactory.java:487) ~[spring-beans-3.2.4.RELEASE.jar:3.2.4.RELEASE]
	at org.springframework.beans.factory.support.AbstractAutowireCapableBeanFactory.createBean(AbstractAutowireCapableBeanFactory.java:458) ~[spring-beans-3.2.4.RELEASE.jar:3.2.4.RELEASE]
	at org.springframework.beans.factory.support.BeanDefinitionValueResolver.resolveInnerBean(BeanDefinitionValueResolver.java:271) ~[spring-beans-3.2.4.RELEASE.jar:3.2.4.RELEASE]
	... 115 common frames omitted
Caused by: org.springframework.beans.factory.BeanDefinitionStoreException: Factory method [public static java.lang.String org.springside.modules.persistence.Hibernates.getDialect(javax.sql.DataSource)] threw exception; nested exception is java.lang.RuntimeException: Could not get database url
	at org.springframework.beans.factory.support.SimpleInstantiationStrategy.instantiate(SimpleInstantiationStrategy.java:181) ~[spring-beans-3.2.4.RELEASE.jar:3.2.4.RELEASE]
	at org.springframework.beans.factory.support.ConstructorResolver.instantiateUsingFactoryMethod(ConstructorResolver.java:570) ~[spring-beans-3.2.4.RELEASE.jar:3.2.4.RELEASE]
	... 120 common frames omitted
Caused by: java.lang.RuntimeException: Could not get database url
	at org.springside.modules.persistence.Hibernates.getJdbcUrlFromDataSource(Hibernates.java:58) ~[springside-core-4.1.1-SNAPSHOT.jar:4.1.1-SNAPSHOT]
	at org.springside.modules.persistence.Hibernates.getDialect(Hibernates.java:31) ~[springside-core-4.1.1-SNAPSHOT.jar:4.1.1-SNAPSHOT]
	at sun.reflect.NativeMethodAccessorImpl.invoke0(Native Method) ~[na:1.6.0_45]
	at sun.reflect.NativeMethodAccessorImpl.invoke(NativeMethodAccessorImpl.java:39) ~[na:1.6.0_45]
	at sun.reflect.DelegatingMethodAccessorImpl.invoke(DelegatingMethodAccessorImpl.java:25) ~[na:1.6.0_45]
	at java.lang.reflect.Method.invoke(Method.java:597) ~[na:1.6.0_45]
	at org.springframework.beans.factory.support.SimpleInstantiationStrategy.instantiate(SimpleInstantiationStrategy.java:160) ~[spring-beans-3.2.4.RELEASE.jar:3.2.4.RELEASE]
	... 121 common frames omitted
Caused by: com.mysql.jdbc.exceptions.jdbc4.CommunicationsException: Communications link failure

The last packet sent successfully to the server was 0 milliseconds ago. The driver has not received any packets from the server.
	at sun.reflect.NativeConstructorAccessorImpl.newInstance0(Native Method) ~[na:1.6.0_45]
	at sun.reflect.NativeConstructorAccessorImpl.newInstance(NativeConstructorAccessorImpl.java:39) ~[na:1.6.0_45]
	at sun.reflect.DelegatingConstructorAccessorImpl.newInstance(DelegatingConstructorAccessorImpl.java:27) ~[na:1.6.0_45]
	at java.lang.reflect.Constructor.newInstance(Constructor.java:513) ~[na:1.6.0_45]
	at com.mysql.jdbc.Util.handleNewInstance(Util.java:411) ~[mysql-connector-java-5.1.22.jar:na]
	at com.mysql.jdbc.SQLError.createCommunicationsException(SQLError.java:1117) ~[mysql-connector-java-5.1.22.jar:na]
	at com.mysql.jdbc.MysqlIO.<init>(MysqlIO.java:350) ~[mysql-connector-java-5.1.22.jar:na]
	at com.mysql.jdbc.ConnectionImpl.coreConnect(ConnectionImpl.java:2408) ~[mysql-connector-java-5.1.22.jar:na]
	at com.mysql.jdbc.ConnectionImpl.connectOneTryOnly(ConnectionImpl.java:2445) ~[mysql-connector-java-5.1.22.jar:na]
	at com.mysql.jdbc.ConnectionImpl.createNewIO(ConnectionImpl.java:2230) ~[mysql-connector-java-5.1.22.jar:na]
	at com.mysql.jdbc.ConnectionImpl.<init>(ConnectionImpl.java:813) ~[mysql-connector-java-5.1.22.jar:na]
	at com.mysql.jdbc.JDBC4Connection.<init>(JDBC4Connection.java:47) ~[mysql-connector-java-5.1.22.jar:na]
	at sun.reflect.NativeConstructorAccessorImpl.newInstance0(Native Method) ~[na:1.6.0_45]
	at sun.reflect.NativeConstructorAccessorImpl.newInstance(NativeConstructorAccessorImpl.java:39) ~[na:1.6.0_45]
	at sun.reflect.DelegatingConstructorAccessorImpl.newInstance(DelegatingConstructorAccessorImpl.java:27) ~[na:1.6.0_45]
	at java.lang.reflect.Constructor.newInstance(Constructor.java:513) ~[na:1.6.0_45]
	at com.mysql.jdbc.Util.handleNewInstance(Util.java:411) ~[mysql-connector-java-5.1.22.jar:na]
	at com.mysql.jdbc.ConnectionImpl.getInstance(ConnectionImpl.java:399) ~[mysql-connector-java-5.1.22.jar:na]
	at com.mysql.jdbc.NonRegisteringDriver.connect(NonRegisteringDriver.java:334) ~[mysql-connector-java-5.1.22.jar:na]
	at org.apache.tomcat.jdbc.pool.PooledConnection.connectUsingDriver(PooledConnection.java:278) ~[tomcat-jdbc-7.0.42.jar:na]
	at org.apache.tomcat.jdbc.pool.PooledConnection.connect(PooledConnection.java:182) ~[tomcat-jdbc-7.0.42.jar:na]
	at org.apache.tomcat.jdbc.pool.ConnectionPool.createConnection(ConnectionPool.java:702) ~[tomcat-jdbc-7.0.42.jar:na]
	at org.apache.tomcat.jdbc.pool.ConnectionPool.borrowConnection(ConnectionPool.java:634) ~[tomcat-jdbc-7.0.42.jar:na]
	at org.apache.tomcat.jdbc.pool.ConnectionPool.init(ConnectionPool.java:488) ~[tomcat-jdbc-7.0.42.jar:na]
	at org.apache.tomcat.jdbc.pool.ConnectionPool.<init>(ConnectionPool.java:144) ~[tomcat-jdbc-7.0.42.jar:na]
	at org.apache.tomcat.jdbc.pool.DataSourceProxy.pCreatePool(DataSourceProxy.java:116) ~[tomcat-jdbc-7.0.42.jar:na]
	at org.apache.tomcat.jdbc.pool.DataSourceProxy.createPool(DataSourceProxy.java:103) ~[tomcat-jdbc-7.0.42.jar:na]
	at org.apache.tomcat.jdbc.pool.DataSourceProxy.getConnection(DataSourceProxy.java:127) ~[tomcat-jdbc-7.0.42.jar:na]
	at org.springside.modules.persistence.Hibernates.getJdbcUrlFromDataSource(Hibernates.java:52) ~[springside-core-4.1.1-SNAPSHOT.jar:4.1.1-SNAPSHOT]
	... 127 common frames omitted
Caused by: java.net.ConnectException: Connection refused
	at java.net.PlainSocketImpl.socketConnect(Native Method) ~[na:1.6.0_45]
	at java.net.PlainSocketImpl.doConnect(PlainSocketImpl.java:351) ~[na:1.6.0_45]
	at java.net.PlainSocketImpl.connectToAddress(PlainSocketImpl.java:213) ~[na:1.6.0_45]
	at java.net.PlainSocketImpl.connect(PlainSocketImpl.java:200) ~[na:1.6.0_45]
	at java.net.SocksSocketImpl.connect(SocksSocketImpl.java:432) ~[na:1.6.0_45]
	at java.net.Socket.connect(Socket.java:529) ~[na:1.6.0_45]
	at java.net.Socket.connect(Socket.java:478) ~[na:1.6.0_45]
	at java.net.Socket.<init>(Socket.java:375) ~[na:1.6.0_45]
	at java.net.Socket.<init>(Socket.java:218) ~[na:1.6.0_45]
	at com.mysql.jdbc.StandardSocketFactory.connect(StandardSocketFactory.java:259) ~[mysql-connector-java-5.1.22.jar:na]
	at com.mysql.jdbc.MysqlIO.<init>(MysqlIO.java:300) ~[mysql-connector-java-5.1.22.jar:na]
	... 149 common frames omitted
09:12:18.204 [http-8080-3] ERROR 500.jsp - Expected MultipartHttpServletRequest: is a MultipartResolver configured?
java.lang.IllegalArgumentException: Expected MultipartHttpServletRequest: is a MultipartResolver configured?
	at org.springframework.util.Assert.notNull(Assert.java:112) ~[spring-core-3.2.4.RELEASE.jar:3.2.4.RELEASE]
	at org.springframework.web.method.annotation.RequestParamMethodArgumentResolver.resolveName(RequestParamMethodArgumentResolver.java:151) ~[spring-web-3.2.4.RELEASE.jar:3.2.4.RELEASE]
	at org.springframework.web.method.annotation.AbstractNamedValueMethodArgumentResolver.resolveArgument(AbstractNamedValueMethodArgumentResolver.java:86) ~[spring-web-3.2.4.RELEASE.jar:3.2.4.RELEASE]
	at org.springframework.web.method.support.HandlerMethodArgumentResolverComposite.resolveArgument(HandlerMethodArgumentResolverComposite.java:77) ~[spring-web-3.2.4.RELEASE.jar:3.2.4.RELEASE]
	at org.springframework.web.method.support.InvocableHandlerMethod.getMethodArgumentValues(InvocableHandlerMethod.java:162) ~[spring-web-3.2.4.RELEASE.jar:3.2.4.RELEASE]
	at org.springframework.web.method.support.InvocableHandlerMethod.invokeForRequest(InvocableHandlerMethod.java:123) ~[spring-web-3.2.4.RELEASE.jar:3.2.4.RELEASE]
	at org.springframework.web.servlet.mvc.method.annotation.ServletInvocableHandlerMethod.invokeAndHandle(ServletInvocableHandlerMethod.java:104) ~[spring-webmvc-3.2.4.RELEASE.jar:3.2.4.RELEASE]
	at org.springframework.web.servlet.mvc.method.annotation.RequestMappingHandlerAdapter.invokeHandleMethod(RequestMappingHandlerAdapter.java:745) ~[spring-webmvc-3.2.4.RELEASE.jar:3.2.4.RELEASE]
	at org.springframework.web.servlet.mvc.method.annotation.RequestMappingHandlerAdapter.handleInternal(RequestMappingHandlerAdapter.java:686) ~[spring-webmvc-3.2.4.RELEASE.jar:3.2.4.RELEASE]
	at org.springframework.web.servlet.mvc.method.AbstractHandlerMethodAdapter.handle(AbstractHandlerMethodAdapter.java:80) ~[spring-webmvc-3.2.4.RELEASE.jar:3.2.4.RELEASE]
	at org.springframework.web.servlet.DispatcherServlet.doDispatch(DispatcherServlet.java:925) [spring-webmvc-3.2.4.RELEASE.jar:3.2.4.RELEASE]
	at org.springframework.web.servlet.DispatcherServlet.doService(DispatcherServlet.java:856) [spring-webmvc-3.2.4.RELEASE.jar:3.2.4.RELEASE]
	at org.springframework.web.servlet.FrameworkServlet.processRequest(FrameworkServlet.java:936) [spring-webmvc-3.2.4.RELEASE.jar:3.2.4.RELEASE]
	at org.springframework.web.servlet.FrameworkServlet.doPost(FrameworkServlet.java:838) [spring-webmvc-3.2.4.RELEASE.jar:3.2.4.RELEASE]
	at javax.servlet.http.HttpServlet.service(HttpServlet.java:637) [servlet-api-6.0.29.jar:na]
	at org.springframework.web.servlet.FrameworkServlet.service(FrameworkServlet.java:812) [spring-webmvc-3.2.4.RELEASE.jar:3.2.4.RELEASE]
	at javax.servlet.http.HttpServlet.service(HttpServlet.java:717) [servlet-api-6.0.29.jar:na]
	at org.apache.catalina.core.ApplicationFilterChain.internalDoFilter(ApplicationFilterChain.java:290) [catalina-6.0.29.jar:6.0.29]
	at org.apache.catalina.core.ApplicationFilterChain.doFilter(ApplicationFilterChain.java:206) [catalina-6.0.29.jar:6.0.29]
	at com.opensymphony.sitemesh.webapp.SiteMeshFilter.obtainContent(SiteMeshFilter.java:129) [sitemesh-2.4.2.jar:na]
	at com.opensymphony.sitemesh.webapp.SiteMeshFilter.doFilter(SiteMeshFilter.java:77) [sitemesh-2.4.2.jar:na]
	at org.apache.catalina.core.ApplicationFilterChain.internalDoFilter(ApplicationFilterChain.java:235) [catalina-6.0.29.jar:6.0.29]
	at org.apache.catalina.core.ApplicationFilterChain.doFilter(ApplicationFilterChain.java:206) [catalina-6.0.29.jar:6.0.29]
	at org.apache.shiro.web.servlet.ProxiedFilterChain.doFilter(ProxiedFilterChain.java:61) [shiro-web-1.2.2.jar:1.2.2]
	at org.apache.shiro.web.servlet.AdviceFilter.executeChain(AdviceFilter.java:108) [shiro-web-1.2.2.jar:1.2.2]
	at org.apache.shiro.web.servlet.AdviceFilter.doFilterInternal(AdviceFilter.java:137) [shiro-web-1.2.2.jar:1.2.2]
	at org.apache.shiro.web.servlet.OncePerRequestFilter.doFilter(OncePerRequestFilter.java:125) [shiro-web-1.2.2.jar:1.2.2]
	at org.apache.shiro.web.servlet.ProxiedFilterChain.doFilter(ProxiedFilterChain.java:66) [shiro-web-1.2.2.jar:1.2.2]
	at org.apache.shiro.web.servlet.AbstractShiroFilter.executeChain(AbstractShiroFilter.java:449) [shiro-web-1.2.2.jar:1.2.2]
	at org.apache.shiro.web.servlet.AbstractShiroFilter$1.call(AbstractShiroFilter.java:365) [shiro-web-1.2.2.jar:1.2.2]
	at org.apache.shiro.subject.support.SubjectCallable.doCall(SubjectCallable.java:90) [shiro-core-1.2.2.jar:1.2.2]
	at org.apache.shiro.subject.support.SubjectCallable.call(SubjectCallable.java:83) [shiro-core-1.2.2.jar:1.2.2]
	at org.apache.shiro.subject.support.DelegatingSubject.execute(DelegatingSubject.java:383) [shiro-core-1.2.2.jar:1.2.2]
	at org.apache.shiro.web.servlet.AbstractShiroFilter.doFilterInternal(AbstractShiroFilter.java:362) [shiro-web-1.2.2.jar:1.2.2]
	at org.apache.shiro.web.servlet.OncePerRequestFilter.doFilter(OncePerRequestFilter.java:125) [shiro-web-1.2.2.jar:1.2.2]
	at org.springframework.web.filter.DelegatingFilterProxy.invokeDelegate(DelegatingFilterProxy.java:343) [spring-web-3.2.4.RELEASE.jar:3.2.4.RELEASE]
	at org.springframework.web.filter.DelegatingFilterProxy.doFilter(DelegatingFilterProxy.java:260) [spring-web-3.2.4.RELEASE.jar:3.2.4.RELEASE]
	at org.apache.catalina.core.ApplicationFilterChain.internalDoFilter(ApplicationFilterChain.java:235) [catalina-6.0.29.jar:6.0.29]
	at org.apache.catalina.core.ApplicationFilterChain.doFilter(ApplicationFilterChain.java:206) [catalina-6.0.29.jar:6.0.29]
	at org.springframework.orm.jpa.support.OpenEntityManagerInViewFilter.doFilterInternal(OpenEntityManagerInViewFilter.java:180) [spring-orm-3.2.4.RELEASE.jar:3.2.4.RELEASE]
	at org.springframework.web.filter.OncePerRequestFilter.doFilter(OncePerRequestFilter.java:107) [spring-web-3.2.4.RELEASE.jar:3.2.4.RELEASE]
	at org.apache.catalina.core.ApplicationFilterChain.internalDoFilter(ApplicationFilterChain.java:235) [catalina-6.0.29.jar:6.0.29]
	at org.apache.catalina.core.ApplicationFilterChain.doFilter(ApplicationFilterChain.java:206) [catalina-6.0.29.jar:6.0.29]
	at org.springframework.web.filter.CharacterEncodingFilter.doFilterInternal(CharacterEncodingFilter.java:88) [spring-web-3.2.4.RELEASE.jar:3.2.4.RELEASE]
	at org.springframework.web.filter.OncePerRequestFilter.doFilter(OncePerRequestFilter.java:107) [spring-web-3.2.4.RELEASE.jar:3.2.4.RELEASE]
	at org.apache.catalina.core.ApplicationFilterChain.internalDoFilter(ApplicationFilterChain.java:235) [catalina-6.0.29.jar:6.0.29]
	at org.apache.catalina.core.ApplicationFilterChain.doFilter(ApplicationFilterChain.java:206) [catalina-6.0.29.jar:6.0.29]
	at org.apache.catalina.core.StandardWrapperValve.invoke(StandardWrapperValve.java:233) [catalina-6.0.29.jar:6.0.29]
	at org.apache.catalina.core.StandardContextValve.invoke(StandardContextValve.java:191) [catalina-6.0.29.jar:6.0.29]
	at org.apache.catalina.core.StandardHostValve.invoke(StandardHostValve.java:127) [catalina-6.0.29.jar:6.0.29]
	at org.apache.catalina.valves.ErrorReportValve.invoke(ErrorReportValve.java:102) [catalina-6.0.29.jar:6.0.29]
	at org.apache.catalina.core.StandardEngineValve.invoke(StandardEngineValve.java:109) [catalina-6.0.29.jar:6.0.29]
	at org.apache.catalina.connector.CoyoteAdapter.service(CoyoteAdapter.java:298) [catalina-6.0.29.jar:6.0.29]
	at org.apache.coyote.http11.Http11Processor.process(Http11Processor.java:857) [coyote-6.0.29.jar:6.0.29]
	at org.apache.coyote.http11.Http11Protocol$Http11ConnectionHandler.process(Http11Protocol.java:588) [coyote-6.0.29.jar:6.0.29]
	at org.apache.tomcat.util.net.JIoEndpoint$Worker.run(JIoEndpoint.java:489) [coyote-6.0.29.jar:6.0.29]
	at java.lang.Thread.run(Thread.java:680) [na:1.6.0_45]
09:12:25.831 [http-8080-3] ERROR 500.jsp - Expected MultipartHttpServletRequest: is a MultipartResolver configured?
java.lang.IllegalArgumentException: Expected MultipartHttpServletRequest: is a MultipartResolver configured?
	at org.springframework.util.Assert.notNull(Assert.java:112) ~[spring-core-3.2.4.RELEASE.jar:3.2.4.RELEASE]
	at org.springframework.web.method.annotation.RequestParamMethodArgumentResolver.resolveName(RequestParamMethodArgumentResolver.java:151) ~[spring-web-3.2.4.RELEASE.jar:3.2.4.RELEASE]
	at org.springframework.web.method.annotation.AbstractNamedValueMethodArgumentResolver.resolveArgument(AbstractNamedValueMethodArgumentResolver.java:86) ~[spring-web-3.2.4.RELEASE.jar:3.2.4.RELEASE]
	at org.springframework.web.method.support.HandlerMethodArgumentResolverComposite.resolveArgument(HandlerMethodArgumentResolverComposite.java:77) ~[spring-web-3.2.4.RELEASE.jar:3.2.4.RELEASE]
	at org.springframework.web.method.support.InvocableHandlerMethod.getMethodArgumentValues(InvocableHandlerMethod.java:162) ~[spring-web-3.2.4.RELEASE.jar:3.2.4.RELEASE]
	at org.springframework.web.method.support.InvocableHandlerMethod.invokeForRequest(InvocableHandlerMethod.java:123) ~[spring-web-3.2.4.RELEASE.jar:3.2.4.RELEASE]
	at org.springframework.web.servlet.mvc.method.annotation.ServletInvocableHandlerMethod.invokeAndHandle(ServletInvocableHandlerMethod.java:104) ~[spring-webmvc-3.2.4.RELEASE.jar:3.2.4.RELEASE]
	at org.springframework.web.servlet.mvc.method.annotation.RequestMappingHandlerAdapter.invokeHandleMethod(RequestMappingHandlerAdapter.java:745) ~[spring-webmvc-3.2.4.RELEASE.jar:3.2.4.RELEASE]
	at org.springframework.web.servlet.mvc.method.annotation.RequestMappingHandlerAdapter.handleInternal(RequestMappingHandlerAdapter.java:686) ~[spring-webmvc-3.2.4.RELEASE.jar:3.2.4.RELEASE]
	at org.springframework.web.servlet.mvc.method.AbstractHandlerMethodAdapter.handle(AbstractHandlerMethodAdapter.java:80) ~[spring-webmvc-3.2.4.RELEASE.jar:3.2.4.RELEASE]
	at org.springframework.web.servlet.DispatcherServlet.doDispatch(DispatcherServlet.java:925) [spring-webmvc-3.2.4.RELEASE.jar:3.2.4.RELEASE]
	at org.springframework.web.servlet.DispatcherServlet.doService(DispatcherServlet.java:856) [spring-webmvc-3.2.4.RELEASE.jar:3.2.4.RELEASE]
	at org.springframework.web.servlet.FrameworkServlet.processRequest(FrameworkServlet.java:936) [spring-webmvc-3.2.4.RELEASE.jar:3.2.4.RELEASE]
	at org.springframework.web.servlet.FrameworkServlet.doPost(FrameworkServlet.java:838) [spring-webmvc-3.2.4.RELEASE.jar:3.2.4.RELEASE]
	at javax.servlet.http.HttpServlet.service(HttpServlet.java:637) [servlet-api-6.0.29.jar:na]
	at org.springframework.web.servlet.FrameworkServlet.service(FrameworkServlet.java:812) [spring-webmvc-3.2.4.RELEASE.jar:3.2.4.RELEASE]
	at javax.servlet.http.HttpServlet.service(HttpServlet.java:717) [servlet-api-6.0.29.jar:na]
	at org.apache.catalina.core.ApplicationFilterChain.internalDoFilter(ApplicationFilterChain.java:290) [catalina-6.0.29.jar:6.0.29]
	at org.apache.catalina.core.ApplicationFilterChain.doFilter(ApplicationFilterChain.java:206) [catalina-6.0.29.jar:6.0.29]
	at com.opensymphony.sitemesh.webapp.SiteMeshFilter.obtainContent(SiteMeshFilter.java:129) [sitemesh-2.4.2.jar:na]
	at com.opensymphony.sitemesh.webapp.SiteMeshFilter.doFilter(SiteMeshFilter.java:77) [sitemesh-2.4.2.jar:na]
	at org.apache.catalina.core.ApplicationFilterChain.internalDoFilter(ApplicationFilterChain.java:235) [catalina-6.0.29.jar:6.0.29]
	at org.apache.catalina.core.ApplicationFilterChain.doFilter(ApplicationFilterChain.java:206) [catalina-6.0.29.jar:6.0.29]
	at org.apache.shiro.web.servlet.ProxiedFilterChain.doFilter(ProxiedFilterChain.java:61) [shiro-web-1.2.2.jar:1.2.2]
	at org.apache.shiro.web.servlet.AdviceFilter.executeChain(AdviceFilter.java:108) [shiro-web-1.2.2.jar:1.2.2]
	at org.apache.shiro.web.servlet.AdviceFilter.doFilterInternal(AdviceFilter.java:137) [shiro-web-1.2.2.jar:1.2.2]
	at org.apache.shiro.web.servlet.OncePerRequestFilter.doFilter(OncePerRequestFilter.java:125) [shiro-web-1.2.2.jar:1.2.2]
	at org.apache.shiro.web.servlet.ProxiedFilterChain.doFilter(ProxiedFilterChain.java:66) [shiro-web-1.2.2.jar:1.2.2]
	at org.apache.shiro.web.servlet.AbstractShiroFilter.executeChain(AbstractShiroFilter.java:449) [shiro-web-1.2.2.jar:1.2.2]
	at org.apache.shiro.web.servlet.AbstractShiroFilter$1.call(AbstractShiroFilter.java:365) [shiro-web-1.2.2.jar:1.2.2]
	at org.apache.shiro.subject.support.SubjectCallable.doCall(SubjectCallable.java:90) [shiro-core-1.2.2.jar:1.2.2]
	at org.apache.shiro.subject.support.SubjectCallable.call(SubjectCallable.java:83) [shiro-core-1.2.2.jar:1.2.2]
	at org.apache.shiro.subject.support.DelegatingSubject.execute(DelegatingSubject.java:383) [shiro-core-1.2.2.jar:1.2.2]
	at org.apache.shiro.web.servlet.AbstractShiroFilter.doFilterInternal(AbstractShiroFilter.java:362) [shiro-web-1.2.2.jar:1.2.2]
	at org.apache.shiro.web.servlet.OncePerRequestFilter.doFilter(OncePerRequestFilter.java:125) [shiro-web-1.2.2.jar:1.2.2]
	at org.springframework.web.filter.DelegatingFilterProxy.invokeDelegate(DelegatingFilterProxy.java:343) [spring-web-3.2.4.RELEASE.jar:3.2.4.RELEASE]
	at org.springframework.web.filter.DelegatingFilterProxy.doFilter(DelegatingFilterProxy.java:260) [spring-web-3.2.4.RELEASE.jar:3.2.4.RELEASE]
	at org.apache.catalina.core.ApplicationFilterChain.internalDoFilter(ApplicationFilterChain.java:235) [catalina-6.0.29.jar:6.0.29]
	at org.apache.catalina.core.ApplicationFilterChain.doFilter(ApplicationFilterChain.java:206) [catalina-6.0.29.jar:6.0.29]
	at org.springframework.orm.jpa.support.OpenEntityManagerInViewFilter.doFilterInternal(OpenEntityManagerInViewFilter.java:180) [spring-orm-3.2.4.RELEASE.jar:3.2.4.RELEASE]
	at org.springframework.web.filter.OncePerRequestFilter.doFilter(OncePerRequestFilter.java:107) [spring-web-3.2.4.RELEASE.jar:3.2.4.RELEASE]
	at org.apache.catalina.core.ApplicationFilterChain.internalDoFilter(ApplicationFilterChain.java:235) [catalina-6.0.29.jar:6.0.29]
	at org.apache.catalina.core.ApplicationFilterChain.doFilter(ApplicationFilterChain.java:206) [catalina-6.0.29.jar:6.0.29]
	at org.springframework.web.filter.CharacterEncodingFilter.doFilterInternal(CharacterEncodingFilter.java:88) [spring-web-3.2.4.RELEASE.jar:3.2.4.RELEASE]
	at org.springframework.web.filter.OncePerRequestFilter.doFilter(OncePerRequestFilter.java:107) [spring-web-3.2.4.RELEASE.jar:3.2.4.RELEASE]
	at org.apache.catalina.core.ApplicationFilterChain.internalDoFilter(ApplicationFilterChain.java:235) [catalina-6.0.29.jar:6.0.29]
	at org.apache.catalina.core.ApplicationFilterChain.doFilter(ApplicationFilterChain.java:206) [catalina-6.0.29.jar:6.0.29]
	at org.apache.catalina.core.StandardWrapperValve.invoke(StandardWrapperValve.java:233) [catalina-6.0.29.jar:6.0.29]
	at org.apache.catalina.core.StandardContextValve.invoke(StandardContextValve.java:191) [catalina-6.0.29.jar:6.0.29]
	at org.apache.catalina.core.StandardHostValve.invoke(StandardHostValve.java:127) [catalina-6.0.29.jar:6.0.29]
	at org.apache.catalina.valves.ErrorReportValve.invoke(ErrorReportValve.java:102) [catalina-6.0.29.jar:6.0.29]
	at org.apache.catalina.core.StandardEngineValve.invoke(StandardEngineValve.java:109) [catalina-6.0.29.jar:6.0.29]
	at org.apache.catalina.connector.CoyoteAdapter.service(CoyoteAdapter.java:298) [catalina-6.0.29.jar:6.0.29]
	at org.apache.coyote.http11.Http11Processor.process(Http11Processor.java:857) [coyote-6.0.29.jar:6.0.29]
	at org.apache.coyote.http11.Http11Protocol$Http11ConnectionHandler.process(Http11Protocol.java:588) [coyote-6.0.29.jar:6.0.29]
	at org.apache.tomcat.util.net.JIoEndpoint$Worker.run(JIoEndpoint.java:489) [coyote-6.0.29.jar:6.0.29]
	at java.lang.Thread.run(Thread.java:680) [na:1.6.0_45]
09:15:13.987 [http-8080-1] ERROR 500.jsp - org/apache/commons/fileupload/FileItemFactory
java.lang.NoClassDefFoundError: org/apache/commons/fileupload/FileItemFactory
	at java.lang.Class.getDeclaredConstructors0(Native Method) ~[na:1.6.0_45]
	at java.lang.Class.privateGetDeclaredConstructors(Class.java:2398) ~[na:1.6.0_45]
	at java.lang.Class.getDeclaredConstructors(Class.java:1838) ~[na:1.6.0_45]
	at org.springframework.beans.factory.annotation.AutowiredAnnotationBeanPostProcessor.determineCandidateConstructors(AutowiredAnnotationBeanPostProcessor.java:230) ~[spring-beans-3.2.4.RELEASE.jar:3.2.4.RELEASE]
	at org.springframework.beans.factory.support.AbstractAutowireCapableBeanFactory.determineConstructorsFromBeanPostProcessors(AbstractAutowireCapableBeanFactory.java:972) ~[spring-beans-3.2.4.RELEASE.jar:3.2.4.RELEASE]
	at org.springframework.beans.factory.support.AbstractAutowireCapableBeanFactory.createBeanInstance(AbstractAutowireCapableBeanFactory.java:945) ~[spring-beans-3.2.4.RELEASE.jar:3.2.4.RELEASE]
	at org.springframework.beans.factory.support.AbstractAutowireCapableBeanFactory.doCreateBean(AbstractAutowireCapableBeanFactory.java:487) ~[spring-beans-3.2.4.RELEASE.jar:3.2.4.RELEASE]
	at org.springframework.beans.factory.support.AbstractAutowireCapableBeanFactory.createBean(AbstractAutowireCapableBeanFactory.java:458) ~[spring-beans-3.2.4.RELEASE.jar:3.2.4.RELEASE]
	at org.springframework.beans.factory.support.AbstractBeanFactory$1.getObject(AbstractBeanFactory.java:295) ~[spring-beans-3.2.4.RELEASE.jar:3.2.4.RELEASE]
	at org.springframework.beans.factory.support.DefaultSingletonBeanRegistry.getSingleton(DefaultSingletonBeanRegistry.java:223) ~[spring-beans-3.2.4.RELEASE.jar:3.2.4.RELEASE]
	at org.springframework.beans.factory.support.AbstractBeanFactory.doGetBean(AbstractBeanFactory.java:292) ~[spring-beans-3.2.4.RELEASE.jar:3.2.4.RELEASE]
	at org.springframework.beans.factory.support.AbstractBeanFactory.getBean(AbstractBeanFactory.java:194) ~[spring-beans-3.2.4.RELEASE.jar:3.2.4.RELEASE]
	at org.springframework.beans.factory.support.DefaultListableBeanFactory.preInstantiateSingletons(DefaultListableBeanFactory.java:628) ~[spring-beans-3.2.4.RELEASE.jar:3.2.4.RELEASE]
	at org.springframework.context.support.AbstractApplicationContext.finishBeanFactoryInitialization(AbstractApplicationContext.java:932) ~[spring-context-3.2.4.RELEASE.jar:3.2.4.RELEASE]
	at org.springframework.context.support.AbstractApplicationContext.refresh(AbstractApplicationContext.java:479) ~[spring-context-3.2.4.RELEASE.jar:3.2.4.RELEASE]
	at org.springframework.web.servlet.FrameworkServlet.configureAndRefreshWebApplicationContext(FrameworkServlet.java:651) ~[spring-webmvc-3.2.4.RELEASE.jar:3.2.4.RELEASE]
	at org.springframework.web.servlet.FrameworkServlet.createWebApplicationContext(FrameworkServlet.java:599) ~[spring-webmvc-3.2.4.RELEASE.jar:3.2.4.RELEASE]
	at org.springframework.web.servlet.FrameworkServlet.createWebApplicationContext(FrameworkServlet.java:665) ~[spring-webmvc-3.2.4.RELEASE.jar:3.2.4.RELEASE]
	at org.springframework.web.servlet.FrameworkServlet.initWebApplicationContext(FrameworkServlet.java:518) ~[spring-webmvc-3.2.4.RELEASE.jar:3.2.4.RELEASE]
	at org.springframework.web.servlet.FrameworkServlet.initServletBean(FrameworkServlet.java:459) ~[spring-webmvc-3.2.4.RELEASE.jar:3.2.4.RELEASE]
	at org.springframework.web.servlet.HttpServletBean.init(HttpServletBean.java:136) ~[spring-webmvc-3.2.4.RELEASE.jar:3.2.4.RELEASE]
	at javax.servlet.GenericServlet.init(GenericServlet.java:212) ~[servlet-api-6.0.29.jar:2.5.MR2]
	at org.apache.catalina.core.StandardWrapper.loadServlet(StandardWrapper.java:1173) ~[catalina-6.0.29.jar:6.0.29]
	at org.apache.catalina.core.StandardWrapper.allocate(StandardWrapper.java:809) ~[catalina-6.0.29.jar:6.0.29]
	at org.apache.catalina.core.StandardWrapperValve.invoke(StandardWrapperValve.java:129) ~[catalina-6.0.29.jar:6.0.29]
	at org.apache.catalina.core.StandardContextValve.invoke(StandardContextValve.java:191) ~[catalina-6.0.29.jar:6.0.29]
	at org.apache.catalina.core.StandardHostValve.invoke(StandardHostValve.java:127) ~[catalina-6.0.29.jar:6.0.29]
	at org.apache.catalina.valves.ErrorReportValve.invoke(ErrorReportValve.java:102) [catalina-6.0.29.jar:6.0.29]
	at org.apache.catalina.core.StandardEngineValve.invoke(StandardEngineValve.java:109) [catalina-6.0.29.jar:6.0.29]
	at org.apache.catalina.connector.CoyoteAdapter.service(CoyoteAdapter.java:298) [catalina-6.0.29.jar:6.0.29]
	at org.apache.coyote.http11.Http11Processor.process(Http11Processor.java:857) [coyote-6.0.29.jar:6.0.29]
	at org.apache.coyote.http11.Http11Protocol$Http11ConnectionHandler.process(Http11Protocol.java:588) [coyote-6.0.29.jar:6.0.29]
	at org.apache.tomcat.util.net.JIoEndpoint$Worker.run(JIoEndpoint.java:489) [coyote-6.0.29.jar:6.0.29]
	at java.lang.Thread.run(Thread.java:680) [na:1.6.0_45]
Caused by: java.lang.ClassNotFoundException: org.apache.commons.fileupload.FileItemFactory
	at org.apache.catalina.loader.WebappClassLoader.loadClass(WebappClassLoader.java:1645) ~[catalina-6.0.29.jar:6.0.29]
	at org.apache.catalina.loader.WebappClassLoader.loadClass(WebappClassLoader.java:1491) ~[catalina-6.0.29.jar:6.0.29]
	... 34 common frames omitted
12:04:51.166 [http-8080-1] ERROR 500.jsp - null
java.lang.NullPointerException: null
	at com.brother.basic.web.account.ModuleController.create(ModuleController.java:49) ~[classes/:na]
	at sun.reflect.NativeMethodAccessorImpl.invoke0(Native Method) ~[na:1.6.0_45]
	at sun.reflect.NativeMethodAccessorImpl.invoke(NativeMethodAccessorImpl.java:39) ~[na:1.6.0_45]
	at sun.reflect.DelegatingMethodAccessorImpl.invoke(DelegatingMethodAccessorImpl.java:25) ~[na:1.6.0_45]
	at java.lang.reflect.Method.invoke(Method.java:597) ~[na:1.6.0_45]
	at org.springframework.web.method.support.InvocableHandlerMethod.invoke(InvocableHandlerMethod.java:219) ~[spring-web-3.2.4.RELEASE.jar:3.2.4.RELEASE]
	at org.springframework.web.method.support.InvocableHandlerMethod.invokeForRequest(InvocableHandlerMethod.java:132) ~[spring-web-3.2.4.RELEASE.jar:3.2.4.RELEASE]
	at org.springframework.web.servlet.mvc.method.annotation.ServletInvocableHandlerMethod.invokeAndHandle(ServletInvocableHandlerMethod.java:104) ~[spring-webmvc-3.2.4.RELEASE.jar:3.2.4.RELEASE]
	at org.springframework.web.servlet.mvc.method.annotation.RequestMappingHandlerAdapter.invokeHandleMethod(RequestMappingHandlerAdapter.java:745) ~[spring-webmvc-3.2.4.RELEASE.jar:3.2.4.RELEASE]
	at org.springframework.web.servlet.mvc.method.annotation.RequestMappingHandlerAdapter.handleInternal(RequestMappingHandlerAdapter.java:686) ~[spring-webmvc-3.2.4.RELEASE.jar:3.2.4.RELEASE]
	at org.springframework.web.servlet.mvc.method.AbstractHandlerMethodAdapter.handle(AbstractHandlerMethodAdapter.java:80) ~[spring-webmvc-3.2.4.RELEASE.jar:3.2.4.RELEASE]
	at org.springframework.web.servlet.DispatcherServlet.doDispatch(DispatcherServlet.java:925) [spring-webmvc-3.2.4.RELEASE.jar:3.2.4.RELEASE]
	at org.springframework.web.servlet.DispatcherServlet.doService(DispatcherServlet.java:856) [spring-webmvc-3.2.4.RELEASE.jar:3.2.4.RELEASE]
	at org.springframework.web.servlet.FrameworkServlet.processRequest(FrameworkServlet.java:936) [spring-webmvc-3.2.4.RELEASE.jar:3.2.4.RELEASE]
	at org.springframework.web.servlet.FrameworkServlet.doPost(FrameworkServlet.java:838) [spring-webmvc-3.2.4.RELEASE.jar:3.2.4.RELEASE]
	at javax.servlet.http.HttpServlet.service(HttpServlet.java:637) [servlet-api-6.0.29.jar:na]
	at org.springframework.web.servlet.FrameworkServlet.service(FrameworkServlet.java:812) [spring-webmvc-3.2.4.RELEASE.jar:3.2.4.RELEASE]
	at javax.servlet.http.HttpServlet.service(HttpServlet.java:717) [servlet-api-6.0.29.jar:na]
	at org.apache.catalina.core.ApplicationFilterChain.internalDoFilter(ApplicationFilterChain.java:290) [catalina-6.0.29.jar:6.0.29]
	at org.apache.catalina.core.ApplicationFilterChain.doFilter(ApplicationFilterChain.java:206) [catalina-6.0.29.jar:6.0.29]
	at com.opensymphony.sitemesh.webapp.SiteMeshFilter.obtainContent(SiteMeshFilter.java:129) [sitemesh-2.4.2.jar:na]
	at com.opensymphony.sitemesh.webapp.SiteMeshFilter.doFilter(SiteMeshFilter.java:77) [sitemesh-2.4.2.jar:na]
	at org.apache.catalina.core.ApplicationFilterChain.internalDoFilter(ApplicationFilterChain.java:235) [catalina-6.0.29.jar:6.0.29]
	at org.apache.catalina.core.ApplicationFilterChain.doFilter(ApplicationFilterChain.java:206) [catalina-6.0.29.jar:6.0.29]
	at org.apache.shiro.web.servlet.ProxiedFilterChain.doFilter(ProxiedFilterChain.java:61) [shiro-web-1.2.2.jar:1.2.2]
	at org.apache.shiro.web.servlet.AdviceFilter.executeChain(AdviceFilter.java:108) [shiro-web-1.2.2.jar:1.2.2]
	at org.apache.shiro.web.servlet.AdviceFilter.doFilterInternal(AdviceFilter.java:137) [shiro-web-1.2.2.jar:1.2.2]
	at org.apache.shiro.web.servlet.OncePerRequestFilter.doFilter(OncePerRequestFilter.java:125) [shiro-web-1.2.2.jar:1.2.2]
	at org.apache.shiro.web.servlet.ProxiedFilterChain.doFilter(ProxiedFilterChain.java:66) [shiro-web-1.2.2.jar:1.2.2]
	at org.apache.shiro.web.servlet.AbstractShiroFilter.executeChain(AbstractShiroFilter.java:449) [shiro-web-1.2.2.jar:1.2.2]
	at org.apache.shiro.web.servlet.AbstractShiroFilter$1.call(AbstractShiroFilter.java:365) [shiro-web-1.2.2.jar:1.2.2]
	at org.apache.shiro.subject.support.SubjectCallable.doCall(SubjectCallable.java:90) [shiro-core-1.2.2.jar:1.2.2]
	at org.apache.shiro.subject.support.SubjectCallable.call(SubjectCallable.java:83) [shiro-core-1.2.2.jar:1.2.2]
	at org.apache.shiro.subject.support.DelegatingSubject.execute(DelegatingSubject.java:383) [shiro-core-1.2.2.jar:1.2.2]
	at org.apache.shiro.web.servlet.AbstractShiroFilter.doFilterInternal(AbstractShiroFilter.java:362) [shiro-web-1.2.2.jar:1.2.2]
	at org.apache.shiro.web.servlet.OncePerRequestFilter.doFilter(OncePerRequestFilter.java:125) [shiro-web-1.2.2.jar:1.2.2]
	at org.springframework.web.filter.DelegatingFilterProxy.invokeDelegate(DelegatingFilterProxy.java:343) [spring-web-3.2.4.RELEASE.jar:3.2.4.RELEASE]
	at org.springframework.web.filter.DelegatingFilterProxy.doFilter(DelegatingFilterProxy.java:260) [spring-web-3.2.4.RELEASE.jar:3.2.4.RELEASE]
	at org.apache.catalina.core.ApplicationFilterChain.internalDoFilter(ApplicationFilterChain.java:235) [catalina-6.0.29.jar:6.0.29]
	at org.apache.catalina.core.ApplicationFilterChain.doFilter(ApplicationFilterChain.java:206) [catalina-6.0.29.jar:6.0.29]
	at org.springframework.orm.jpa.support.OpenEntityManagerInViewFilter.doFilterInternal(OpenEntityManagerInViewFilter.java:180) [spring-orm-3.2.4.RELEASE.jar:3.2.4.RELEASE]
	at org.springframework.web.filter.OncePerRequestFilter.doFilter(OncePerRequestFilter.java:107) [spring-web-3.2.4.RELEASE.jar:3.2.4.RELEASE]
	at org.apache.catalina.core.ApplicationFilterChain.internalDoFilter(ApplicationFilterChain.java:235) [catalina-6.0.29.jar:6.0.29]
	at org.apache.catalina.core.ApplicationFilterChain.doFilter(ApplicationFilterChain.java:206) [catalina-6.0.29.jar:6.0.29]
	at org.springframework.web.filter.CharacterEncodingFilter.doFilterInternal(CharacterEncodingFilter.java:88) [spring-web-3.2.4.RELEASE.jar:3.2.4.RELEASE]
	at org.springframework.web.filter.OncePerRequestFilter.doFilter(OncePerRequestFilter.java:107) [spring-web-3.2.4.RELEASE.jar:3.2.4.RELEASE]
	at org.apache.catalina.core.ApplicationFilterChain.internalDoFilter(ApplicationFilterChain.java:235) [catalina-6.0.29.jar:6.0.29]
	at org.apache.catalina.core.ApplicationFilterChain.doFilter(ApplicationFilterChain.java:206) [catalina-6.0.29.jar:6.0.29]
	at org.apache.catalina.core.StandardWrapperValve.invoke(StandardWrapperValve.java:233) [catalina-6.0.29.jar:6.0.29]
	at org.apache.catalina.core.StandardContextValve.invoke(StandardContextValve.java:191) [catalina-6.0.29.jar:6.0.29]
	at org.apache.catalina.core.StandardHostValve.invoke(StandardHostValve.java:127) [catalina-6.0.29.jar:6.0.29]
	at org.apache.catalina.valves.ErrorReportValve.invoke(ErrorReportValve.java:102) [catalina-6.0.29.jar:6.0.29]
	at org.apache.catalina.core.StandardEngineValve.invoke(StandardEngineValve.java:109) [catalina-6.0.29.jar:6.0.29]
	at org.apache.catalina.connector.CoyoteAdapter.service(CoyoteAdapter.java:298) [catalina-6.0.29.jar:6.0.29]
	at org.apache.coyote.http11.Http11Processor.process(Http11Processor.java:857) [coyote-6.0.29.jar:6.0.29]
	at org.apache.coyote.http11.Http11Protocol$Http11ConnectionHandler.process(Http11Protocol.java:588) [coyote-6.0.29.jar:6.0.29]
	at org.apache.tomcat.util.net.JIoEndpoint$Worker.run(JIoEndpoint.java:489) [coyote-6.0.29.jar:6.0.29]
	at java.lang.Thread.run(Thread.java:680) [na:1.6.0_45]
